<?xml version="1.0" encoding="UTF-8"?>
<coverage generated="1612470192837" clover="3.2.0">
  <project timestamp="1612470192837" name="All files">
    <metrics statements="840" coveredstatements="747" conditionals="177" coveredconditionals="126" methods="214" coveredmethods="173" elements="1231" coveredelements="1046" complexity="0" loc="840" ncloc="840" packages="31" files="77" classes="77"/>
    <package name="src.api">
      <metrics statements="4" coveredstatements="4" conditionals="2" coveredconditionals="2" methods="0" coveredmethods="0"/>
      <file name="config.ts" path="C:\Users\User\Desktop\app\PLCGenerator-GUI\src\api\config.ts">
        <metrics statements="1" coveredstatements="1" conditionals="2" coveredconditionals="2" methods="0" coveredmethods="0"/>
        <line num="2" count="5" type="cond" truecount="2" falsecount="0"/>
      </file>
      <file name="index.ts" path="C:\Users\User\Desktop\app\PLCGenerator-GUI\src\api\index.ts">
        <metrics statements="3" coveredstatements="3" conditionals="0" coveredconditionals="0" methods="0" coveredmethods="0"/>
        <line num="1" count="3" type="stmt"/>
        <line num="2" count="3" type="stmt"/>
        <line num="3" count="3" type="stmt"/>
      </file>
    </package>
    <package name="src.api.dashboard">
      <metrics statements="32" coveredstatements="31" conditionals="10" coveredconditionals="9" methods="11" coveredmethods="10"/>
      <file name="acceptParameter.ts" path="C:\Users\User\Desktop\app\PLCGenerator-GUI\src\api\dashboard\acceptParameter.ts">
        <metrics statements="23" coveredstatements="22" conditionals="10" coveredconditionals="9" methods="8" coveredmethods="7"/>
        <line num="1" count="5" type="stmt"/>
        <line num="2" count="5" type="stmt"/>
        <line num="5" count="5" type="stmt"/>
        <line num="6" count="4" type="cond" truecount="2" falsecount="0"/>
        <line num="7" count="2" type="stmt"/>
        <line num="9" count="2" type="stmt"/>
        <line num="12" count="5" type="stmt"/>
        <line num="13" count="4" type="stmt"/>
        <line num="14" count="16" type="stmt"/>
        <line num="15" count="16" type="cond" truecount="2" falsecount="0"/>
        <line num="17" count="8" type="stmt"/>
        <line num="18" count="8" type="stmt"/>
        <line num="21" count="8" type="stmt"/>
        <line num="22" count="8" type="stmt"/>
        <line num="26" count="5" type="stmt"/>
        <line num="27" count="28" type="cond" truecount="1" falsecount="1"/>
        <line num="29" count="28" type="cond" truecount="2" falsecount="0"/>
        <line num="34" count="5" type="stmt"/>
        <line num="37" count="2" type="stmt"/>
        <line num="39" count="2" type="stmt"/>
        <line num="50" count="5" type="stmt"/>
        <line num="54" count="2" type="stmt"/>
        <line num="66" count="0" type="stmt"/>
      </file>
      <file name="index.ts" path="C:\Users\User\Desktop\app\PLCGenerator-GUI\src\api\dashboard\index.ts">
        <metrics statements="2" coveredstatements="2" conditionals="0" coveredconditionals="0" methods="0" coveredmethods="0"/>
        <line num="1" count="4" type="stmt"/>
        <line num="2" count="4" type="stmt"/>
      </file>
      <file name="menu.ts" path="C:\Users\User\Desktop\app\PLCGenerator-GUI\src\api\dashboard\menu.ts">
        <metrics statements="7" coveredstatements="7" conditionals="0" coveredconditionals="0" methods="3" coveredmethods="3"/>
        <line num="1" count="4" type="stmt"/>
        <line num="2" count="4" type="stmt"/>
        <line num="6" count="4" type="stmt"/>
        <line num="7" count="1" type="stmt"/>
        <line num="15" count="1" type="stmt"/>
        <line num="18" count="4" type="stmt"/>
        <line num="19" count="1" type="stmt"/>
      </file>
    </package>
    <package name="src.api.home">
      <metrics statements="12" coveredstatements="11" conditionals="0" coveredconditionals="0" methods="8" coveredmethods="7"/>
      <file name="homeForm.ts" path="C:\Users\User\Desktop\app\PLCGenerator-GUI\src\api\home\homeForm.ts">
        <metrics statements="11" coveredstatements="10" conditionals="0" coveredconditionals="0" methods="8" coveredmethods="7"/>
        <line num="1" count="4" type="stmt"/>
        <line num="2" count="4" type="stmt"/>
        <line num="10" count="4" type="stmt"/>
        <line num="13" count="1" type="stmt"/>
        <line num="18" count="1" type="stmt"/>
        <line num="25" count="100" type="stmt"/>
        <line num="32" count="4" type="stmt"/>
        <line num="35" count="1" type="stmt"/>
        <line num="38" count="0" type="stmt"/>
        <line num="46" count="4" type="stmt"/>
        <line num="49" count="1" type="stmt"/>
      </file>
      <file name="index.ts" path="C:\Users\User\Desktop\app\PLCGenerator-GUI\src\api\home\index.ts">
        <metrics statements="1" coveredstatements="1" conditionals="0" coveredconditionals="0" methods="0" coveredmethods="0"/>
        <line num="1" count="4" type="stmt"/>
      </file>
    </package>
    <package name="src.components">
      <metrics statements="3" coveredstatements="3" conditionals="0" coveredconditionals="0" methods="0" coveredmethods="0"/>
      <file name="index.tsx" path="C:\Users\User\Desktop\app\PLCGenerator-GUI\src\components\index.tsx">
        <metrics statements="3" coveredstatements="3" conditionals="0" coveredconditionals="0" methods="0" coveredmethods="0"/>
        <line num="1" count="1" type="stmt"/>
        <line num="2" count="1" type="stmt"/>
        <line num="3" count="1" type="stmt"/>
      </file>
    </package>
    <package name="src.components.common">
      <metrics statements="17" coveredstatements="13" conditionals="2" coveredconditionals="0" methods="4" coveredmethods="3"/>
      <file name="Notification.tsx" path="C:\Users\User\Desktop\app\PLCGenerator-GUI\src\components\common\Notification.tsx">
        <metrics statements="16" coveredstatements="12" conditionals="2" coveredconditionals="0" methods="4" coveredmethods="3"/>
        <line num="1" count="5" type="stmt"/>
        <line num="2" count="5" type="stmt"/>
        <line num="3" count="5" type="stmt"/>
        <line num="6" count="5" type="stmt"/>
        <line num="8" count="5" type="stmt"/>
        <line num="9" count="11" type="stmt"/>
        <line num="12" count="23" type="stmt"/>
        <line num="23" count="5" type="stmt"/>
        <line num="26" count="196" type="stmt"/>
        <line num="27" count="49" type="stmt"/>
        <line num="29" count="49" type="stmt"/>
        <line num="33" count="0" type="cond" truecount="0" falsecount="2"/>
        <line num="34" count="0" type="stmt"/>
        <line num="37" count="0" type="stmt"/>
        <line num="38" count="0" type="stmt"/>
        <line num="41" count="49" type="stmt"/>
      </file>
      <file name="index.ts" path="C:\Users\User\Desktop\app\PLCGenerator-GUI\src\components\common\index.ts">
        <metrics statements="1" coveredstatements="1" conditionals="0" coveredconditionals="0" methods="0" coveredmethods="0"/>
        <line num="1" count="5" type="stmt"/>
      </file>
    </package>
    <package name="src.components.dashboard">
      <metrics statements="259" coveredstatements="237" conditionals="72" coveredconditionals="62" methods="78" coveredmethods="65"/>
      <file name="DashboardMenu.tsx" path="C:\Users\User\Desktop\app\PLCGenerator-GUI\src\components\dashboard\DashboardMenu.tsx">
        <metrics statements="42" coveredstatements="40" conditionals="10" coveredconditionals="10" methods="9" coveredmethods="7"/>
        <line num="1" count="3" type="stmt"/>
        <line num="2" count="3" type="stmt"/>
        <line num="3" count="3" type="stmt"/>
        <line num="4" count="3" type="stmt"/>
        <line num="5" count="3" type="stmt"/>
        <line num="6" count="3" type="stmt"/>
        <line num="7" count="3" type="stmt"/>
        <line num="8" count="3" type="stmt"/>
        <line num="9" count="3" type="stmt"/>
        <line num="10" count="3" type="stmt"/>
        <line num="11" count="3" type="stmt"/>
        <line num="12" count="3" type="stmt"/>
        <line num="15" count="3" type="stmt"/>
        <line num="19" count="31" type="stmt"/>
        <line num="32" count="3" type="stmt"/>
        <line num="34" count="3" type="stmt"/>
        <line num="42" count="124" type="stmt"/>
        <line num="43" count="31" type="stmt"/>
        <line num="44" count="31" type="stmt"/>
        <line num="45" count="31" type="stmt"/>
        <line num="46" count="31" type="stmt"/>
        <line num="50" count="31" type="stmt"/>
        <line num="51" count="7" type="cond" truecount="2" falsecount="0"/>
        <line num="52" count="7" type="cond" truecount="2" falsecount="0"/>
        <line num="53" count="2" type="cond" truecount="2" falsecount="0"/>
        <line num="54" count="1" type="stmt"/>
        <line num="56" count="1" type="stmt"/>
        <line num="59" count="7" type="cond" truecount="2" falsecount="0"/>
        <line num="60" count="7" type="cond" truecount="2" falsecount="0"/>
        <line num="61" count="7" type="stmt"/>
        <line num="64" count="31" type="stmt"/>
        <line num="65" count="8" type="stmt"/>
        <line num="68" count="31" type="stmt"/>
        <line num="69" count="0" type="stmt"/>
        <line num="72" count="31" type="stmt"/>
        <line num="73" count="0" type="stmt"/>
        <line num="76" count="31" type="stmt"/>
        <line num="77" count="1" type="stmt"/>
        <line num="78" count="1" type="stmt"/>
        <line num="81" count="31" type="stmt"/>
        <line num="127" count="124" type="stmt"/>
        <line num="130" count="7" type="stmt"/>
      </file>
      <file name="DashboardNavigation.tsx" path="C:\Users\User\Desktop\app\PLCGenerator-GUI\src\components\dashboard\DashboardNavigation.tsx">
        <metrics statements="46" coveredstatements="40" conditionals="0" coveredconditionals="0" methods="16" coveredmethods="10"/>
        <line num="1" count="3" type="stmt"/>
        <line num="2" count="3" type="stmt"/>
        <line num="3" count="3" type="stmt"/>
        <line num="4" count="3" type="stmt"/>
        <line num="5" count="3" type="stmt"/>
        <line num="6" count="3" type="stmt"/>
        <line num="7" count="3" type="stmt"/>
        <line num="8" count="3" type="stmt"/>
        <line num="9" count="3" type="stmt"/>
        <line num="11" count="3" type="stmt"/>
        <line num="12" count="3" type="stmt"/>
        <line num="17" count="3" type="stmt"/>
        <line num="19" count="3" type="stmt"/>
        <line num="24" count="3" type="stmt"/>
        <line num="34" count="6" type="stmt"/>
        <line num="50" count="3" type="stmt"/>
        <line num="53" count="20" type="stmt"/>
        <line num="54" count="10" type="stmt"/>
        <line num="55" count="10" type="stmt"/>
        <line num="56" count="10" type="stmt"/>
        <line num="57" count="10" type="stmt"/>
        <line num="58" count="10" type="stmt"/>
        <line num="59" count="10" type="stmt"/>
        <line num="60" count="10" type="stmt"/>
        <line num="62" count="10" type="stmt"/>
        <line num="66" count="2" type="stmt"/>
        <line num="69" count="10" type="stmt"/>
        <line num="70" count="1" type="stmt"/>
        <line num="72" count="1" type="stmt"/>
        <line num="73" count="1" type="stmt"/>
        <line num="76" count="1" type="stmt"/>
        <line num="77" count="1" type="stmt"/>
        <line num="81" count="0" type="stmt"/>
        <line num="82" count="1" type="stmt"/>
        <line num="85" count="10" type="stmt"/>
        <line num="86" count="1" type="stmt"/>
        <line num="88" count="1" type="stmt"/>
        <line num="90" count="0" type="stmt"/>
        <line num="93" count="10" type="stmt"/>
        <line num="94" count="1" type="stmt"/>
        <line num="98" count="0" type="stmt"/>
        <line num="99" count="0" type="stmt"/>
        <line num="102" count="0" type="stmt"/>
        <line num="106" count="0" type="stmt"/>
        <line num="109" count="10" type="stmt"/>
        <line num="111" count="10" type="stmt"/>
      </file>
      <file name="DashboardTable.tsx" path="C:\Users\User\Desktop\app\PLCGenerator-GUI\src\components\dashboard\DashboardTable.tsx">
        <metrics statements="16" coveredstatements="16" conditionals="0" coveredconditionals="0" methods="3" coveredmethods="3"/>
        <line num="1" count="3" type="stmt"/>
        <line num="2" count="3" type="stmt"/>
        <line num="3" count="3" type="stmt"/>
        <line num="5" count="3" type="stmt"/>
        <line num="7" count="3" type="stmt"/>
        <line num="9" count="3" type="stmt"/>
        <line num="10" count="3" type="stmt"/>
        <line num="11" count="3" type="stmt"/>
        <line num="13" count="3" type="stmt"/>
        <line num="67" count="3" type="stmt"/>
        <line num="75" count="3" type="stmt"/>
        <line num="76" count="1" type="stmt"/>
        <line num="77" count="1" type="stmt"/>
        <line num="78" count="1" type="stmt"/>
        <line num="80" count="1" type="stmt"/>
        <line num="87" count="3" type="stmt"/>
      </file>
      <file name="DashboardTree.tsx" path="C:\Users\User\Desktop\app\PLCGenerator-GUI\src\components\dashboard\DashboardTree.tsx">
        <metrics statements="46" coveredstatements="45" conditionals="18" coveredconditionals="15" methods="15" coveredmethods="14"/>
        <line num="1" count="3" type="stmt"/>
        <line num="2" count="3" type="stmt"/>
        <line num="3" count="3" type="stmt"/>
        <line num="4" count="3" type="stmt"/>
        <line num="5" count="3" type="stmt"/>
        <line num="6" count="3" type="stmt"/>
        <line num="8" count="3" type="stmt"/>
        <line num="9" count="3" type="stmt"/>
        <line num="15" count="3" type="stmt"/>
        <line num="16" count="3" type="stmt"/>
        <line num="31" count="3" type="stmt"/>
        <line num="46" count="3" type="stmt"/>
        <line num="48" count="76" type="stmt"/>
        <line num="49" count="76" type="stmt"/>
        <line num="50" count="76" type="stmt"/>
        <line num="51" count="76" type="stmt"/>
        <line num="52" count="76" type="stmt"/>
        <line num="53" count="76" type="stmt"/>
        <line num="54" count="76" type="stmt"/>
        <line num="55" count="76" type="stmt"/>
        <line num="56" count="76" type="stmt"/>
        <line num="58" count="76" type="stmt"/>
        <line num="59" count="23" type="stmt"/>
        <line num="62" count="76" type="stmt"/>
        <line num="63" count="25" type="stmt"/>
        <line num="66" count="76" type="stmt"/>
        <line num="69" count="2" type="stmt"/>
        <line num="72" count="76" type="stmt"/>
        <line num="73" count="17" type="cond" truecount="1" falsecount="1"/>
        <line num="74" count="17" type="stmt"/>
        <line num="76" count="0" type="stmt"/>
        <line num="80" count="76" type="stmt"/>
        <line num="84" count="25" type="stmt"/>
        <line num="90" count="1" type="stmt"/>
        <line num="95" count="25" type="stmt"/>
        <line num="102" count="76" type="stmt"/>
        <line num="106" count="975" type="stmt"/>
        <line num="107" count="975" type="stmt"/>
        <line num="109" count="975" type="stmt"/>
        <line num="116" count="17" type="stmt"/>
        <line num="119" count="17" type="stmt"/>
        <line num="132" count="950" type="stmt"/>
        <line num="139" count="76" type="stmt"/>
        <line num="144" count="76" type="stmt"/>
        <line num="149" count="76" type="stmt"/>
        <line num="173" count="3" type="stmt"/>
      </file>
      <file name="DashboardTreePanel.tsx" path="C:\Users\User\Desktop\app\PLCGenerator-GUI\src\components\dashboard\DashboardTreePanel.tsx">
        <metrics statements="37" coveredstatements="28" conditionals="8" coveredconditionals="8" methods="9" coveredmethods="5"/>
        <line num="1" count="3" type="stmt"/>
        <line num="2" count="3" type="stmt"/>
        <line num="3" count="3" type="stmt"/>
        <line num="4" count="3" type="stmt"/>
        <line num="5" count="3" type="stmt"/>
        <line num="6" count="3" type="stmt"/>
        <line num="7" count="3" type="stmt"/>
        <line num="9" count="3" type="stmt"/>
        <line num="14" count="3" type="stmt"/>
        <line num="29" count="23" type="stmt"/>
        <line num="37" count="3" type="stmt"/>
        <line num="43" count="32" type="stmt"/>
        <line num="44" count="32" type="stmt"/>
        <line num="46" count="0" type="stmt"/>
        <line num="47" count="0" type="stmt"/>
        <line num="49" count="32" type="stmt"/>
        <line num="52" count="3" type="stmt"/>
        <line num="55" count="84" type="stmt"/>
        <line num="56" count="84" type="stmt"/>
        <line num="57" count="84" type="stmt"/>
        <line num="58" count="84" type="stmt"/>
        <line num="60" count="84" type="cond" truecount="2" falsecount="0"/>
        <line num="62" count="33" type="cond" truecount="2" falsecount="0"/>
        <line num="63" count="1" type="stmt"/>
        <line num="65" count="32" type="stmt"/>
        <line num="66" count="32" type="stmt"/>
        <line num="70" count="32" type="stmt"/>
        <line num="71" count="0" type="stmt"/>
        <line num="73" count="0" type="stmt"/>
        <line num="74" count="0" type="stmt"/>
        <line num="76" count="0" type="stmt"/>
        <line num="82" count="0" type="stmt"/>
        <line num="85" count="0" type="stmt"/>
        <line num="86" count="0" type="stmt"/>
        <line num="90" count="32" type="stmt"/>
        <line num="101" count="53" type="stmt"/>
        <line num="138" count="3" type="stmt"/>
      </file>
      <file name="index.tsx" path="C:\Users\User\Desktop\app\PLCGenerator-GUI\src\components\dashboard\index.tsx">
        <metrics statements="6" coveredstatements="6" conditionals="0" coveredconditionals="0" methods="0" coveredmethods="0"/>
        <line num="1" count="2" type="stmt"/>
        <line num="2" count="2" type="stmt"/>
        <line num="3" count="2" type="stmt"/>
        <line num="4" count="2" type="stmt"/>
        <line num="5" count="2" type="stmt"/>
        <line num="6" count="2" type="stmt"/>
      </file>
      <file name="utils.ts" path="C:\Users\User\Desktop\app\PLCGenerator-GUI\src\components\dashboard\utils.ts">
        <metrics statements="66" coveredstatements="62" conditionals="36" coveredconditionals="29" methods="26" coveredmethods="26"/>
        <line num="6" count="17" type="stmt"/>
        <line num="11" count="3" type="stmt"/>
        <line num="15" count="920" type="stmt"/>
        <line num="16" count="920" type="stmt"/>
        <line num="18" count="897" type="stmt"/>
        <line num="21" count="920" type="stmt"/>
        <line num="24" count="400" type="stmt"/>
        <line num="25" count="400" type="stmt"/>
        <line num="27" count="475" type="cond" truecount="2" falsecount="0"/>
        <line num="28" count="425" type="stmt"/>
        <line num="30" count="50" type="stmt"/>
        <line num="34" count="375" type="cond" truecount="1" falsecount="1"/>
        <line num="35" count="375" type="stmt"/>
        <line num="37" count="0" type="stmt"/>
        <line num="43" count="350" type="stmt"/>
        <line num="44" count="350" type="stmt"/>
        <line num="45" count="350" type="cond" truecount="1" falsecount="1"/>
        <line num="46" count="350" type="stmt"/>
        <line num="48" count="0" type="stmt"/>
        <line num="53" count="325" type="stmt"/>
        <line num="54" count="325" type="stmt"/>
        <line num="55" count="325" type="cond" truecount="1" falsecount="1"/>
        <line num="56" count="325" type="cond" truecount="2" falsecount="0"/>
        <line num="58" count="0" type="stmt"/>
        <line num="66" count="950" type="stmt"/>
        <line num="67" count="950" type="stmt"/>
        <line num="70" count="3" type="stmt"/>
        <line num="74" count="975" type="stmt"/>
        <line num="77" count="3" type="stmt"/>
        <line num="83" count="975" type="cond" truecount="2" falsecount="0"/>
        <line num="84" count="950" type="cond" truecount="2" falsecount="0"/>
        <line num="85" count="400" type="cond" truecount="2" falsecount="0"/>
        <line num="86" count="350" type="cond" truecount="2" falsecount="0"/>
        <line num="87" count="325" type="cond" truecount="1" falsecount="1"/>
        <line num="88" count="0" type="stmt"/>
        <line num="91" count="3" type="stmt"/>
        <line num="95" count="6940" type="cond" truecount="2" falsecount="0"/>
        <line num="96" count="523" type="stmt"/>
        <line num="99" count="3" type="stmt"/>
        <line num="103" count="25" type="stmt"/>
        <line num="104" count="25" type="stmt"/>
        <line num="105" count="25" type="stmt"/>
        <line num="107" count="25" type="stmt"/>
        <line num="110" count="3" type="stmt"/>
        <line num="115" count="975" type="cond" truecount="2" falsecount="0"/>
        <line num="116" count="2" type="stmt"/>
        <line num="118" count="975" type="stmt"/>
        <line num="119" count="950" type="stmt"/>
        <line num="123" count="3" type="stmt"/>
        <line num="127" count="25" type="stmt"/>
        <line num="128" count="25" type="stmt"/>
        <line num="129" count="25" type="stmt"/>
        <line num="131" count="25" type="stmt"/>
        <line num="134" count="3" type="stmt"/>
        <line num="139" count="975" type="cond" truecount="2" falsecount="0"/>
        <line num="140" count="6" type="stmt"/>
        <line num="142" count="975" type="stmt"/>
        <line num="143" count="950" type="stmt"/>
        <line num="147" count="3" type="stmt"/>
        <line num="151" count="4990" type="cond" truecount="2" falsecount="0"/>
        <line num="152" count="6" type="stmt"/>
        <line num="154" count="4984" type="stmt"/>
        <line num="157" count="3" type="stmt"/>
        <line num="158" count="17" type="cond" truecount="2" falsecount="0"/>
        <line num="159" count="638" type="stmt"/>
        <line num="161" count="1" type="stmt"/>
      </file>
    </package>
    <package name="src.components.dashboard.context">
      <metrics statements="58" coveredstatements="47" conditionals="18" coveredconditionals="8" methods="11" coveredmethods="8"/>
      <file name="dashboardActions.ts" path="C:\Users\User\Desktop\app\PLCGenerator-GUI\src\components\dashboard\context\dashboardActions.ts">
        <metrics statements="15" coveredstatements="15" conditionals="0" coveredconditionals="0" methods="5" coveredmethods="4"/>
        <line num="12" count="7" type="stmt"/>
        <line num="13" count="7" type="stmt"/>
        <line num="14" count="7" type="stmt"/>
        <line num="15" count="7" type="stmt"/>
        <line num="16" count="7" type="stmt"/>
        <line num="17" count="7" type="stmt"/>
        <line num="19" count="7" type="stmt"/>
        <line num="21" count="1" type="stmt"/>
        <line num="26" count="7" type="stmt"/>
        <line num="29" count="1" type="stmt"/>
        <line num="35" count="7" type="stmt"/>
        <line num="37" count="1" type="stmt"/>
        <line num="42" count="7" type="stmt"/>
        <line num="44" count="26" type="stmt"/>
        <line num="49" count="7" type="stmt"/>
      </file>
      <file name="dashboardContext.tsx" path="C:\Users\User\Desktop\app\PLCGenerator-GUI\src\components\dashboard\context\dashboardContext.tsx">
        <metrics statements="21" coveredstatements="19" conditionals="6" coveredconditionals="4" methods="3" coveredmethods="3"/>
        <line num="1" count="6" type="stmt"/>
        <line num="2" count="6" type="stmt"/>
        <line num="9" count="6" type="stmt"/>
        <line num="12" count="6" type="stmt"/>
        <line num="16" count="6" type="stmt"/>
        <line num="23" count="6" type="stmt"/>
        <line num="24" count="65" type="stmt"/>
        <line num="25" count="65" type="cond" truecount="2" falsecount="0"/>
        <line num="27" count="65" type="stmt"/>
        <line num="32" count="65" type="stmt"/>
        <line num="41" count="6" type="stmt"/>
        <line num="42" count="118" type="stmt"/>
        <line num="43" count="118" type="cond" truecount="1" falsecount="1"/>
        <line num="44" count="0" type="stmt"/>
        <line num="48" count="118" type="stmt"/>
        <line num="51" count="6" type="stmt"/>
        <line num="52" count="284" type="stmt"/>
        <line num="53" count="284" type="cond" truecount="1" falsecount="1"/>
        <line num="54" count="0" type="stmt"/>
        <line num="58" count="284" type="stmt"/>
        <line num="61" count="6" type="stmt"/>
      </file>
      <file name="dashboardReducer.ts" path="C:\Users\User\Desktop\app\PLCGenerator-GUI\src\components\dashboard\context\dashboardReducer.ts">
        <metrics statements="19" coveredstatements="10" conditionals="12" coveredconditionals="4" methods="3" coveredmethods="1"/>
        <line num="1" count="7" type="stmt"/>
        <line num="16" count="7" type="stmt"/>
        <line num="20" count="0" type="cond" truecount="0" falsecount="2"/>
        <line num="21" count="0" type="stmt"/>
        <line num="24" count="0" type="stmt"/>
        <line num="26" count="0" type="stmt"/>
        <line num="31" count="7" type="stmt"/>
        <line num="35" count="29" type="stmt"/>
        <line num="37" count="1" type="stmt"/>
        <line num="40" count="1" type="stmt"/>
        <line num="44" count="1" type="stmt"/>
        <line num="46" count="1" type="stmt"/>
        <line num="52" count="1" type="stmt"/>
        <line num="55" count="26" type="stmt"/>
        <line num="58" count="0" type="cond" truecount="0" falsecount="2"/>
        <line num="60" count="0" type="stmt"/>
        <line num="61" count="0" type="stmt"/>
        <line num="62" count="0" type="stmt"/>
        <line num="65" count="0" type="stmt"/>
      </file>
      <file name="index.ts" path="C:\Users\User\Desktop\app\PLCGenerator-GUI\src\components\dashboard\context\index.ts">
        <metrics statements="3" coveredstatements="3" conditionals="0" coveredconditionals="0" methods="0" coveredmethods="0"/>
        <line num="1" count="6" type="stmt"/>
        <line num="2" count="6" type="stmt"/>
        <line num="3" count="6" type="stmt"/>
      </file>
    </package>
    <package name="src.components.dashboard.tree">
      <metrics statements="186" coveredstatements="166" conditionals="40" coveredconditionals="22" methods="36" coveredmethods="30"/>
      <file name="CardHeaderPanel.tsx" path="C:\Users\User\Desktop\app\PLCGenerator-GUI\src\components\dashboard\tree\CardHeaderPanel.tsx">
        <metrics statements="23" coveredstatements="20" conditionals="12" coveredconditionals="8" methods="3" coveredmethods="3"/>
        <line num="1" count="4" type="stmt"/>
        <line num="2" count="4" type="stmt"/>
        <line num="3" count="4" type="stmt"/>
        <line num="4" count="4" type="stmt"/>
        <line num="5" count="4" type="stmt"/>
        <line num="8" count="4" type="stmt"/>
        <line num="10" count="4" type="stmt"/>
        <line num="11" count="96" type="stmt"/>
        <line num="12" count="32" type="stmt"/>
        <line num="13" count="32" type="stmt"/>
        <line num="15" count="32" type="stmt"/>
        <line num="16" count="3" type="cond" truecount="1" falsecount="1"/>
        <line num="17" count="3" type="stmt"/>
        <line num="19" count="0" type="stmt"/>
        <line num="20" count="0" type="cond" truecount="0" falsecount="2"/>
        <line num="21" count="0" type="stmt"/>
        <line num="25" count="32" type="stmt"/>
        <line num="26" count="5" type="cond" truecount="2" falsecount="0"/>
        <line num="27" count="2" type="stmt"/>
        <line num="29" count="3" type="stmt"/>
        <line num="30" count="3" type="cond" truecount="1" falsecount="1"/>
        <line num="31" count="3" type="stmt"/>
        <line num="35" count="32" type="stmt"/>
      </file>
      <file name="CardSubmitPanel.tsx" path="C:\Users\User\Desktop\app\PLCGenerator-GUI\src\components\dashboard\tree\CardSubmitPanel.tsx">
        <metrics statements="18" coveredstatements="18" conditionals="0" coveredconditionals="0" methods="4" coveredmethods="4"/>
        <line num="1" count="4" type="stmt"/>
        <line num="2" count="4" type="stmt"/>
        <line num="3" count="4" type="stmt"/>
        <line num="4" count="4" type="stmt"/>
        <line num="5" count="4" type="stmt"/>
        <line num="6" count="4" type="stmt"/>
        <line num="7" count="4" type="stmt"/>
        <line num="11" count="4" type="stmt"/>
        <line num="14" count="39" type="stmt"/>
        <line num="15" count="39" type="stmt"/>
        <line num="16" count="39" type="stmt"/>
        <line num="17" count="39" type="stmt"/>
        <line num="18" count="39" type="stmt"/>
        <line num="20" count="39" type="stmt"/>
        <line num="21" count="3" type="stmt"/>
        <line num="23" count="2" type="stmt"/>
        <line num="27" count="1" type="stmt"/>
        <line num="30" count="39" type="stmt"/>
      </file>
      <file name="EmptyTreePanel.tsx" path="C:\Users\User\Desktop\app\PLCGenerator-GUI\src\components\dashboard\tree\EmptyTreePanel.tsx">
        <metrics statements="9" coveredstatements="9" conditionals="0" coveredconditionals="0" methods="1" coveredmethods="1"/>
        <line num="1" count="4" type="stmt"/>
        <line num="2" count="4" type="stmt"/>
        <line num="3" count="4" type="stmt"/>
        <line num="4" count="4" type="stmt"/>
        <line num="6" count="4" type="stmt"/>
        <line num="8" count="4" type="stmt"/>
        <line num="9" count="1" type="stmt"/>
        <line num="10" count="1" type="stmt"/>
        <line num="12" count="1" type="stmt"/>
      </file>
      <file name="ParameterArrayTableBody.tsx" path="C:\Users\User\Desktop\app\PLCGenerator-GUI\src\components\dashboard\tree\ParameterArrayTableBody.tsx">
        <metrics statements="46" coveredstatements="42" conditionals="12" coveredconditionals="8" methods="11" coveredmethods="10"/>
        <line num="1" count="4" type="stmt"/>
        <line num="2" count="4" type="stmt"/>
        <line num="3" count="4" type="stmt"/>
        <line num="4" count="4" type="stmt"/>
        <line num="5" count="4" type="stmt"/>
        <line num="6" count="4" type="stmt"/>
        <line num="7" count="4" type="stmt"/>
        <line num="8" count="4" type="stmt"/>
        <line num="9" count="4" type="stmt"/>
        <line num="10" count="4" type="stmt"/>
        <line num="12" count="4" type="stmt"/>
        <line num="14" count="4" type="stmt"/>
        <line num="15" count="4" type="stmt"/>
        <line num="16" count="4" type="stmt"/>
        <line num="17" count="4" type="stmt"/>
        <line num="29" count="4" type="stmt"/>
        <line num="32" count="320" type="stmt"/>
        <line num="33" count="80" type="stmt"/>
        <line num="34" count="80" type="stmt"/>
        <line num="35" count="80" type="stmt"/>
        <line num="36" count="80" type="stmt"/>
        <line num="37" count="80" type="stmt"/>
        <line num="42" count="80" type="stmt"/>
        <line num="43" count="50" type="cond" truecount="1" falsecount="1"/>
        <line num="44" count="0" type="stmt"/>
        <line num="48" count="80" type="stmt"/>
        <line num="49" count="62" type="cond" truecount="2" falsecount="0"/>
        <line num="52" count="62" type="stmt"/>
        <line num="53" count="35" type="cond" truecount="2" falsecount="0"/>
        <line num="58" count="1" type="stmt"/>
        <line num="61" count="1" type="stmt"/>
        <line num="62" count="1" type="stmt"/>
        <line num="67" count="126" type="stmt"/>
        <line num="71" count="0" type="cond" truecount="0" falsecount="2"/>
        <line num="72" count="0" type="stmt"/>
        <line num="74" count="0" type="stmt"/>
        <line num="78" count="80" type="stmt"/>
        <line num="81" count="27" type="stmt"/>
        <line num="84" count="80" type="stmt"/>
        <line num="85" count="1" type="cond" truecount="1" falsecount="1"/>
        <line num="86" count="1" type="stmt"/>
        <line num="90" count="1" type="stmt"/>
        <line num="94" count="4" type="stmt"/>
        <line num="96" count="1" type="stmt"/>
        <line num="100" count="80" type="stmt"/>
        <line num="140" count="160" type="stmt"/>
      </file>
      <file name="ParameterCreate.tsx" path="C:\Users\User\Desktop\app\PLCGenerator-GUI\src\components\dashboard\tree\ParameterCreate.tsx">
        <metrics statements="17" coveredstatements="17" conditionals="2" coveredconditionals="1" methods="3" coveredmethods="3"/>
        <line num="1" count="4" type="stmt"/>
        <line num="3" count="4" type="stmt"/>
        <line num="4" count="4" type="stmt"/>
        <line num="6" count="4" type="stmt"/>
        <line num="7" count="4" type="stmt"/>
        <line num="11" count="4" type="stmt"/>
        <line num="14" count="52" type="stmt"/>
        <line num="15" count="26" type="stmt"/>
        <line num="16" count="26" type="stmt"/>
        <line num="17" count="26" type="stmt"/>
        <line num="19" count="26" type="stmt"/>
        <line num="23" count="26" type="stmt"/>
        <line num="24" count="6" type="stmt"/>
        <line num="27" count="6" type="cond" truecount="1" falsecount="1"/>
        <line num="30" count="6" type="stmt"/>
        <line num="32" count="6" type="stmt"/>
        <line num="35" count="26" type="stmt"/>
      </file>
      <file name="ParameterSingleTableBody.tsx" path="C:\Users\User\Desktop\app\PLCGenerator-GUI\src\components\dashboard\tree\ParameterSingleTableBody.tsx">
        <metrics statements="32" coveredstatements="25" conditionals="6" coveredconditionals="2" methods="6" coveredmethods="3"/>
        <line num="1" count="4" type="stmt"/>
        <line num="2" count="4" type="stmt"/>
        <line num="3" count="4" type="stmt"/>
        <line num="4" count="4" type="stmt"/>
        <line num="5" count="4" type="stmt"/>
        <line num="6" count="4" type="stmt"/>
        <line num="7" count="4" type="stmt"/>
        <line num="8" count="4" type="stmt"/>
        <line num="9" count="4" type="stmt"/>
        <line num="12" count="4" type="stmt"/>
        <line num="13" count="4" type="stmt"/>
        <line num="14" count="4" type="stmt"/>
        <line num="15" count="4" type="stmt"/>
        <line num="22" count="4" type="stmt"/>
        <line num="25" count="18" type="stmt"/>
        <line num="26" count="6" type="stmt"/>
        <line num="27" count="6" type="stmt"/>
        <line num="28" count="6" type="stmt"/>
        <line num="29" count="6" type="stmt"/>
        <line num="34" count="6" type="stmt"/>
        <line num="35" count="6" type="cond" truecount="1" falsecount="1"/>
        <line num="39" count="0" type="stmt"/>
        <line num="42" count="0" type="stmt"/>
        <line num="43" count="0" type="stmt"/>
        <line num="47" count="6" type="stmt"/>
        <line num="51" count="0" type="cond" truecount="0" falsecount="2"/>
        <line num="52" count="0" type="stmt"/>
        <line num="54" count="0" type="stmt"/>
        <line num="58" count="6" type="stmt"/>
        <line num="61" count="0" type="stmt"/>
        <line num="65" count="6" type="stmt"/>
        <line num="67" count="6" type="stmt"/>
      </file>
      <file name="RootTreePanel.tsx" path="C:\Users\User\Desktop\app\PLCGenerator-GUI\src\components\dashboard\tree\RootTreePanel.tsx">
        <metrics statements="9" coveredstatements="9" conditionals="0" coveredconditionals="0" methods="1" coveredmethods="1"/>
        <line num="1" count="4" type="stmt"/>
        <line num="2" count="4" type="stmt"/>
        <line num="3" count="4" type="stmt"/>
        <line num="4" count="4" type="stmt"/>
        <line num="6" count="4" type="stmt"/>
        <line num="8" count="4" type="stmt"/>
        <line num="9" count="51" type="stmt"/>
        <line num="10" count="51" type="stmt"/>
        <line num="12" count="51" type="stmt"/>
      </file>
      <file name="index.ts" path="C:\Users\User\Desktop\app\PLCGenerator-GUI\src\components\dashboard\tree\index.ts">
        <metrics statements="11" coveredstatements="11" conditionals="0" coveredconditionals="0" methods="0" coveredmethods="0"/>
        <line num="1" count="4" type="stmt"/>
        <line num="2" count="4" type="stmt"/>
        <line num="3" count="4" type="stmt"/>
        <line num="4" count="4" type="stmt"/>
        <line num="5" count="4" type="stmt"/>
        <line num="6" count="4" type="stmt"/>
        <line num="7" count="4" type="stmt"/>
        <line num="8" count="4" type="stmt"/>
        <line num="9" count="4" type="stmt"/>
        <line num="10" count="4" type="stmt"/>
        <line num="11" count="4" type="stmt"/>
      </file>
      <file name="utils.ts" path="C:\Users\User\Desktop\app\PLCGenerator-GUI\src\components\dashboard\tree\utils.ts">
        <metrics statements="21" coveredstatements="15" conditionals="8" coveredconditionals="3" methods="7" coveredmethods="5"/>
        <line num="2" count="4" type="stmt"/>
        <line num="5" count="4" type="stmt"/>
        <line num="6" count="4" type="stmt"/>
        <line num="7" count="4" type="stmt"/>
        <line num="9" count="27" type="stmt"/>
        <line num="60" count="4" type="stmt"/>
        <line num="63" count="26" type="stmt"/>
        <line num="66" count="52" type="cond" truecount="2" falsecount="0"/>
        <line num="67" count="52" type="stmt"/>
        <line num="73" count="27" type="stmt"/>
        <line num="79" count="4" type="stmt"/>
        <line num="84" count="4" type="stmt"/>
        <line num="85" count="27" type="stmt"/>
        <line num="87" count="0" type="stmt"/>
        <line num="89" count="0" type="stmt"/>
        <line num="92" count="54" type="stmt"/>
        <line num="94" count="27" type="stmt"/>
        <line num="97" count="0" type="stmt"/>
        <line num="99" count="0" type="cond" truecount="0" falsecount="2"/>
        <line num="100" count="0" type="stmt"/>
        <line num="105" count="0" type="stmt"/>
      </file>
    </package>
    <package name="src.components.dashboard.tree.Inputs">
      <metrics statements="56" coveredstatements="54" conditionals="24" coveredconditionals="18" methods="12" coveredmethods="11"/>
      <file name="DashboardInput.tsx" path="C:\Users\User\Desktop\app\PLCGenerator-GUI\src\components\dashboard\tree\Inputs\DashboardInput.tsx">
        <metrics statements="13" coveredstatements="13" conditionals="2" coveredconditionals="1" methods="2" coveredmethods="2"/>
        <line num="1" count="4" type="stmt"/>
        <line num="2" count="4" type="stmt"/>
        <line num="3" count="4" type="stmt"/>
        <line num="4" count="4" type="stmt"/>
        <line num="6" count="4" type="stmt"/>
        <line num="9" count="4" type="stmt"/>
        <line num="13" count="4" type="stmt"/>
        <line num="20" count="34" type="cond" truecount="1" falsecount="1"/>
        <line num="21" count="136" type="stmt"/>
        <line num="22" count="34" type="stmt"/>
        <line num="23" count="34" type="stmt"/>
        <line num="24" count="34" type="stmt"/>
        <line num="26" count="34" type="stmt"/>
      </file>
      <file name="DashboardSelect.tsx" path="C:\Users\User\Desktop\app\PLCGenerator-GUI\src\components\dashboard\tree\Inputs\DashboardSelect.tsx">
        <metrics statements="17" coveredstatements="16" conditionals="8" coveredconditionals="6" methods="5" coveredmethods="4"/>
        <line num="1" count="4" type="stmt"/>
        <line num="2" count="4" type="stmt"/>
        <line num="3" count="4" type="stmt"/>
        <line num="4" count="4" type="stmt"/>
        <line num="6" count="4" type="stmt"/>
        <line num="9" count="4" type="stmt"/>
        <line num="16" count="132" type="cond" truecount="1" falsecount="1"/>
        <line num="17" count="528" type="stmt"/>
        <line num="18" count="132" type="stmt"/>
        <line num="20" count="132" type="stmt"/>
        <line num="21" count="1504" type="stmt"/>
        <line num="23" count="132" type="stmt"/>
        <line num="25" count="0" type="stmt"/>
        <line num="29" count="132" type="stmt"/>
        <line num="31" count="132" type="stmt"/>
        <line num="39" count="269" type="stmt"/>
        <line num="40" count="229" type="stmt"/>
      </file>
      <file name="TreeSearch.tsx" path="C:\Users\User\Desktop\app\PLCGenerator-GUI\src\components\dashboard\tree\Inputs\TreeSearch.tsx">
        <metrics statements="26" coveredstatements="25" conditionals="14" coveredconditionals="11" methods="5" coveredmethods="5"/>
        <line num="1" count="4" type="stmt"/>
        <line num="2" count="4" type="stmt"/>
        <line num="5" count="4" type="stmt"/>
        <line num="6" count="4" type="stmt"/>
        <line num="7" count="4" type="stmt"/>
        <line num="8" count="4" type="stmt"/>
        <line num="10" count="23" type="stmt"/>
        <line num="18" count="4" type="stmt"/>
        <line num="19" count="110" type="cond" truecount="2" falsecount="0"/>
        <line num="20" count="2" type="cond" truecount="1" falsecount="1"/>
        <line num="21" count="2" type="cond" truecount="3" falsecount="1"/>
        <line num="22" count="0" type="stmt"/>
        <line num="25" count="4" type="stmt"/>
        <line num="27" count="110" type="stmt"/>
        <line num="28" count="110" type="stmt"/>
        <line num="29" count="110" type="stmt"/>
        <line num="30" count="110" type="stmt"/>
        <line num="31" count="110" type="stmt"/>
        <line num="33" count="110" type="stmt"/>
        <line num="36" count="34" type="cond" truecount="2" falsecount="0"/>
        <line num="38" count="34" type="stmt"/>
        <line num="39" count="34" type="stmt"/>
        <line num="42" count="34" type="stmt"/>
        <line num="43" count="2" type="cond" truecount="1" falsecount="1"/>
        <line num="44" count="2" type="stmt"/>
        <line num="49" count="110" type="stmt"/>
      </file>
    </package>
    <package name="src.components.home">
      <metrics statements="39" coveredstatements="39" conditionals="7" coveredconditionals="5" methods="13" coveredmethods="13"/>
      <file name="HomeForm.tsx" path="C:\Users\User\Desktop\app\PLCGenerator-GUI\src\components\home\HomeForm.tsx">
        <metrics statements="37" coveredstatements="37" conditionals="7" coveredconditionals="5" methods="12" coveredmethods="12"/>
        <line num="1" count="2" type="stmt"/>
        <line num="2" count="2" type="stmt"/>
        <line num="3" count="2" type="stmt"/>
        <line num="4" count="2" type="stmt"/>
        <line num="5" count="2" type="stmt"/>
        <line num="6" count="2" type="stmt"/>
        <line num="7" count="2" type="stmt"/>
        <line num="8" count="2" type="stmt"/>
        <line num="9" count="2" type="stmt"/>
        <line num="10" count="2" type="stmt"/>
        <line num="11" count="2" type="stmt"/>
        <line num="12" count="2" type="stmt"/>
        <line num="13" count="2" type="stmt"/>
        <line num="14" count="2" type="stmt"/>
        <line num="17" count="2" type="stmt"/>
        <line num="19" count="6" type="stmt"/>
        <line num="41" count="2" type="stmt"/>
        <line num="47" count="2" type="stmt"/>
        <line num="48" count="78" type="cond" truecount="2" falsecount="0"/>
        <line num="51" count="2" type="stmt"/>
        <line num="52" count="6" type="stmt"/>
        <line num="53" count="6" type="stmt"/>
        <line num="54" count="6" type="stmt"/>
        <line num="56" count="156" type="stmt"/>
        <line num="59" count="4" type="stmt"/>
        <line num="61" count="4" type="cond" truecount="2" falsecount="1"/>
        <line num="62" count="4" type="cond" truecount="1" falsecount="1"/>
        <line num="63" count="4" type="stmt"/>
        <line num="64" count="4" type="stmt"/>
        <line num="68" count="6" type="stmt"/>
        <line num="74" count="78" type="stmt"/>
        <line num="90" count="78" type="stmt"/>
        <line num="113" count="49" type="stmt"/>
        <line num="121" count="1" type="stmt"/>
        <line num="134" count="78" type="stmt"/>
        <line num="159" count="2" type="stmt"/>
        <line num="167" count="1" type="stmt"/>
      </file>
      <file name="index.tsx" path="C:\Users\User\Desktop\app\PLCGenerator-GUI\src\components\home\index.tsx">
        <metrics statements="2" coveredstatements="2" conditionals="0" coveredconditionals="0" methods="1" coveredmethods="1"/>
        <line num="1" count="1" type="stmt"/>
        <line num="3" count="3" type="stmt"/>
      </file>
    </package>
    <package name="src.i18n">
      <metrics statements="5" coveredstatements="5" conditionals="0" coveredconditionals="0" methods="0" coveredmethods="0"/>
      <file name="i18n.ts" path="C:\Users\User\Desktop\app\PLCGenerator-GUI\src\i18n\i18n.ts">
        <metrics statements="5" coveredstatements="5" conditionals="0" coveredconditionals="0" methods="0" coveredmethods="0"/>
        <line num="1" count="11" type="stmt"/>
        <line num="2" count="11" type="stmt"/>
        <line num="4" count="11" type="stmt"/>
        <line num="6" count="11" type="stmt"/>
        <line num="18" count="11" type="stmt"/>
      </file>
    </package>
    <package name="src.i18n.resources">
      <metrics statements="5" coveredstatements="5" conditionals="0" coveredconditionals="0" methods="0" coveredmethods="0"/>
      <file name="index.ts" path="C:\Users\User\Desktop\app\PLCGenerator-GUI\src\i18n\resources\index.ts">
        <metrics statements="5" coveredstatements="5" conditionals="0" coveredconditionals="0" methods="0" coveredmethods="0"/>
        <line num="1" count="11" type="stmt"/>
        <line num="2" count="11" type="stmt"/>
        <line num="4" count="11" type="stmt"/>
        <line num="9" count="11" type="stmt"/>
        <line num="10" count="11" type="stmt"/>
      </file>
    </package>
    <package name="src.i18n.resources.en">
      <metrics statements="2" coveredstatements="2" conditionals="0" coveredconditionals="0" methods="0" coveredmethods="0"/>
      <file name="index.ts" path="C:\Users\User\Desktop\app\PLCGenerator-GUI\src\i18n\resources\en\index.ts">
        <metrics statements="2" coveredstatements="2" conditionals="0" coveredconditionals="0" methods="0" coveredmethods="0"/>
        <line num="1" count="11" type="stmt"/>
        <line num="3" count="11" type="stmt"/>
      </file>
    </package>
    <package name="src.i18n.resources.en.components">
      <metrics statements="4" coveredstatements="4" conditionals="0" coveredconditionals="0" methods="0" coveredmethods="0"/>
      <file name="index.ts" path="C:\Users\User\Desktop\app\PLCGenerator-GUI\src\i18n\resources\en\components\index.ts">
        <metrics statements="4" coveredstatements="4" conditionals="0" coveredconditionals="0" methods="0" coveredmethods="0"/>
        <line num="1" count="11" type="stmt"/>
        <line num="2" count="11" type="stmt"/>
        <line num="3" count="11" type="stmt"/>
        <line num="5" count="11" type="stmt"/>
      </file>
    </package>
    <package name="src.i18n.resources.en.components.dashboard">
      <metrics statements="11" coveredstatements="11" conditionals="0" coveredconditionals="0" methods="0" coveredmethods="0"/>
      <file name="dashboardMenu.ts" path="C:\Users\User\Desktop\app\PLCGenerator-GUI\src\i18n\resources\en\components\dashboard\dashboardMenu.ts">
        <metrics statements="1" coveredstatements="1" conditionals="0" coveredconditionals="0" methods="0" coveredmethods="0"/>
        <line num="1" count="11" type="stmt"/>
      </file>
      <file name="dashboardNavigation.ts" path="C:\Users\User\Desktop\app\PLCGenerator-GUI\src\i18n\resources\en\components\dashboard\dashboardNavigation.ts">
        <metrics statements="1" coveredstatements="1" conditionals="0" coveredconditionals="0" methods="0" coveredmethods="0"/>
        <line num="1" count="11" type="stmt"/>
      </file>
      <file name="dashboardSelect.ts" path="C:\Users\User\Desktop\app\PLCGenerator-GUI\src\i18n\resources\en\components\dashboard\dashboardSelect.ts">
        <metrics statements="1" coveredstatements="1" conditionals="0" coveredconditionals="0" methods="0" coveredmethods="0"/>
        <line num="1" count="11" type="stmt"/>
      </file>
      <file name="dashboardTable.ts" path="C:\Users\User\Desktop\app\PLCGenerator-GUI\src\i18n\resources\en\components\dashboard\dashboardTable.ts">
        <metrics statements="1" coveredstatements="1" conditionals="0" coveredconditionals="0" methods="0" coveredmethods="0"/>
        <line num="1" count="11" type="stmt"/>
      </file>
      <file name="dashboardTree.ts" path="C:\Users\User\Desktop\app\PLCGenerator-GUI\src\i18n\resources\en\components\dashboard\dashboardTree.ts">
        <metrics statements="1" coveredstatements="1" conditionals="0" coveredconditionals="0" methods="0" coveredmethods="0"/>
        <line num="1" count="11" type="stmt"/>
      </file>
      <file name="index.ts" path="C:\Users\User\Desktop\app\PLCGenerator-GUI\src\i18n\resources\en\components\dashboard\index.ts">
        <metrics statements="6" coveredstatements="6" conditionals="0" coveredconditionals="0" methods="0" coveredmethods="0"/>
        <line num="1" count="11" type="stmt"/>
        <line num="2" count="11" type="stmt"/>
        <line num="3" count="11" type="stmt"/>
        <line num="4" count="11" type="stmt"/>
        <line num="5" count="11" type="stmt"/>
        <line num="7" count="11" type="stmt"/>
      </file>
    </package>
    <package name="src.i18n.resources.en.components.home">
      <metrics statements="3" coveredstatements="3" conditionals="0" coveredconditionals="0" methods="0" coveredmethods="0"/>
      <file name="homeForm.ts" path="C:\Users\User\Desktop\app\PLCGenerator-GUI\src\i18n\resources\en\components\home\homeForm.ts">
        <metrics statements="1" coveredstatements="1" conditionals="0" coveredconditionals="0" methods="0" coveredmethods="0"/>
        <line num="1" count="11" type="stmt"/>
      </file>
      <file name="index.ts" path="C:\Users\User\Desktop\app\PLCGenerator-GUI\src\i18n\resources\en\components\home\index.ts">
        <metrics statements="2" coveredstatements="2" conditionals="0" coveredconditionals="0" methods="0" coveredmethods="0"/>
        <line num="1" count="11" type="stmt"/>
        <line num="3" count="11" type="stmt"/>
      </file>
    </package>
    <package name="src.i18n.resources.en.components.notification">
      <metrics statements="3" coveredstatements="3" conditionals="0" coveredconditionals="0" methods="0" coveredmethods="0"/>
      <file name="dashboard.ts" path="C:\Users\User\Desktop\app\PLCGenerator-GUI\src\i18n\resources\en\components\notification\dashboard.ts">
        <metrics statements="1" coveredstatements="1" conditionals="0" coveredconditionals="0" methods="0" coveredmethods="0"/>
        <line num="1" count="11" type="stmt"/>
      </file>
      <file name="index.ts" path="C:\Users\User\Desktop\app\PLCGenerator-GUI\src\i18n\resources\en\components\notification\index.ts">
        <metrics statements="2" coveredstatements="2" conditionals="0" coveredconditionals="0" methods="0" coveredmethods="0"/>
        <line num="1" count="11" type="stmt"/>
        <line num="3" count="11" type="stmt"/>
      </file>
    </package>
    <package name="src.i18n.resources.pl">
      <metrics statements="2" coveredstatements="2" conditionals="0" coveredconditionals="0" methods="0" coveredmethods="0"/>
      <file name="index.ts" path="C:\Users\User\Desktop\app\PLCGenerator-GUI\src\i18n\resources\pl\index.ts">
        <metrics statements="2" coveredstatements="2" conditionals="0" coveredconditionals="0" methods="0" coveredmethods="0"/>
        <line num="1" count="11" type="stmt"/>
        <line num="3" count="11" type="stmt"/>
      </file>
    </package>
    <package name="src.i18n.resources.pl.components">
      <metrics statements="4" coveredstatements="4" conditionals="0" coveredconditionals="0" methods="0" coveredmethods="0"/>
      <file name="index.ts" path="C:\Users\User\Desktop\app\PLCGenerator-GUI\src\i18n\resources\pl\components\index.ts">
        <metrics statements="4" coveredstatements="4" conditionals="0" coveredconditionals="0" methods="0" coveredmethods="0"/>
        <line num="1" count="11" type="stmt"/>
        <line num="2" count="11" type="stmt"/>
        <line num="3" count="11" type="stmt"/>
        <line num="5" count="11" type="stmt"/>
      </file>
    </package>
    <package name="src.i18n.resources.pl.components.dashboard">
      <metrics statements="11" coveredstatements="11" conditionals="0" coveredconditionals="0" methods="0" coveredmethods="0"/>
      <file name="dashboardMenu.ts" path="C:\Users\User\Desktop\app\PLCGenerator-GUI\src\i18n\resources\pl\components\dashboard\dashboardMenu.ts">
        <metrics statements="1" coveredstatements="1" conditionals="0" coveredconditionals="0" methods="0" coveredmethods="0"/>
        <line num="1" count="11" type="stmt"/>
      </file>
      <file name="dashboardNavigation.ts" path="C:\Users\User\Desktop\app\PLCGenerator-GUI\src\i18n\resources\pl\components\dashboard\dashboardNavigation.ts">
        <metrics statements="1" coveredstatements="1" conditionals="0" coveredconditionals="0" methods="0" coveredmethods="0"/>
        <line num="1" count="11" type="stmt"/>
      </file>
      <file name="dashboardSelect.ts" path="C:\Users\User\Desktop\app\PLCGenerator-GUI\src\i18n\resources\pl\components\dashboard\dashboardSelect.ts">
        <metrics statements="1" coveredstatements="1" conditionals="0" coveredconditionals="0" methods="0" coveredmethods="0"/>
        <line num="1" count="11" type="stmt"/>
      </file>
      <file name="dashboardTable.ts" path="C:\Users\User\Desktop\app\PLCGenerator-GUI\src\i18n\resources\pl\components\dashboard\dashboardTable.ts">
        <metrics statements="1" coveredstatements="1" conditionals="0" coveredconditionals="0" methods="0" coveredmethods="0"/>
        <line num="1" count="11" type="stmt"/>
      </file>
      <file name="dashboardTree.ts" path="C:\Users\User\Desktop\app\PLCGenerator-GUI\src\i18n\resources\pl\components\dashboard\dashboardTree.ts">
        <metrics statements="1" coveredstatements="1" conditionals="0" coveredconditionals="0" methods="0" coveredmethods="0"/>
        <line num="1" count="11" type="stmt"/>
      </file>
      <file name="index.ts" path="C:\Users\User\Desktop\app\PLCGenerator-GUI\src\i18n\resources\pl\components\dashboard\index.ts">
        <metrics statements="6" coveredstatements="6" conditionals="0" coveredconditionals="0" methods="0" coveredmethods="0"/>
        <line num="1" count="11" type="stmt"/>
        <line num="2" count="11" type="stmt"/>
        <line num="3" count="11" type="stmt"/>
        <line num="4" count="11" type="stmt"/>
        <line num="5" count="11" type="stmt"/>
        <line num="7" count="11" type="stmt"/>
      </file>
    </package>
    <package name="src.i18n.resources.pl.components.home">
      <metrics statements="3" coveredstatements="3" conditionals="0" coveredconditionals="0" methods="0" coveredmethods="0"/>
      <file name="homeForm.ts" path="C:\Users\User\Desktop\app\PLCGenerator-GUI\src\i18n\resources\pl\components\home\homeForm.ts">
        <metrics statements="1" coveredstatements="1" conditionals="0" coveredconditionals="0" methods="0" coveredmethods="0"/>
        <line num="1" count="11" type="stmt"/>
      </file>
      <file name="index.ts" path="C:\Users\User\Desktop\app\PLCGenerator-GUI\src\i18n\resources\pl\components\home\index.ts">
        <metrics statements="2" coveredstatements="2" conditionals="0" coveredconditionals="0" methods="0" coveredmethods="0"/>
        <line num="1" count="11" type="stmt"/>
        <line num="3" count="11" type="stmt"/>
      </file>
    </package>
    <package name="src.i18n.resources.pl.components.notification">
      <metrics statements="3" coveredstatements="3" conditionals="0" coveredconditionals="0" methods="0" coveredmethods="0"/>
      <file name="dashboard.ts" path="C:\Users\User\Desktop\app\PLCGenerator-GUI\src\i18n\resources\pl\components\notification\dashboard.ts">
        <metrics statements="1" coveredstatements="1" conditionals="0" coveredconditionals="0" methods="0" coveredmethods="0"/>
        <line num="1" count="11" type="stmt"/>
      </file>
      <file name="index.ts" path="C:\Users\User\Desktop\app\PLCGenerator-GUI\src\i18n\resources\pl\components\notification\index.ts">
        <metrics statements="2" coveredstatements="2" conditionals="0" coveredconditionals="0" methods="0" coveredmethods="0"/>
        <line num="1" count="11" type="stmt"/>
        <line num="3" count="11" type="stmt"/>
      </file>
    </package>
    <package name="src.pages">
      <metrics statements="21" coveredstatements="21" conditionals="0" coveredconditionals="0" methods="6" coveredmethods="6"/>
      <file name="Home.tsx" path="C:\Users\User\Desktop\app\PLCGenerator-GUI\src\pages\Home.tsx">
        <metrics statements="21" coveredstatements="21" conditionals="0" coveredconditionals="0" methods="6" coveredmethods="6"/>
        <line num="1" count="1" type="stmt"/>
        <line num="2" count="1" type="stmt"/>
        <line num="3" count="1" type="stmt"/>
        <line num="5" count="1" type="stmt"/>
        <line num="10" count="1" type="stmt"/>
        <line num="11" count="1" type="stmt"/>
        <line num="19" count="2" type="stmt"/>
        <line num="26" count="1" type="stmt"/>
        <line num="27" count="2" type="stmt"/>
        <line num="28" count="2" type="stmt"/>
        <line num="29" count="2" type="stmt"/>
        <line num="31" count="2" type="stmt"/>
        <line num="35" count="1" type="stmt"/>
        <line num="37" count="1" type="stmt"/>
        <line num="39" count="1" type="stmt"/>
        <line num="40" count="1" type="stmt"/>
        <line num="41" count="1" type="stmt"/>
        <line num="42" count="1" type="stmt"/>
        <line num="43" count="1" type="stmt"/>
        <line num="47" count="2" type="stmt"/>
        <line num="54" count="1" type="stmt"/>
      </file>
    </package>
    <package name="src.services">
      <metrics statements="2" coveredstatements="2" conditionals="0" coveredconditionals="0" methods="0" coveredmethods="0"/>
      <file name="index.ts" path="C:\Users\User\Desktop\app\PLCGenerator-GUI\src\services\index.ts">
        <metrics statements="2" coveredstatements="2" conditionals="0" coveredconditionals="0" methods="0" coveredmethods="0"/>
        <line num="1" count="5" type="stmt"/>
        <line num="2" count="5" type="stmt"/>
      </file>
    </package>
    <package name="src.services.electron">
      <metrics statements="53" coveredstatements="21" conditionals="2" coveredconditionals="0" methods="18" coveredmethods="3"/>
      <file name="dashboard.ts" path="C:\Users\User\Desktop\app\PLCGenerator-GUI\src\services\electron\dashboard.ts">
        <metrics statements="43" coveredstatements="17" conditionals="2" coveredconditionals="0" methods="15" coveredmethods="3"/>
        <line num="1" count="5" type="stmt"/>
        <line num="2" count="5" type="stmt"/>
        <line num="3" count="5" type="stmt"/>
        <line num="4" count="5" type="stmt"/>
        <line num="8" count="5" type="stmt"/>
        <line num="9" count="1" type="stmt"/>
        <line num="16" count="5" type="stmt"/>
        <line num="17" count="1" type="stmt"/>
        <line num="18" count="1" type="stmt"/>
        <line num="19" count="1" type="stmt"/>
        <line num="20" count="1" type="stmt"/>
        <line num="21" count="1" type="stmt"/>
        <line num="23" count="0" type="stmt"/>
        <line num="24" count="0" type="stmt"/>
        <line num="29" count="5" type="stmt"/>
        <line num="30" count="0" type="stmt"/>
        <line num="31" count="0" type="stmt"/>
        <line num="32" count="0" type="stmt"/>
        <line num="33" count="0" type="stmt"/>
        <line num="35" count="0" type="stmt"/>
        <line num="36" count="0" type="stmt"/>
        <line num="41" count="5" type="stmt"/>
        <line num="42" count="0" type="stmt"/>
        <line num="44" count="0" type="stmt"/>
        <line num="47" count="5" type="stmt"/>
        <line num="48" count="0" type="stmt"/>
        <line num="52" count="0" type="stmt"/>
        <line num="55" count="5" type="stmt"/>
        <line num="56" count="0" type="stmt"/>
        <line num="59" count="5" type="stmt"/>
        <line num="60" count="0" type="stmt"/>
        <line num="61" count="0" type="cond" truecount="0" falsecount="2"/>
        <line num="62" count="0" type="stmt"/>
        <line num="64" count="0" type="stmt"/>
        <line num="68" count="0" type="stmt"/>
        <line num="69" count="0" type="stmt"/>
        <line num="72" count="0" type="stmt"/>
        <line num="73" count="0" type="stmt"/>
        <line num="76" count="0" type="stmt"/>
        <line num="77" count="0" type="stmt"/>
        <line num="80" count="0" type="stmt"/>
        <line num="81" count="0" type="stmt"/>
        <line num="82" count="0" type="stmt"/>
      </file>
      <file name="index.ts" path="C:\Users\User\Desktop\app\PLCGenerator-GUI\src\services\electron\index.ts">
        <metrics statements="2" coveredstatements="2" conditionals="0" coveredconditionals="0" methods="0" coveredmethods="0"/>
        <line num="1" count="4" type="stmt"/>
        <line num="2" count="4" type="stmt"/>
      </file>
      <file name="initial.ts" path="C:\Users\User\Desktop\app\PLCGenerator-GUI\src\services\electron\initial.ts">
        <metrics statements="8" coveredstatements="2" conditionals="0" coveredconditionals="0" methods="3" coveredmethods="0"/>
        <line num="1" count="4" type="stmt"/>
        <line num="3" count="4" type="stmt"/>
        <line num="4" count="0" type="stmt"/>
        <line num="10" count="0" type="stmt"/>
        <line num="11" count="0" type="stmt"/>
        <line num="14" count="0" type="stmt"/>
        <line num="15" count="0" type="stmt"/>
        <line num="18" count="0" type="stmt"/>
      </file>
    </package>
    <package name="src.services.errorHandling">
      <metrics statements="12" coveredstatements="12" conditionals="0" coveredconditionals="0" methods="6" coveredmethods="6"/>
      <file name="index.ts" path="C:\Users\User\Desktop\app\PLCGenerator-GUI\src\services\errorHandling\index.ts">
        <metrics statements="1" coveredstatements="1" conditionals="0" coveredconditionals="0" methods="0" coveredmethods="0"/>
        <line num="1" count="5" type="stmt"/>
      </file>
      <file name="request.ts" path="C:\Users\User\Desktop\app\PLCGenerator-GUI\src\services\errorHandling\request.ts">
        <metrics statements="11" coveredstatements="11" conditionals="0" coveredconditionals="0" methods="6" coveredmethods="6"/>
        <line num="3" count="6" type="stmt"/>
        <line num="4" count="1" type="stmt"/>
        <line num="7" count="6" type="stmt"/>
        <line num="8" count="3" type="stmt"/>
        <line num="10" count="3" type="stmt"/>
        <line num="11" count="5" type="stmt"/>
        <line num="12" count="5" type="stmt"/>
        <line num="16" count="6" type="stmt"/>
        <line num="17" count="5" type="stmt"/>
        <line num="18" count="5" type="stmt"/>
        <line num="19" count="12" type="stmt"/>
      </file>
    </package>
    <package name="tests">
      <metrics statements="12" coveredstatements="12" conditionals="0" coveredconditionals="0" methods="6" coveredmethods="6"/>
      <file name="handlers.ts" path="C:\Users\User\Desktop\app\PLCGenerator-GUI\tests\handlers.ts">
        <metrics statements="9" coveredstatements="9" conditionals="0" coveredconditionals="0" methods="6" coveredmethods="6"/>
        <line num="1" count="11" type="stmt"/>
        <line num="2" count="11" type="stmt"/>
        <line num="8" count="11" type="stmt"/>
        <line num="10" count="1" type="stmt"/>
        <line num="13" count="1" type="stmt"/>
        <line num="16" count="2" type="stmt"/>
        <line num="19" count="2" type="stmt"/>
        <line num="22" count="1" type="stmt"/>
        <line num="25" count="1" type="stmt"/>
      </file>
      <file name="server.ts" path="C:\Users\User\Desktop\app\PLCGenerator-GUI\tests\server.ts">
        <metrics statements="3" coveredstatements="3" conditionals="0" coveredconditionals="0" methods="0" coveredmethods="0"/>
        <line num="1" count="11" type="stmt"/>
        <line num="2" count="11" type="stmt"/>
        <line num="4" count="11" type="stmt"/>
      </file>
    </package>
    <package name="tests.responses">
      <metrics statements="3" coveredstatements="3" conditionals="0" coveredconditionals="0" methods="0" coveredmethods="0"/>
      <file name="index.ts" path="C:\Users\User\Desktop\app\PLCGenerator-GUI\tests\responses\index.ts">
        <metrics statements="3" coveredstatements="3" conditionals="0" coveredconditionals="0" methods="0" coveredmethods="0"/>
        <line num="1" count="11" type="stmt"/>
        <line num="2" count="11" type="stmt"/>
        <line num="3" count="11" type="stmt"/>
      </file>
    </package>
    <package name="tests.responses.Errors">
      <metrics statements="3" coveredstatements="3" conditionals="0" coveredconditionals="0" methods="0" coveredmethods="0"/>
      <file name="acceptParameter.ts" path="C:\Users\User\Desktop\app\PLCGenerator-GUI\tests\responses\Errors\acceptParameter.ts">
        <metrics statements="2" coveredstatements="2" conditionals="0" coveredconditionals="0" methods="0" coveredmethods="0"/>
        <line num="3" count="11" type="stmt"/>
        <line num="17" count="11" type="stmt"/>
      </file>
      <file name="index.ts" path="C:\Users\User\Desktop\app\PLCGenerator-GUI\tests\responses\Errors\index.ts">
        <metrics statements="1" coveredstatements="1" conditionals="0" coveredconditionals="0" methods="0" coveredmethods="0"/>
        <line num="1" count="11" type="stmt"/>
      </file>
    </package>
    <package name="tests.responses.Export">
      <metrics statements="2" coveredstatements="2" conditionals="0" coveredconditionals="0" methods="0" coveredmethods="0"/>
      <file name="generateAndExport.ts" path="C:\Users\User\Desktop\app\PLCGenerator-GUI\tests\responses\Export\generateAndExport.ts">
        <metrics statements="1" coveredstatements="1" conditionals="0" coveredconditionals="0" methods="0" coveredmethods="0"/>
        <line num="1" count="11" type="stmt"/>
      </file>
      <file name="index.ts" path="C:\Users\User\Desktop\app\PLCGenerator-GUI\tests\responses\Export\index.ts">
        <metrics statements="1" coveredstatements="1" conditionals="0" coveredconditionals="0" methods="0" coveredmethods="0"/>
        <line num="1" count="11" type="stmt"/>
      </file>
    </package>
    <package name="tests.responses.Home">
      <metrics statements="10" coveredstatements="10" conditionals="0" coveredconditionals="0" methods="5" coveredmethods="5"/>
      <file name="homeFormSubmit.ts" path="C:\Users\User\Desktop\app\PLCGenerator-GUI\tests\responses\Home\homeFormSubmit.ts">
        <metrics statements="5" coveredstatements="5" conditionals="0" coveredconditionals="0" methods="1" coveredmethods="1"/>
        <line num="6" count="11" type="stmt"/>
        <line num="1647" count="11" type="stmt"/>
        <line num="2286" count="11" type="stmt"/>
        <line num="3289" count="11" type="stmt"/>
        <line num="3290" count="1100" type="stmt"/>
      </file>
      <file name="index.ts" path="C:\Users\User\Desktop\app\PLCGenerator-GUI\tests\responses\Home\index.ts">
        <metrics statements="5" coveredstatements="5" conditionals="0" coveredconditionals="0" methods="4" coveredmethods="4"/>
        <line num="1" count="11" type="stmt"/>
        <line num="2" count="12" type="stmt"/>
        <line num="3" count="13" type="stmt"/>
        <line num="4" count="12" type="stmt"/>
        <line num="5" count="38" type="stmt"/>
      </file>
    </package>
  </project>
</coverage>
