{"C:\\Users\\User\\Desktop\\app\\PLCGenerator-GUI\\src\\api\\config.ts": {"path":"C:\\Users\\User\\Desktop\\app\\PLCGenerator-GUI\\src\\api\\config.ts","statementMap":{"0":{"start":{"line":2,"column":13},"end":{"line":2,"column":60}}},"fnMap":{},"branchMap":{"0":{"loc":{"start":{"line":2,"column":18},"end":{"line":2,"column":32}},"type":"binary-expr","locations":[{"start":{"line":2,"column":18},"end":{"line":2,"column":32}},{"start":{"line":2,"column":36},"end":{"line":2,"column":59}}]}},"s":{"0":5},"f":{},"b":{"0":[5,5]}}
,"C:\\Users\\User\\Desktop\\app\\PLCGenerator-GUI\\src\\api\\index.ts": {"path":"C:\\Users\\User\\Desktop\\app\\PLCGenerator-GUI\\src\\api\\index.ts","statementMap":{"0":{"start":{"line":1,"column":0},"end":{"line":1,"column":23}},"1":{"start":{"line":2,"column":0},"end":{"line":2,"column":28}},"2":{"start":{"line":3,"column":0},"end":{"line":3,"column":25}}},"fnMap":{},"branchMap":{},"s":{"0":3,"1":3,"2":3},"f":{},"b":{}}
,"C:\\Users\\User\\Desktop\\app\\PLCGenerator-GUI\\src\\api\\dashboard\\acceptParameter.ts": {"path":"C:\\Users\\User\\Desktop\\app\\PLCGenerator-GUI\\src\\api\\dashboard\\acceptParameter.ts","statementMap":{"0":{"start":{"line":1,"column":0},"end":{"line":1,"column":26}},"1":{"start":{"line":2,"column":0},"end":{"line":2,"column":33}},"2":{"start":{"line":5,"column":19},"end":{"line":10,"column":1}},"3":{"start":{"line":6,"column":2},"end":{"line":8,"column":null}},"4":{"start":{"line":7,"column":4},"end":{"line":7,"column":39}},"5":{"start":{"line":9,"column":2},"end":{"line":9,"column":33}},"6":{"start":{"line":12,"column":25},"end":{"line":24,"column":1}},"7":{"start":{"line":13,"column":2},"end":{"line":23,"column":9}},"8":{"start":{"line":14,"column":20},"end":{"line":14,"column":29}},"9":{"start":{"line":15,"column":4},"end":{"line":19,"column":null}},"10":{"start":{"line":17,"column":6},"end":{"line":17,"column":53}},"11":{"start":{"line":18,"column":6},"end":{"line":18,"column":17}},"12":{"start":{"line":21,"column":4},"end":{"line":21,"column":47}},"13":{"start":{"line":22,"column":4},"end":{"line":22,"column":15}},"14":{"start":{"line":26,"column":32},"end":{"line":32,"column":1}},"15":{"start":{"line":27,"column":2},"end":{"line":27,"column":56}},"16":{"start":{"line":27,"column":41},"end":{"line":27,"column":56}},"17":{"start":{"line":29,"column":2},"end":{"line":31,"column":14}},"18":{"start":{"line":34,"column":13},"end":{"line":48,"column":2}},"19":{"start":{"line":37,"column":2},"end":{"line":47,"column":4}},"20":{"start":{"line":39,"column":40},"end":{"line":43,"column":7}},"21":{"start":{"line":50,"column":13},"end":{"line":67,"column":2}},"22":{"start":{"line":54,"column":2},"end":{"line":66,"column":29}},"23":{"start":{"line":66,"column":19},"end":{"line":66,"column":28}}},"fnMap":{"0":{"name":"(anonymous_1)","decl":{"start":{"line":5,"column":19},"end":{"line":5,"column":20}},"loc":{"start":{"line":5,"column":38},"end":{"line":10,"column":1}}},"1":{"name":"(anonymous_2)","decl":{"start":{"line":12,"column":25},"end":{"line":12,"column":26}},"loc":{"start":{"line":12,"column":36},"end":{"line":24,"column":1}}},"2":{"name":"(anonymous_3)","decl":{"start":{"line":13,"column":35},"end":{"line":13,"column":36}},"loc":{"start":{"line":13,"column":43},"end":{"line":23,"column":3}}},"3":{"name":"(anonymous_4)","decl":{"start":{"line":26,"column":32},"end":{"line":26,"column":33}},"loc":{"start":{"line":26,"column":48},"end":{"line":32,"column":1}}},"4":{"name":"(anonymous_5)","decl":{"start":{"line":34,"column":36},"end":{"line":34,"column":null}},"loc":{"start":{"line":35,"column":28},"end":{"line":48,"column":1}}},"5":{"name":"(anonymous_6)","decl":{"start":{"line":39,"column":32},"end":{"line":39,"column":33}},"loc":{"start":{"line":39,"column":35},"end":{"line":39,"column":41}}},"6":{"name":"(anonymous_7)","decl":{"start":{"line":50,"column":37},"end":{"line":50,"column":null}},"loc":{"start":{"line":52,"column":15},"end":{"line":67,"column":1}}},"7":{"name":"(anonymous_8)","decl":{"start":{"line":66,"column":10},"end":{"line":66,"column":11}},"loc":{"start":{"line":66,"column":14},"end":{"line":66,"column":22}}}},"branchMap":{"0":{"loc":{"start":{"line":6,"column":2},"end":{"line":8,"column":null}},"type":"if","locations":[{"start":{"line":6,"column":2},"end":{"line":8,"column":null}},{"start":{"line":6,"column":2},"end":{"line":8,"column":null}}]},"1":{"loc":{"start":{"line":15,"column":4},"end":{"line":19,"column":null}},"type":"if","locations":[{"start":{"line":15,"column":4},"end":{"line":19,"column":null}},{"start":{"line":15,"column":4},"end":{"line":19,"column":null}}]},"2":{"loc":{"start":{"line":27,"column":2},"end":{"line":27,"column":56}},"type":"if","locations":[{"start":{"line":27,"column":2},"end":{"line":27,"column":56}},{"start":{"line":27,"column":2},"end":{"line":27,"column":56}}]},"3":{"loc":{"start":{"line":30,"column":6},"end":{"line":30,"column":23}},"type":"cond-expr","locations":[{"start":{"line":30,"column":6},"end":{"line":30,"column":23}},{"start":{"line":31,"column":6},"end":{"line":31,"column":13}}]},"4":{"loc":{"start":{"line":29,"column":9},"end":{"line":29,"column":25}},"type":"binary-expr","locations":[{"start":{"line":29,"column":9},"end":{"line":29,"column":25}},{"start":{"line":29,"column":29},"end":{"line":29,"column":62}}]}},"s":{"0":5,"1":5,"2":5,"3":4,"4":2,"5":2,"6":5,"7":4,"8":16,"9":16,"10":8,"11":8,"12":8,"13":8,"14":5,"15":28,"16":0,"17":28,"18":5,"19":2,"20":2,"21":5,"22":2,"23":0},"f":{"0":4,"1":4,"2":16,"3":28,"4":2,"5":2,"6":2,"7":0},"b":{"0":[2,2],"1":[8,8],"2":[0,28],"3":[16,12],"4":[28,28]}}
,"C:\\Users\\User\\Desktop\\app\\PLCGenerator-GUI\\src\\api\\dashboard\\index.ts": {"path":"C:\\Users\\User\\Desktop\\app\\PLCGenerator-GUI\\src\\api\\dashboard\\index.ts","statementMap":{"0":{"start":{"line":1,"column":0},"end":{"line":1,"column":34}},"1":{"start":{"line":2,"column":0},"end":{"line":2,"column":23}}},"fnMap":{},"branchMap":{},"s":{"0":4,"1":4},"f":{},"b":{}}
,"C:\\Users\\User\\Desktop\\app\\PLCGenerator-GUI\\src\\api\\dashboard\\menu.ts": {"path":"C:\\Users\\User\\Desktop\\app\\PLCGenerator-GUI\\src\\api\\dashboard\\menu.ts","statementMap":{"0":{"start":{"line":1,"column":0},"end":{"line":1,"column":26}},"1":{"start":{"line":2,"column":0},"end":{"line":2,"column":31}},"2":{"start":{"line":6,"column":13},"end":{"line":16,"column":2}},"3":{"start":{"line":7,"column":2},"end":{"line":15,"column":29}},"4":{"start":{"line":15,"column":19},"end":{"line":15,"column":28}},"5":{"start":{"line":18,"column":13},"end":{"line":22,"column":2}},"6":{"start":{"line":19,"column":2},"end":{"line":21,"column":5}}},"fnMap":{"0":{"name":"(anonymous_1)","decl":{"start":{"line":6,"column":33},"end":{"line":6,"column":34}},"loc":{"start":{"line":6,"column":46},"end":{"line":16,"column":1}}},"1":{"name":"(anonymous_2)","decl":{"start":{"line":15,"column":10},"end":{"line":15,"column":11}},"loc":{"start":{"line":15,"column":14},"end":{"line":15,"column":22}}},"2":{"name":"(anonymous_3)","decl":{"start":{"line":18,"column":27},"end":{"line":18,"column":28}},"loc":{"start":{"line":18,"column":54},"end":{"line":22,"column":1}}}},"branchMap":{},"s":{"0":4,"1":4,"2":4,"3":1,"4":1,"5":4,"6":1},"f":{"0":1,"1":1,"2":1},"b":{}}
,"C:\\Users\\User\\Desktop\\app\\PLCGenerator-GUI\\src\\api\\home\\homeForm.ts": {"path":"C:\\Users\\User\\Desktop\\app\\PLCGenerator-GUI\\src\\api\\home\\homeForm.ts","statementMap":{"0":{"start":{"line":1,"column":0},"end":{"line":1,"column":26}},"1":{"start":{"line":2,"column":0},"end":{"line":2,"column":33}},"2":{"start":{"line":10,"column":13},"end":{"line":30,"column":2}},"3":{"start":{"line":13,"column":2},"end":{"line":29,"column":6}},"4":{"start":{"line":18,"column":45},"end":{"line":18,"column":53}},"5":{"start":{"line":25,"column":6},"end":{"line":28,"column":null}},"6":{"start":{"line":25,"column":61},"end":{"line":28,"column":9}},"7":{"start":{"line":32,"column":13},"end":{"line":44,"column":2}},"8":{"start":{"line":35,"column":2},"end":{"line":43,"column":4}},"9":{"start":{"line":38,"column":39},"end":{"line":38,"column":47}},"10":{"start":{"line":46,"column":13},"end":{"line":50,"column":2}},"11":{"start":{"line":49,"column":2},"end":{"line":49,"column":64}},"12":{"start":{"line":49,"column":55},"end":{"line":49,"column":63}}},"fnMap":{"0":{"name":"(anonymous_3)","decl":{"start":{"line":10,"column":39},"end":{"line":10,"column":null}},"loc":{"start":{"line":11,"column":22},"end":{"line":30,"column":1}}},"1":{"name":"(anonymous_4)","decl":{"start":{"line":18,"column":37},"end":{"line":18,"column":38}},"loc":{"start":{"line":18,"column":40},"end":{"line":18,"column":47}}},"2":{"name":"(anonymous_5)","decl":{"start":{"line":24,"column":10},"end":{"line":24,"column":11}},"loc":{"start":{"line":24,"column":13},"end":{"line":25,"column":8}}},"3":{"name":"(anonymous_6)","decl":{"start":{"line":25,"column":18},"end":{"line":25,"column":19}},"loc":{"start":{"line":25,"column":56},"end":{"line":25,"column":null}}},"4":{"name":"(anonymous_7)","decl":{"start":{"line":32,"column":39},"end":{"line":32,"column":null}},"loc":{"start":{"line":33,"column":22},"end":{"line":44,"column":1}}},"5":{"name":"(anonymous_8)","decl":{"start":{"line":38,"column":31},"end":{"line":38,"column":32}},"loc":{"start":{"line":38,"column":34},"end":{"line":38,"column":41}}},"6":{"name":"(anonymous_9)","decl":{"start":{"line":46,"column":34},"end":{"line":46,"column":null}},"loc":{"start":{"line":46,"column":34},"end":{"line":50,"column":1}}},"7":{"name":"(anonymous_10)","decl":{"start":{"line":49,"column":47},"end":{"line":49,"column":48}},"loc":{"start":{"line":49,"column":50},"end":{"line":49,"column":57}}}},"branchMap":{},"s":{"0":4,"1":4,"2":4,"3":1,"4":1,"5":1,"6":100,"7":4,"8":1,"9":0,"10":4,"11":1,"12":1},"f":{"0":1,"1":1,"2":1,"3":100,"4":1,"5":0,"6":1,"7":1},"b":{}}
,"C:\\Users\\User\\Desktop\\app\\PLCGenerator-GUI\\src\\api\\home\\index.ts": {"path":"C:\\Users\\User\\Desktop\\app\\PLCGenerator-GUI\\src\\api\\home\\index.ts","statementMap":{"0":{"start":{"line":1,"column":0},"end":{"line":1,"column":27}}},"fnMap":{},"branchMap":{},"s":{"0":4},"f":{},"b":{}}
,"C:\\Users\\User\\Desktop\\app\\PLCGenerator-GUI\\src\\components\\index.tsx": {"path":"C:\\Users\\User\\Desktop\\app\\PLCGenerator-GUI\\src\\components\\index.tsx","statementMap":{"0":{"start":{"line":1,"column":0},"end":{"line":1,"column":23}},"1":{"start":{"line":2,"column":0},"end":{"line":2,"column":28}},"2":{"start":{"line":3,"column":0},"end":{"line":3,"column":25}}},"fnMap":{},"branchMap":{},"s":{"0":1,"1":1,"2":1},"f":{},"b":{}}
,"C:\\Users\\User\\Desktop\\app\\PLCGenerator-GUI\\src\\components\\common\\Notification.tsx": {"path":"C:\\Users\\User\\Desktop\\app\\PLCGenerator-GUI\\src\\components\\common\\Notification.tsx","statementMap":{"0":{"start":{"line":1,"column":0},"end":{"line":1,"column":26}},"1":{"start":{"line":2,"column":0},"end":{"line":2,"column":50}},"2":{"start":{"line":3,"column":0},"end":{"line":3,"column":62}},"3":{"start":{"line":6,"column":0},"end":{"line":6,"column":47}},"4":{"start":{"line":8,"column":14},"end":{"line":10,"column":1}},"5":{"start":{"line":9,"column":2},"end":{"line":9,"column":64}},"6":{"start":{"line":12,"column":18},"end":{"line":21,"column":3}},"7":{"start":{"line":12,"column":40},"end":{"line":21,"column":3}},"8":{"start":{"line":23,"column":13},"end":{"line":79,"column":2}},"9":{"start":{"line":26,"column":50},"end":{"line":26,"column":56}},"10":{"start":{"line":27,"column":12},"end":{"line":27,"column":23}},"11":{"start":{"line":29,"column":22},"end":{"line":39,"column":3}},"12":{"start":{"line":33,"column":4},"end":{"line":35,"column":null}},"13":{"start":{"line":34,"column":6},"end":{"line":34,"column":13}},"14":{"start":{"line":37,"column":4},"end":{"line":37,"column":18}},"15":{"start":{"line":38,"column":4},"end":{"line":38,"column":17}},"16":{"start":{"line":41,"column":2},"end":{"line":78,"column":4}}},"fnMap":{"0":{"name":"(anonymous_3)","decl":{"start":{"line":8,"column":14},"end":{"line":8,"column":15}},"loc":{"start":{"line":8,"column":32},"end":{"line":10,"column":1}}},"1":{"name":"(anonymous_4)","decl":{"start":{"line":12,"column":29},"end":{"line":12,"column":30}},"loc":{"start":{"line":12,"column":35},"end":{"line":12,"column":41}}},"2":{"name":"(anonymous_5)","decl":{"start":{"line":23,"column":65},"end":{"line":23,"column":null}},"loc":{"start":{"line":24,"column":7},"end":{"line":79,"column":1}}},"3":{"name":"(anonymous_6)","decl":{"start":{"line":29,"column":22},"end":{"line":29,"column":null}},"loc":{"start":{"line":31,"column":19},"end":{"line":39,"column":3}}}},"branchMap":{"0":{"loc":{"start":{"line":33,"column":4},"end":{"line":35,"column":null}},"type":"if","locations":[{"start":{"line":33,"column":4},"end":{"line":35,"column":null}},{"start":{"line":33,"column":4},"end":{"line":35,"column":null}}]}},"s":{"0":5,"1":5,"2":5,"3":5,"4":5,"5":11,"6":5,"7":23,"8":5,"9":196,"10":49,"11":49,"12":0,"13":0,"14":0,"15":0,"16":49},"f":{"0":11,"1":23,"2":49,"3":0},"b":{"0":[0,0]}}
,"C:\\Users\\User\\Desktop\\app\\PLCGenerator-GUI\\src\\components\\common\\index.ts": {"path":"C:\\Users\\User\\Desktop\\app\\PLCGenerator-GUI\\src\\components\\common\\index.ts","statementMap":{"0":{"start":{"line":1,"column":0},"end":{"line":1,"column":31}}},"fnMap":{},"branchMap":{},"s":{"0":5},"f":{},"b":{}}
,"C:\\Users\\User\\Desktop\\app\\PLCGenerator-GUI\\src\\components\\dashboard\\DashboardMenu.tsx": {"path":"C:\\Users\\User\\Desktop\\app\\PLCGenerator-GUI\\src\\components\\dashboard\\DashboardMenu.tsx","statementMap":{"0":{"start":{"line":1,"column":0},"end":{"line":1,"column":26}},"1":{"start":{"line":2,"column":0},"end":{"line":2,"column":54}},"2":{"start":{"line":3,"column":0},"end":{"line":3,"column":42}},"3":{"start":{"line":4,"column":0},"end":{"line":4,"column":50}},"4":{"start":{"line":5,"column":0},"end":{"line":5,"column":55}},"5":{"start":{"line":6,"column":0},"end":{"line":6,"column":46}},"6":{"start":{"line":7,"column":0},"end":{"line":7,"column":56}},"7":{"start":{"line":8,"column":0},"end":{"line":8,"column":60}},"8":{"start":{"line":9,"column":0},"end":{"line":9,"column":68}},"9":{"start":{"line":10,"column":0},"end":{"line":10,"column":60}},"10":{"start":{"line":11,"column":0},"end":{"line":11,"column":46}},"11":{"start":{"line":12,"column":0},"end":{"line":12,"column":47}},"12":{"start":{"line":15,"column":0},"end":{"line":15,"column":46}},"13":{"start":{"line":19,"column":16},"end":{"line":19,"column":null}},"14":{"start":{"line":19,"column":34},"end":{"line":30,"column":2}},"15":{"start":{"line":32,"column":20},"end":{"line":32,"column":22}},"16":{"start":{"line":34,"column":13},"end":{"line":139,"column":2}},"17":{"start":{"line":42,"column":6},"end":{"line":42,"column":12}},"18":{"start":{"line":43,"column":16},"end":{"line":43,"column":33}},"19":{"start":{"line":44,"column":33},"end":{"line":44,"column":53}},"20":{"start":{"line":45,"column":26},"end":{"line":45,"column":47}},"21":{"start":{"line":45,"column":13},"end":{"line":45,"column":15}},"22":{"start":{"line":45,"column":22},"end":{"line":45,"column":26}},"23":{"start":{"line":46,"column":34},"end":{"line":47,"column":null}},"24":{"start":{"line":46,"column":17},"end":{"line":46,"column":19}},"25":{"start":{"line":46,"column":30},"end":{"line":46,"column":34}},"26":{"start":{"line":50,"column":26},"end":{"line":62,"column":3}},"27":{"start":{"line":51,"column":4},"end":{"line":51,"column":56}},"28":{"start":{"line":51,"column":38},"end":{"line":51,"column":56}},"29":{"start":{"line":52,"column":4},"end":{"line":58,"column":null}},"30":{"start":{"line":53,"column":6},"end":{"line":57,"column":null}},"31":{"start":{"line":54,"column":8},"end":{"line":54,"column":20}},"32":{"start":{"line":56,"column":8},"end":{"line":56,"column":22}},"33":{"start":{"line":59,"column":4},"end":{"line":59,"column":48}},"34":{"start":{"line":59,"column":34},"end":{"line":59,"column":48}},"35":{"start":{"line":60,"column":4},"end":{"line":60,"column":45}},"36":{"start":{"line":60,"column":30},"end":{"line":60,"column":45}},"37":{"start":{"line":61,"column":4},"end":{"line":61,"column":22}},"38":{"start":{"line":64,"column":22},"end":{"line":66,"column":3}},"39":{"start":{"line":65,"column":4},"end":{"line":65,"column":37}},"40":{"start":{"line":68,"column":22},"end":{"line":70,"column":3}},"41":{"start":{"line":69,"column":4},"end":{"line":69,"column":22}},"42":{"start":{"line":72,"column":28},"end":{"line":74,"column":3}},"43":{"start":{"line":73,"column":4},"end":{"line":73,"column":19}},"44":{"start":{"line":76,"column":29},"end":{"line":79,"column":3}},"45":{"start":{"line":77,"column":4},"end":{"line":77,"column":16}},"46":{"start":{"line":78,"column":4},"end":{"line":78,"column":19}},"47":{"start":{"line":81,"column":2},"end":{"line":138,"column":4}},"48":{"start":{"line":127,"column":38},"end":{"line":134,"column":12}},"49":{"start":{"line":130,"column":29},"end":{"line":130,"column":null}}},"fnMap":{"0":{"name":"(anonymous_1)","decl":{"start":{"line":19,"column":16},"end":{"line":19,"column":17}},"loc":{"start":{"line":19,"column":29},"end":{"line":19,"column":null}}},"1":{"name":"(anonymous_2)","decl":{"start":{"line":34,"column":59},"end":{"line":34,"column":null}},"loc":{"start":{"line":35,"column":7},"end":{"line":139,"column":1}}},"2":{"name":"(anonymous_3)","decl":{"start":{"line":50,"column":26},"end":{"line":50,"column":27}},"loc":{"start":{"line":50,"column":40},"end":{"line":62,"column":3}}},"3":{"name":"(anonymous_4)","decl":{"start":{"line":64,"column":22},"end":{"line":64,"column":23}},"loc":{"start":{"line":64,"column":59},"end":{"line":66,"column":3}}},"4":{"name":"(anonymous_5)","decl":{"start":{"line":68,"column":22},"end":{"line":68,"column":null}},"loc":{"start":{"line":68,"column":22},"end":{"line":70,"column":3}}},"5":{"name":"(anonymous_6)","decl":{"start":{"line":72,"column":28},"end":{"line":72,"column":null}},"loc":{"start":{"line":72,"column":28},"end":{"line":74,"column":3}}},"6":{"name":"(anonymous_7)","decl":{"start":{"line":76,"column":29},"end":{"line":76,"column":null}},"loc":{"start":{"line":76,"column":29},"end":{"line":79,"column":3}}},"7":{"name":"(anonymous_8)","decl":{"start":{"line":127,"column":26},"end":{"line":127,"column":27}},"loc":{"start":{"line":127,"column":33},"end":{"line":127,"column":null}}},"8":{"name":"(anonymous_9)","decl":{"start":{"line":130,"column":23},"end":{"line":130,"column":29}},"loc":{"start":{"line":130,"column":23},"end":{"line":130,"column":44}}}},"branchMap":{"0":{"loc":{"start":{"line":51,"column":4},"end":{"line":51,"column":56}},"type":"if","locations":[{"start":{"line":51,"column":4},"end":{"line":51,"column":56}},{"start":{"line":51,"column":4},"end":{"line":51,"column":56}}]},"1":{"loc":{"start":{"line":52,"column":4},"end":{"line":58,"column":null}},"type":"if","locations":[{"start":{"line":52,"column":4},"end":{"line":58,"column":null}},{"start":{"line":52,"column":4},"end":{"line":58,"column":null}}]},"2":{"loc":{"start":{"line":53,"column":6},"end":{"line":57,"column":null}},"type":"if","locations":[{"start":{"line":53,"column":6},"end":{"line":57,"column":null}},{"start":{"line":53,"column":6},"end":{"line":57,"column":null}}]},"3":{"loc":{"start":{"line":59,"column":4},"end":{"line":59,"column":48}},"type":"if","locations":[{"start":{"line":59,"column":4},"end":{"line":59,"column":48}},{"start":{"line":59,"column":4},"end":{"line":59,"column":48}}]},"4":{"loc":{"start":{"line":60,"column":4},"end":{"line":60,"column":45}},"type":"if","locations":[{"start":{"line":60,"column":4},"end":{"line":60,"column":45}},{"start":{"line":60,"column":4},"end":{"line":60,"column":45}}]}},"s":{"0":3,"1":3,"2":3,"3":3,"4":3,"5":3,"6":3,"7":3,"8":3,"9":3,"10":3,"11":3,"12":3,"13":3,"14":31,"15":3,"16":3,"17":124,"18":31,"19":31,"20":31,"21":31,"22":31,"23":31,"24":31,"25":31,"26":31,"27":7,"28":2,"29":7,"30":2,"31":1,"32":1,"33":7,"34":2,"35":7,"36":1,"37":7,"38":31,"39":8,"40":31,"41":0,"42":31,"43":0,"44":31,"45":1,"46":1,"47":31,"48":124,"49":7},"f":{"0":31,"1":31,"2":7,"3":8,"4":0,"5":0,"6":1,"7":124,"8":7},"b":{"0":[2,5],"1":[2,5],"2":[1,1],"3":[2,5],"4":[1,6]}}
,"C:\\Users\\User\\Desktop\\app\\PLCGenerator-GUI\\src\\components\\dashboard\\DashboardNavigation.tsx": {"path":"C:\\Users\\User\\Desktop\\app\\PLCGenerator-GUI\\src\\components\\dashboard\\DashboardNavigation.tsx","statementMap":{"0":{"start":{"line":1,"column":0},"end":{"line":1,"column":40}},"1":{"start":{"line":2,"column":0},"end":{"line":2,"column":54}},"2":{"start":{"line":3,"column":0},"end":{"line":3,"column":50}},"3":{"start":{"line":4,"column":0},"end":{"line":4,"column":66}},"4":{"start":{"line":5,"column":0},"end":{"line":5,"column":40}},"5":{"start":{"line":6,"column":0},"end":{"line":6,"column":50}},"6":{"start":{"line":7,"column":0},"end":{"line":7,"column":47}},"7":{"start":{"line":8,"column":0},"end":{"line":8,"column":44}},"8":{"start":{"line":9,"column":0},"end":{"line":9,"column":47}},"9":{"start":{"line":11,"column":0},"end":{"line":11,"column":48}},"10":{"start":{"line":12,"column":0},"end":{"line":12,"column":null}},"11":{"start":{"line":17,"column":0},"end":{"line":17,"column":49}},"12":{"start":{"line":19,"column":0},"end":{"line":19,"column":null}},"13":{"start":{"line":24,"column":0},"end":{"line":24,"column":null}},"14":{"start":{"line":34,"column":18},"end":{"line":48,"column":3}},"15":{"start":{"line":34,"column":40},"end":{"line":48,"column":3}},"16":{"start":{"line":50,"column":13},"end":{"line":157,"column":2}},"17":{"start":{"line":53,"column":30},"end":{"line":53,"column":36}},"18":{"start":{"line":54,"column":42},"end":{"line":54,"column":57}},"19":{"start":{"line":54,"column":21},"end":{"line":54,"column":23}},"20":{"start":{"line":54,"column":38},"end":{"line":54,"column":42}},"21":{"start":{"line":55,"column":31},"end":{"line":55,"column":43}},"22":{"start":{"line":55,"column":16},"end":{"line":55,"column":18}},"23":{"start":{"line":55,"column":27},"end":{"line":55,"column":31}},"24":{"start":{"line":56,"column":28},"end":{"line":56,"column":40}},"25":{"start":{"line":56,"column":14},"end":{"line":56,"column":16}},"26":{"start":{"line":56,"column":24},"end":{"line":56,"column":28}},"27":{"start":{"line":57,"column":16},"end":{"line":57,"column":33}},"28":{"start":{"line":58,"column":19},"end":{"line":58,"column":39}},"29":{"start":{"line":59,"column":19},"end":{"line":59,"column":41}},"30":{"start":{"line":60,"column":18},"end":{"line":60,"column":29}},"31":{"start":{"line":62,"column":23},"end":{"line":67,"column":3}},"32":{"start":{"line":66,"column":4},"end":{"line":66,"column":23}},"33":{"start":{"line":69,"column":32},"end":{"line":83,"column":3}},"34":{"start":{"line":70,"column":4},"end":{"line":82,"column":45}},"35":{"start":{"line":72,"column":8},"end":{"line":72,"column":30}},"36":{"start":{"line":73,"column":8},"end":{"line":73,"column":38}},"37":{"start":{"line":76,"column":8},"end":{"line":76,"column":39}},"38":{"start":{"line":77,"column":8},"end":{"line":79,"column":10}},"39":{"start":{"line":81,"column":24},"end":{"line":81,"column":61}},"40":{"start":{"line":82,"column":21},"end":{"line":82,"column":44}},"41":{"start":{"line":85,"column":26},"end":{"line":91,"column":3}},"42":{"start":{"line":86,"column":4},"end":{"line":90,"column":62}},"43":{"start":{"line":88,"column":8},"end":{"line":88,"column":null}},"44":{"start":{"line":90,"column":24},"end":{"line":90,"column":61}},"45":{"start":{"line":93,"column":28},"end":{"line":107,"column":3}},"46":{"start":{"line":94,"column":4},"end":{"line":106,"column":62}},"47":{"start":{"line":98,"column":8},"end":{"line":98,"column":31}},"48":{"start":{"line":99,"column":8},"end":{"line":99,"column":33}},"49":{"start":{"line":102,"column":8},"end":{"line":104,"column":null}},"50":{"start":{"line":106,"column":24},"end":{"line":106,"column":61}},"51":{"start":{"line":109,"column":23},"end":{"line":109,"column":31}},"52":{"start":{"line":111,"column":2},"end":{"line":156,"column":4}}},"fnMap":{"0":{"name":"(anonymous_7)","decl":{"start":{"line":34,"column":29},"end":{"line":34,"column":30}},"loc":{"start":{"line":34,"column":35},"end":{"line":34,"column":41}}},"1":{"name":"(anonymous_8)","decl":{"start":{"line":50,"column":71},"end":{"line":50,"column":null}},"loc":{"start":{"line":51,"column":7},"end":{"line":157,"column":1}}},"2":{"name":"(anonymous_9)","decl":{"start":{"line":62,"column":23},"end":{"line":62,"column":null}},"loc":{"start":{"line":64,"column":20},"end":{"line":67,"column":3}}},"3":{"name":"(anonymous_10)","decl":{"start":{"line":69,"column":32},"end":{"line":69,"column":null}},"loc":{"start":{"line":69,"column":32},"end":{"line":83,"column":3}}},"4":{"name":"(anonymous_11)","decl":{"start":{"line":71,"column":12},"end":{"line":71,"column":13}},"loc":{"start":{"line":71,"column":16},"end":{"line":74,"column":7}}},"5":{"name":"(anonymous_12)","decl":{"start":{"line":75,"column":12},"end":{"line":75,"column":13}},"loc":{"start":{"line":75,"column":16},"end":{"line":80,"column":7}}},"6":{"name":"(anonymous_13)","decl":{"start":{"line":81,"column":13},"end":{"line":81,"column":14}},"loc":{"start":{"line":81,"column":19},"end":{"line":81,"column":32}}},"7":{"name":"(anonymous_14)","decl":{"start":{"line":82,"column":15},"end":{"line":82,"column":21}},"loc":{"start":{"line":82,"column":15},"end":{"line":82,"column":36}}},"8":{"name":"(anonymous_15)","decl":{"start":{"line":85,"column":26},"end":{"line":85,"column":null}},"loc":{"start":{"line":85,"column":26},"end":{"line":91,"column":3}}},"9":{"name":"(anonymous_16)","decl":{"start":{"line":87,"column":12},"end":{"line":87,"column":null}},"loc":{"start":{"line":87,"column":12},"end":{"line":88,"column":17}}},"10":{"name":"(anonymous_17)","decl":{"start":{"line":90,"column":13},"end":{"line":90,"column":14}},"loc":{"start":{"line":90,"column":19},"end":{"line":90,"column":32}}},"11":{"name":"(anonymous_18)","decl":{"start":{"line":93,"column":28},"end":{"line":93,"column":null}},"loc":{"start":{"line":93,"column":28},"end":{"line":107,"column":3}}},"12":{"name":"(anonymous_19)","decl":{"start":{"line":97,"column":12},"end":{"line":97,"column":13}},"loc":{"start":{"line":97,"column":16},"end":{"line":100,"column":7}}},"13":{"name":"(anonymous_20)","decl":{"start":{"line":101,"column":12},"end":{"line":101,"column":null}},"loc":{"start":{"line":101,"column":12},"end":{"line":102,"column":17}}},"14":{"name":"(anonymous_21)","decl":{"start":{"line":106,"column":13},"end":{"line":106,"column":14}},"loc":{"start":{"line":106,"column":19},"end":{"line":106,"column":32}}},"15":{"name":"(anonymous_22)","decl":{"start":{"line":109,"column":23},"end":{"line":109,"column":30}},"loc":{"start":{"line":109,"column":23},"end":{"line":109,"column":31}}}},"branchMap":{},"s":{"0":3,"1":3,"2":3,"3":3,"4":3,"5":3,"6":3,"7":3,"8":3,"9":3,"10":3,"11":3,"12":3,"13":3,"14":3,"15":6,"16":3,"17":20,"18":10,"19":10,"20":10,"21":10,"22":10,"23":10,"24":10,"25":10,"26":10,"27":10,"28":10,"29":10,"30":10,"31":10,"32":2,"33":10,"34":1,"35":1,"36":1,"37":1,"38":1,"39":0,"40":1,"41":10,"42":1,"43":1,"44":0,"45":10,"46":1,"47":0,"48":0,"49":0,"50":0,"51":10,"52":10},"f":{"0":6,"1":10,"2":2,"3":1,"4":1,"5":1,"6":0,"7":1,"8":1,"9":1,"10":0,"11":1,"12":0,"13":0,"14":0,"15":0},"b":{}}
,"C:\\Users\\User\\Desktop\\app\\PLCGenerator-GUI\\src\\components\\dashboard\\DashboardTable.tsx": {"path":"C:\\Users\\User\\Desktop\\app\\PLCGenerator-GUI\\src\\components\\dashboard\\DashboardTable.tsx","statementMap":{"0":{"start":{"line":1,"column":0},"end":{"line":1,"column":26}},"1":{"start":{"line":2,"column":0},"end":{"line":2,"column":54}},"2":{"start":{"line":3,"column":0},"end":{"line":3,"column":50}},"3":{"start":{"line":5,"column":0},"end":{"line":5,"column":47}},"4":{"start":{"line":7,"column":0},"end":{"line":7,"column":46}},"5":{"start":{"line":9,"column":19},"end":{"line":9,"column":22}},"6":{"start":{"line":10,"column":20},"end":{"line":10,"column":23}},"7":{"start":{"line":11,"column":19},"end":{"line":11,"column":22}},"8":{"start":{"line":13,"column":16},"end":{"line":13,"column":null}},"9":{"start":{"line":13,"column":34},"end":{"line":65,"column":2}},"10":{"start":{"line":67,"column":18},"end":{"line":73,"column":3}},"11":{"start":{"line":67,"column":35},"end":{"line":73,"column":3}},"12":{"start":{"line":75,"column":13},"end":{"line":85,"column":2}},"13":{"start":{"line":76,"column":16},"end":{"line":76,"column":33}},"14":{"start":{"line":77,"column":18},"end":{"line":77,"column":29}},"15":{"start":{"line":78,"column":19},"end":{"line":78,"column":39}},"16":{"start":{"line":80,"column":2},"end":{"line":84,"column":4}},"17":{"start":{"line":87,"column":0},"end":{"line":87,"column":30}}},"fnMap":{"0":{"name":"(anonymous_1)","decl":{"start":{"line":13,"column":16},"end":{"line":13,"column":17}},"loc":{"start":{"line":13,"column":29},"end":{"line":13,"column":null}}},"1":{"name":"(anonymous_2)","decl":{"start":{"line":67,"column":29},"end":{"line":67,"column":35}},"loc":{"start":{"line":67,"column":29},"end":{"line":67,"column":36}}},"2":{"name":"(anonymous_3)","decl":{"start":{"line":75,"column":40},"end":{"line":75,"column":null}},"loc":{"start":{"line":75,"column":40},"end":{"line":85,"column":1}}}},"branchMap":{},"s":{"0":3,"1":3,"2":3,"3":3,"4":3,"5":3,"6":3,"7":3,"8":3,"9":1,"10":3,"11":1,"12":3,"13":1,"14":1,"15":1,"16":1,"17":3},"f":{"0":1,"1":1,"2":1},"b":{}}
,"C:\\Users\\User\\Desktop\\app\\PLCGenerator-GUI\\src\\components\\dashboard\\DashboardTree.tsx": {"path":"C:\\Users\\User\\Desktop\\app\\PLCGenerator-GUI\\src\\components\\dashboard\\DashboardTree.tsx","statementMap":{"0":{"start":{"line":1,"column":0},"end":{"line":1,"column":60}},"1":{"start":{"line":2,"column":0},"end":{"line":2,"column":54}},"2":{"start":{"line":3,"column":0},"end":{"line":3,"column":49}},"3":{"start":{"line":4,"column":0},"end":{"line":4,"column":59}},"4":{"start":{"line":5,"column":0},"end":{"line":5,"column":63}},"5":{"start":{"line":6,"column":0},"end":{"line":6,"column":49}},"6":{"start":{"line":8,"column":0},"end":{"line":8,"column":54}},"7":{"start":{"line":9,"column":0},"end":{"line":9,"column":null}},"8":{"start":{"line":15,"column":0},"end":{"line":15,"column":36}},"9":{"start":{"line":16,"column":0},"end":{"line":16,"column":null}},"10":{"start":{"line":31,"column":18},"end":{"line":44,"column":2}},"11":{"start":{"line":46,"column":13},"end":{"line":171,"column":2}},"12":{"start":{"line":51,"column":6},"end":{"line":51,"column":25}},"13":{"start":{"line":48,"column":8},"end":{"line":48,"column":null}},"14":{"start":{"line":49,"column":16},"end":{"line":49,"column":null}},"15":{"start":{"line":50,"column":22},"end":{"line":50,"column":null}},"16":{"start":{"line":52,"column":30},"end":{"line":52,"column":42}},"17":{"start":{"line":52,"column":15},"end":{"line":52,"column":17}},"18":{"start":{"line":52,"column":26},"end":{"line":52,"column":30}},"19":{"start":{"line":53,"column":19},"end":{"line":53,"column":41}},"20":{"start":{"line":54,"column":18},"end":{"line":54,"column":29}},"21":{"start":{"line":55,"column":32},"end":{"line":55,"column":54}},"22":{"start":{"line":55,"column":16},"end":{"line":55,"column":18}},"23":{"start":{"line":55,"column":28},"end":{"line":55,"column":32}},"24":{"start":{"line":56,"column":34},"end":{"line":56,"column":56}},"25":{"start":{"line":56,"column":17},"end":{"line":56,"column":19}},"26":{"start":{"line":56,"column":30},"end":{"line":56,"column":34}},"27":{"start":{"line":58,"column":2},"end":{"line":60,"column":13}},"28":{"start":{"line":59,"column":4},"end":{"line":59,"column":37}},"29":{"start":{"line":62,"column":2},"end":{"line":64,"column":21}},"30":{"start":{"line":63,"column":4},"end":{"line":63,"column":42}},"31":{"start":{"line":66,"column":23},"end":{"line":70,"column":3}},"32":{"start":{"line":69,"column":4},"end":{"line":69,"column":34}},"33":{"start":{"line":72,"column":22},"end":{"line":78,"column":3}},"34":{"start":{"line":73,"column":4},"end":{"line":77,"column":null}},"35":{"start":{"line":74,"column":6},"end":{"line":74,"column":60}},"36":{"start":{"line":74,"column":32},"end":{"line":74,"column":59}},"37":{"start":{"line":76,"column":6},"end":{"line":76,"column":59}},"38":{"start":{"line":76,"column":31},"end":{"line":76,"column":58}},"39":{"start":{"line":80,"column":25},"end":{"line":100,"column":3}},"40":{"start":{"line":84,"column":4},"end":{"line":99,"column":6}},"41":{"start":{"line":90,"column":23},"end":{"line":90,"column":null}},"42":{"start":{"line":95,"column":14},"end":{"line":95,"column":null}},"43":{"start":{"line":102,"column":21},"end":{"line":137,"column":3}},"44":{"start":{"line":106,"column":19},"end":{"line":106,"column":56}},"45":{"start":{"line":107,"column":18},"end":{"line":107,"column":40}},"46":{"start":{"line":109,"column":4},"end":{"line":136,"column":6}},"47":{"start":{"line":116,"column":10},"end":{"line":118,"column":12}},"48":{"start":{"line":119,"column":10},"end":{"line":119,"column":34}},"49":{"start":{"line":132,"column":14},"end":{"line":132,"column":null}},"50":{"start":{"line":139,"column":19},"end":{"line":142,"column":4}},"51":{"start":{"line":139,"column":33},"end":{"line":139,"column":61}},"52":{"start":{"line":144,"column":20},"end":{"line":147,"column":4}},"53":{"start":{"line":144,"column":34},"end":{"line":144,"column":64}},"54":{"start":{"line":149,"column":2},"end":{"line":170,"column":4}},"55":{"start":{"line":173,"column":0},"end":{"line":173,"column":29}}},"fnMap":{"0":{"name":"(anonymous_7)","decl":{"start":{"line":46,"column":39},"end":{"line":46,"column":null}},"loc":{"start":{"line":46,"column":39},"end":{"line":171,"column":1}}},"1":{"name":"(anonymous_8)","decl":{"start":{"line":58,"column":12},"end":{"line":58,"column":null}},"loc":{"start":{"line":58,"column":12},"end":{"line":60,"column":3}}},"2":{"name":"(anonymous_9)","decl":{"start":{"line":62,"column":12},"end":{"line":62,"column":null}},"loc":{"start":{"line":62,"column":12},"end":{"line":64,"column":3}}},"3":{"name":"(anonymous_10)","decl":{"start":{"line":66,"column":23},"end":{"line":66,"column":null}},"loc":{"start":{"line":67,"column":68},"end":{"line":70,"column":3}}},"4":{"name":"(anonymous_11)","decl":{"start":{"line":72,"column":22},"end":{"line":72,"column":23}},"loc":{"start":{"line":72,"column":33},"end":{"line":78,"column":3}}},"5":{"name":"(anonymous_12)","decl":{"start":{"line":74,"column":18},"end":{"line":74,"column":19}},"loc":{"start":{"line":74,"column":27},"end":{"line":74,"column":44}}},"6":{"name":"(anonymous_13)","decl":{"start":{"line":76,"column":17},"end":{"line":76,"column":18}},"loc":{"start":{"line":76,"column":26},"end":{"line":76,"column":43}}},"7":{"name":"(anonymous_14)","decl":{"start":{"line":80,"column":25},"end":{"line":80,"column":null}},"loc":{"start":{"line":82,"column":18},"end":{"line":100,"column":3}}},"8":{"name":"(anonymous_15)","decl":{"start":{"line":90,"column":17},"end":{"line":90,"column":23}},"loc":{"start":{"line":90,"column":17},"end":{"line":90,"column":31}}},"9":{"name":"(anonymous_16)","decl":{"start":{"line":94,"column":31},"end":{"line":94,"column":32}},"loc":{"start":{"line":94,"column":62},"end":{"line":95,"column":24}}},"10":{"name":"(anonymous_17)","decl":{"start":{"line":102,"column":21},"end":{"line":102,"column":null}},"loc":{"start":{"line":104,"column":18},"end":{"line":137,"column":3}}},"11":{"name":"(anonymous_18)","decl":{"start":{"line":115,"column":17},"end":{"line":115,"column":null}},"loc":{"start":{"line":115,"column":17},"end":{"line":120,"column":9}}},"12":{"name":"(anonymous_19)","decl":{"start":{"line":131,"column":31},"end":{"line":131,"column":32}},"loc":{"start":{"line":131,"column":62},"end":{"line":132,"column":24}}},"13":{"name":"(anonymous_20)","decl":{"start":{"line":139,"column":27},"end":{"line":139,"column":33}},"loc":{"start":{"line":139,"column":27},"end":{"line":139,"column":45}}},"14":{"name":"(anonymous_21)","decl":{"start":{"line":144,"column":28},"end":{"line":144,"column":34}},"loc":{"start":{"line":144,"column":28},"end":{"line":144,"column":48}}}},"branchMap":{"0":{"loc":{"start":{"line":73,"column":4},"end":{"line":77,"column":null}},"type":"if","locations":[{"start":{"line":73,"column":4},"end":{"line":77,"column":null}},{"start":{"line":73,"column":4},"end":{"line":77,"column":null}}]},"1":{"loc":{"start":{"line":94,"column":12},"end":{"line":95,"column":null}},"type":"cond-expr","locations":[{"start":{"line":94,"column":12},"end":{"line":95,"column":null}},{"start":{"line":97,"column":12},"end":{"line":97,"column":16}}]},"2":{"loc":{"start":{"line":125,"column":16},"end":{"line":125,"column":33}},"type":"cond-expr","locations":[{"start":{"line":125,"column":16},"end":{"line":125,"column":33}},{"start":{"line":126,"column":16},"end":{"line":126,"column":29}}]},"3":{"loc":{"start":{"line":127,"column":27},"end":{"line":127,"column":48}},"type":"cond-expr","locations":[{"start":{"line":127,"column":27},"end":{"line":127,"column":48}},{"start":{"line":127,"column":51},"end":{"line":127,"column":53}}]},"4":{"loc":{"start":{"line":131,"column":12},"end":{"line":132,"column":null}},"type":"cond-expr","locations":[{"start":{"line":131,"column":12},"end":{"line":132,"column":null}},{"start":{"line":134,"column":12},"end":{"line":134,"column":16}}]},"5":{"loc":{"start":{"line":160,"column":36},"end":{"line":160,"column":44}},"type":"cond-expr","locations":[{"start":{"line":160,"column":36},"end":{"line":160,"column":44}},{"start":{"line":160,"column":47},"end":{"line":160,"column":54}}]},"6":{"loc":{"start":{"line":166,"column":13},"end":{"line":166,"column":31}},"type":"binary-expr","locations":[{"start":{"line":166,"column":13},"end":{"line":166,"column":31}},{"start":{"line":166,"column":35},"end":{"line":166,"column":41}}]},"7":{"loc":{"start":{"line":166,"column":25},"end":{"line":166,"column":27}},"type":"cond-expr","locations":[{"start":{"line":166,"column":25},"end":{"line":166,"column":27}},{"start":{"line":166,"column":13},"end":{"line":166,"column":31}}]},"8":{"loc":{"start":{"line":166,"column":13},"end":{"line":166,"column":27}},"type":"binary-expr","locations":[{"start":{"line":166,"column":13},"end":{"line":166,"column":27}},{"start":{"line":166,"column":13},"end":{"line":166,"column":27}}]}},"s":{"0":3,"1":3,"2":3,"3":3,"4":3,"5":3,"6":3,"7":3,"8":3,"9":3,"10":3,"11":3,"12":76,"13":76,"14":76,"15":76,"16":76,"17":76,"18":76,"19":76,"20":76,"21":76,"22":76,"23":76,"24":76,"25":76,"26":76,"27":76,"28":23,"29":76,"30":25,"31":76,"32":2,"33":76,"34":17,"35":17,"36":17,"37":0,"38":0,"39":76,"40":25,"41":1,"42":25,"43":76,"44":975,"45":975,"46":975,"47":17,"48":17,"49":950,"50":76,"51":25,"52":76,"53":25,"54":76,"55":3},"f":{"0":76,"1":23,"2":25,"3":2,"4":17,"5":17,"6":0,"7":25,"8":1,"9":25,"10":975,"11":17,"12":950,"13":25,"14":25},"b":{"0":[17,0],"1":[25,0],"2":[425,550],"3":[2,973],"4":[975,0],"5":[72,4],"6":[76,51],"7":[51,25],"8":[76,25]}}
,"C:\\Users\\User\\Desktop\\app\\PLCGenerator-GUI\\src\\components\\dashboard\\DashboardTreePanel.tsx": {"path":"C:\\Users\\User\\Desktop\\app\\PLCGenerator-GUI\\src\\components\\dashboard\\DashboardTreePanel.tsx","statementMap":{"0":{"start":{"line":1,"column":0},"end":{"line":1,"column":49}},"1":{"start":{"line":2,"column":0},"end":{"line":2,"column":54}},"2":{"start":{"line":3,"column":0},"end":{"line":3,"column":42}},"3":{"start":{"line":4,"column":0},"end":{"line":4,"column":56}},"4":{"start":{"line":5,"column":0},"end":{"line":5,"column":40}},"5":{"start":{"line":6,"column":0},"end":{"line":6,"column":60}},"6":{"start":{"line":7,"column":0},"end":{"line":7,"column":52}},"7":{"start":{"line":9,"column":0},"end":{"line":9,"column":null}},"8":{"start":{"line":14,"column":0},"end":{"line":14,"column":null}},"9":{"start":{"line":29,"column":18},"end":{"line":35,"column":3}},"10":{"start":{"line":29,"column":40},"end":{"line":35,"column":3}},"11":{"start":{"line":37,"column":28},"end":{"line":50,"column":1}},"12":{"start":{"line":43,"column":2},"end":{"line":48,"column":null}},"13":{"start":{"line":44,"column":4},"end":{"line":44,"column":57}},"14":{"start":{"line":46,"column":4},"end":{"line":46,"column":53}},"15":{"start":{"line":47,"column":4},"end":{"line":47,"column":16}},"16":{"start":{"line":49,"column":2},"end":{"line":49,"column":23}},"17":{"start":{"line":52,"column":13},"end":{"line":136,"column":2}},"18":{"start":{"line":55,"column":27},"end":{"line":55,"column":33}},"19":{"start":{"line":56,"column":18},"end":{"line":56,"column":29}},"20":{"start":{"line":57,"column":36},"end":{"line":57,"column":47}},"21":{"start":{"line":57,"column":18},"end":{"line":57,"column":20}},"22":{"start":{"line":57,"column":32},"end":{"line":57,"column":36}},"23":{"start":{"line":58,"column":19},"end":{"line":58,"column":41}},"24":{"start":{"line":60,"column":2},"end":{"line":60,"column":54}},"25":{"start":{"line":60,"column":29},"end":{"line":60,"column":54}},"26":{"start":{"line":62,"column":2},"end":{"line":63,"column":36}},"27":{"start":{"line":63,"column":4},"end":{"line":63,"column":36}},"28":{"start":{"line":65,"column":24},"end":{"line":67,"column":null}},"29":{"start":{"line":66,"column":10},"end":{"line":66,"column":null}},"30":{"start":{"line":70,"column":32},"end":{"line":88,"column":3}},"31":{"start":{"line":71,"column":4},"end":{"line":87,"column":9}},"32":{"start":{"line":73,"column":35},"end":{"line":74,"column":null}},"33":{"start":{"line":74,"column":18},"end":{"line":74,"column":null}},"34":{"start":{"line":76,"column":8},"end":{"line":81,"column":10}},"35":{"start":{"line":82,"column":8},"end":{"line":82,"column":36}},"36":{"start":{"line":85,"column":8},"end":{"line":85,"column":31}},"37":{"start":{"line":86,"column":8},"end":{"line":86,"column":33}},"38":{"start":{"line":90,"column":2},"end":{"line":135,"column":4}},"39":{"start":{"line":101,"column":59},"end":{"line":109,"column":null}},"40":{"start":{"line":138,"column":0},"end":{"line":138,"column":34}}},"fnMap":{"0":{"name":"(anonymous_7)","decl":{"start":{"line":29,"column":29},"end":{"line":29,"column":30}},"loc":{"start":{"line":29,"column":35},"end":{"line":29,"column":41}}},"1":{"name":"(anonymous_8)","decl":{"start":{"line":37,"column":28},"end":{"line":37,"column":null}},"loc":{"start":{"line":40,"column":56},"end":{"line":50,"column":1}}},"2":{"name":"(anonymous_9)","decl":{"start":{"line":52,"column":69},"end":{"line":52,"column":null}},"loc":{"start":{"line":53,"column":7},"end":{"line":136,"column":1}}},"3":{"name":"(anonymous_10)","decl":{"start":{"line":66,"column":4},"end":{"line":66,"column":10}},"loc":{"start":{"line":66,"column":4},"end":{"line":66,"column":29}}},"4":{"name":"(anonymous_11)","decl":{"start":{"line":70,"column":32},"end":{"line":70,"column":null}},"loc":{"start":{"line":70,"column":32},"end":{"line":88,"column":3}}},"5":{"name":"(anonymous_12)","decl":{"start":{"line":72,"column":12},"end":{"line":72,"column":13}},"loc":{"start":{"line":72,"column":21},"end":{"line":83,"column":7}}},"6":{"name":"(anonymous_13)","decl":{"start":{"line":74,"column":10},"end":{"line":74,"column":11}},"loc":{"start":{"line":74,"column":13},"end":{"line":74,"column":20}}},"7":{"name":"(anonymous_14)","decl":{"start":{"line":84,"column":12},"end":{"line":84,"column":13}},"loc":{"start":{"line":84,"column":16},"end":{"line":87,"column":7}}},"8":{"name":"(anonymous_15)","decl":{"start":{"line":101,"column":14},"end":{"line":101,"column":15}},"loc":{"start":{"line":101,"column":54},"end":{"line":101,"column":null}}}},"branchMap":{"0":{"loc":{"start":{"line":60,"column":2},"end":{"line":60,"column":54}},"type":"if","locations":[{"start":{"line":60,"column":2},"end":{"line":60,"column":54}},{"start":{"line":60,"column":2},"end":{"line":60,"column":54}}]},"1":{"loc":{"start":{"line":62,"column":2},"end":{"line":63,"column":36}},"type":"if","locations":[{"start":{"line":62,"column":2},"end":{"line":63,"column":36}},{"start":{"line":62,"column":2},"end":{"line":63,"column":36}}]},"2":{"loc":{"start":{"line":100,"column":12},"end":{"line":109,"column":null}},"type":"cond-expr","locations":[{"start":{"line":100,"column":12},"end":{"line":109,"column":null}},{"start":{"line":112,"column":12},"end":{"line":115,"column":null}}]},"3":{"loc":{"start":{"line":119,"column":12},"end":{"line":122,"column":null}},"type":"cond-expr","locations":[{"start":{"line":119,"column":12},"end":{"line":122,"column":null}},{"start":{"line":124,"column":14},"end":{"line":124,"column":18}}]}},"s":{"0":3,"1":3,"2":3,"3":3,"4":3,"5":3,"6":3,"7":3,"8":3,"9":3,"10":23,"11":3,"12":32,"13":32,"14":0,"15":0,"16":32,"17":3,"18":84,"19":84,"20":84,"21":84,"22":84,"23":84,"24":84,"25":51,"26":33,"27":1,"28":32,"29":32,"30":32,"31":0,"32":0,"33":0,"34":0,"35":0,"36":0,"37":0,"38":32,"39":53,"40":3},"f":{"0":23,"1":32,"2":84,"3":32,"4":0,"5":0,"6":0,"7":0,"8":53},"b":{"0":[51,33],"1":[1,32],"2":[26,6],"3":[26,6]}}
,"C:\\Users\\User\\Desktop\\app\\PLCGenerator-GUI\\src\\components\\dashboard\\index.tsx": {"path":"C:\\Users\\User\\Desktop\\app\\PLCGenerator-GUI\\src\\components\\dashboard\\index.tsx","statementMap":{"0":{"start":{"line":1,"column":0},"end":{"line":1,"column":33}},"1":{"start":{"line":2,"column":0},"end":{"line":2,"column":32}},"2":{"start":{"line":3,"column":0},"end":{"line":3,"column":37}},"3":{"start":{"line":4,"column":0},"end":{"line":4,"column":32}},"4":{"start":{"line":5,"column":0},"end":{"line":5,"column":38}},"5":{"start":{"line":6,"column":0},"end":{"line":6,"column":26}}},"fnMap":{},"branchMap":{},"s":{"0":2,"1":2,"2":2,"3":2,"4":2,"5":2},"f":{},"b":{}}
,"C:\\Users\\User\\Desktop\\app\\PLCGenerator-GUI\\src\\components\\dashboard\\utils.ts": {"path":"C:\\Users\\User\\Desktop\\app\\PLCGenerator-GUI\\src\\components\\dashboard\\utils.ts","statementMap":{"0":{"start":{"line":6,"column":13},"end":{"line":9,"column":3}},"1":{"start":{"line":6,"column":63},"end":{"line":9,"column":3}},"2":{"start":{"line":11,"column":13},"end":{"line":22,"column":2}},"3":{"start":{"line":15,"column":2},"end":{"line":15,"column":23}},"4":{"start":{"line":16,"column":2},"end":{"line":20,"column":11}},"5":{"start":{"line":18,"column":8},"end":{"line":18,"column":null}},"6":{"start":{"line":21,"column":2},"end":{"line":21,"column":13}},"7":{"start":{"line":24,"column":16},"end":{"line":41,"column":1}},"8":{"start":{"line":24,"column":29},"end":{"line":24,"column":57}},"9":{"start":{"line":25,"column":2},"end":{"line":40,"column":4}},"10":{"start":{"line":27,"column":6},"end":{"line":31,"column":null}},"11":{"start":{"line":28,"column":8},"end":{"line":28,"column":37}},"12":{"start":{"line":30,"column":8},"end":{"line":30,"column":50}},"13":{"start":{"line":34,"column":6},"end":{"line":38,"column":null}},"14":{"start":{"line":35,"column":8},"end":{"line":35,"column":36}},"15":{"start":{"line":37,"column":8},"end":{"line":37,"column":50}},"16":{"start":{"line":43,"column":16},"end":{"line":51,"column":1}},"17":{"start":{"line":43,"column":29},"end":{"line":43,"column":57}},"18":{"start":{"line":44,"column":2},"end":{"line":50,"column":5}},"19":{"start":{"line":45,"column":4},"end":{"line":49,"column":null}},"20":{"start":{"line":46,"column":6},"end":{"line":46,"column":34}},"21":{"start":{"line":48,"column":6},"end":{"line":48,"column":48}},"22":{"start":{"line":53,"column":17},"end":{"line":64,"column":1}},"23":{"start":{"line":53,"column":30},"end":{"line":53,"column":58}},"24":{"start":{"line":54,"column":2},"end":{"line":63,"column":5}},"25":{"start":{"line":55,"column":4},"end":{"line":62,"column":null}},"26":{"start":{"line":56,"column":6},"end":{"line":56,"column":70}},"27":{"start":{"line":58,"column":6},"end":{"line":61,"column":8}},"28":{"start":{"line":66,"column":16},"end":{"line":68,"column":1}},"29":{"start":{"line":66,"column":29},"end":{"line":66,"column":57}},"30":{"start":{"line":67,"column":2},"end":{"line":67,"column":33}},"31":{"start":{"line":70,"column":15},"end":{"line":75,"column":1}},"32":{"start":{"line":74,"column":2},"end":{"line":74,"column":48}},"33":{"start":{"line":77,"column":13},"end":{"line":89,"column":2}},"34":{"start":{"line":83,"column":2},"end":{"line":83,"column":68}},"35":{"start":{"line":83,"column":40},"end":{"line":83,"column":68}},"36":{"start":{"line":84,"column":2},"end":{"line":84,"column":47}},"37":{"start":{"line":84,"column":21},"end":{"line":84,"column":47}},"38":{"start":{"line":85,"column":2},"end":{"line":85,"column":49}},"39":{"start":{"line":85,"column":21},"end":{"line":85,"column":49}},"40":{"start":{"line":86,"column":2},"end":{"line":86,"column":49}},"41":{"start":{"line":86,"column":21},"end":{"line":86,"column":49}},"42":{"start":{"line":87,"column":2},"end":{"line":87,"column":50}},"43":{"start":{"line":87,"column":22},"end":{"line":87,"column":50}},"44":{"start":{"line":88,"column":2},"end":{"line":88,"column":28}},"45":{"start":{"line":91,"column":13},"end":{"line":97,"column":2}},"46":{"start":{"line":95,"column":2},"end":{"line":95,"column":34}},"47":{"start":{"line":95,"column":21},"end":{"line":95,"column":34}},"48":{"start":{"line":96,"column":2},"end":{"line":96,"column":64}},"49":{"start":{"line":99,"column":13},"end":{"line":108,"column":2}},"50":{"start":{"line":103,"column":26},"end":{"line":103,"column":38}},"51":{"start":{"line":104,"column":2},"end":{"line":106,"column":5}},"52":{"start":{"line":105,"column":4},"end":{"line":105,"column":46}},"53":{"start":{"line":107,"column":2},"end":{"line":107,"column":17}},"54":{"start":{"line":110,"column":27},"end":{"line":121,"column":1}},"55":{"start":{"line":115,"column":2},"end":{"line":117,"column":null}},"56":{"start":{"line":116,"column":4},"end":{"line":116,"column":29}},"57":{"start":{"line":118,"column":2},"end":{"line":120,"column":4}},"58":{"start":{"line":119,"column":4},"end":{"line":119,"column":null}},"59":{"start":{"line":123,"column":13},"end":{"line":132,"column":2}},"60":{"start":{"line":127,"column":26},"end":{"line":127,"column":38}},"61":{"start":{"line":128,"column":2},"end":{"line":130,"column":4}},"62":{"start":{"line":129,"column":4},"end":{"line":129,"column":null}},"63":{"start":{"line":131,"column":2},"end":{"line":131,"column":17}},"64":{"start":{"line":134,"column":19},"end":{"line":145,"column":1}},"65":{"start":{"line":139,"column":2},"end":{"line":141,"column":null}},"66":{"start":{"line":140,"column":4},"end":{"line":140,"column":29}},"67":{"start":{"line":142,"column":2},"end":{"line":144,"column":4}},"68":{"start":{"line":143,"column":4},"end":{"line":143,"column":null}},"69":{"start":{"line":147,"column":13},"end":{"line":155,"column":2}},"70":{"start":{"line":151,"column":2},"end":{"line":153,"column":null}},"71":{"start":{"line":152,"column":4},"end":{"line":152,"column":16}},"72":{"start":{"line":154,"column":2},"end":{"line":154,"column":67}},"73":{"start":{"line":154,"column":39},"end":{"line":154,"column":66}},"74":{"start":{"line":157,"column":13},"end":{"line":162,"column":2}},"75":{"start":{"line":158,"column":2},"end":{"line":160,"column":null}},"76":{"start":{"line":159,"column":4},"end":{"line":159,"column":53}},"77":{"start":{"line":159,"column":38},"end":{"line":159,"column":52}},"78":{"start":{"line":161,"column":2},"end":{"line":161,"column":26}}},"fnMap":{"0":{"name":"(anonymous_1)","decl":{"start":{"line":6,"column":26},"end":{"line":6,"column":27}},"loc":{"start":{"line":6,"column":58},"end":{"line":6,"column":64}}},"1":{"name":"(anonymous_2)","decl":{"start":{"line":11,"column":25},"end":{"line":11,"column":null}},"loc":{"start":{"line":13,"column":15},"end":{"line":22,"column":1}}},"2":{"name":"(anonymous_3)","decl":{"start":{"line":17,"column":25},"end":{"line":17,"column":26}},"loc":{"start":{"line":17,"column":56},"end":{"line":18,"column":17}}},"3":{"name":"(anonymous_4)","decl":{"start":{"line":24,"column":16},"end":{"line":24,"column":17}},"loc":{"start":{"line":24,"column":57},"end":{"line":41,"column":1}}},"4":{"name":"(anonymous_5)","decl":{"start":{"line":26,"column":20},"end":{"line":26,"column":21}},"loc":{"start":{"line":26,"column":23},"end":{"line":32,"column":5}}},"5":{"name":"(anonymous_6)","decl":{"start":{"line":33,"column":20},"end":{"line":33,"column":21}},"loc":{"start":{"line":33,"column":23},"end":{"line":39,"column":5}}},"6":{"name":"(anonymous_7)","decl":{"start":{"line":43,"column":16},"end":{"line":43,"column":17}},"loc":{"start":{"line":43,"column":57},"end":{"line":51,"column":1}}},"7":{"name":"(anonymous_8)","decl":{"start":{"line":44,"column":26},"end":{"line":44,"column":27}},"loc":{"start":{"line":44,"column":29},"end":{"line":50,"column":3}}},"8":{"name":"(anonymous_9)","decl":{"start":{"line":53,"column":17},"end":{"line":53,"column":18}},"loc":{"start":{"line":53,"column":58},"end":{"line":64,"column":1}}},"9":{"name":"(anonymous_10)","decl":{"start":{"line":54,"column":25},"end":{"line":54,"column":26}},"loc":{"start":{"line":54,"column":28},"end":{"line":63,"column":3}}},"10":{"name":"(anonymous_11)","decl":{"start":{"line":66,"column":16},"end":{"line":66,"column":17}},"loc":{"start":{"line":66,"column":57},"end":{"line":68,"column":1}}},"11":{"name":"(anonymous_12)","decl":{"start":{"line":70,"column":15},"end":{"line":70,"column":null}},"loc":{"start":{"line":72,"column":30},"end":{"line":75,"column":1}}},"12":{"name":"(anonymous_13)","decl":{"start":{"line":77,"column":26},"end":{"line":77,"column":null}},"loc":{"start":{"line":79,"column":30},"end":{"line":89,"column":1}}},"13":{"name":"(anonymous_14)","decl":{"start":{"line":91,"column":23},"end":{"line":91,"column":null}},"loc":{"start":{"line":93,"column":16},"end":{"line":97,"column":1}}},"14":{"name":"(anonymous_15)","decl":{"start":{"line":99,"column":28},"end":{"line":99,"column":null}},"loc":{"start":{"line":101,"column":16},"end":{"line":108,"column":1}}},"15":{"name":"(anonymous_16)","decl":{"start":{"line":104,"column":21},"end":{"line":104,"column":22}},"loc":{"start":{"line":104,"column":52},"end":{"line":106,"column":3}}},"16":{"name":"(anonymous_17)","decl":{"start":{"line":110,"column":27},"end":{"line":110,"column":null}},"loc":{"start":{"line":113,"column":19},"end":{"line":121,"column":1}}},"17":{"name":"(anonymous_18)","decl":{"start":{"line":118,"column":21},"end":{"line":118,"column":22}},"loc":{"start":{"line":118,"column":52},"end":{"line":119,"column":22}}},"18":{"name":"(anonymous_19)","decl":{"start":{"line":123,"column":27},"end":{"line":123,"column":null}},"loc":{"start":{"line":125,"column":16},"end":{"line":132,"column":1}}},"19":{"name":"(anonymous_20)","decl":{"start":{"line":128,"column":21},"end":{"line":128,"column":22}},"loc":{"start":{"line":128,"column":52},"end":{"line":129,"column":14}}},"20":{"name":"(anonymous_21)","decl":{"start":{"line":134,"column":19},"end":{"line":134,"column":null}},"loc":{"start":{"line":137,"column":19},"end":{"line":145,"column":1}}},"21":{"name":"(anonymous_22)","decl":{"start":{"line":142,"column":21},"end":{"line":142,"column":22}},"loc":{"start":{"line":142,"column":52},"end":{"line":143,"column":14}}},"22":{"name":"(anonymous_23)","decl":{"start":{"line":147,"column":27},"end":{"line":147,"column":null}},"loc":{"start":{"line":149,"column":16},"end":{"line":155,"column":1}}},"23":{"name":"(anonymous_24)","decl":{"start":{"line":154,"column":28},"end":{"line":154,"column":29}},"loc":{"start":{"line":154,"column":34},"end":{"line":154,"column":50}}},"24":{"name":"(anonymous_25)","decl":{"start":{"line":157,"column":28},"end":{"line":157,"column":29}},"loc":{"start":{"line":157,"column":58},"end":{"line":162,"column":1}}},"25":{"name":"(anonymous_26)","decl":{"start":{"line":159,"column":26},"end":{"line":159,"column":27}},"loc":{"start":{"line":159,"column":33},"end":{"line":159,"column":44}}}},"branchMap":{"0":{"loc":{"start":{"line":17,"column":6},"end":{"line":18,"column":null}},"type":"cond-expr","locations":[{"start":{"line":17,"column":6},"end":{"line":18,"column":null}},{"start":{"line":20,"column":6},"end":{"line":20,"column":10}}]},"1":{"loc":{"start":{"line":26,"column":4},"end":{"line":32,"column":6}},"type":"binary-expr","locations":[{"start":{"line":26,"column":4},"end":{"line":32,"column":6}},{"start":{"line":33,"column":4},"end":{"line":39,"column":6}}]},"2":{"loc":{"start":{"line":27,"column":6},"end":{"line":31,"column":null}},"type":"if","locations":[{"start":{"line":27,"column":6},"end":{"line":31,"column":null}},{"start":{"line":27,"column":6},"end":{"line":31,"column":null}}]},"3":{"loc":{"start":{"line":34,"column":6},"end":{"line":38,"column":null}},"type":"if","locations":[{"start":{"line":34,"column":6},"end":{"line":38,"column":null}},{"start":{"line":34,"column":6},"end":{"line":38,"column":null}}]},"4":{"loc":{"start":{"line":45,"column":4},"end":{"line":49,"column":null}},"type":"if","locations":[{"start":{"line":45,"column":4},"end":{"line":49,"column":null}},{"start":{"line":45,"column":4},"end":{"line":49,"column":null}}]},"5":{"loc":{"start":{"line":55,"column":4},"end":{"line":62,"column":null}},"type":"if","locations":[{"start":{"line":55,"column":4},"end":{"line":62,"column":null}},{"start":{"line":55,"column":4},"end":{"line":62,"column":null}}]},"6":{"loc":{"start":{"line":56,"column":13},"end":{"line":56,"column":34}},"type":"binary-expr","locations":[{"start":{"line":56,"column":13},"end":{"line":56,"column":34}},{"start":{"line":56,"column":38},"end":{"line":56,"column":69}}]},"7":{"loc":{"start":{"line":59,"column":8},"end":{"line":59,"column":42}},"type":"binary-expr","locations":[{"start":{"line":59,"column":8},"end":{"line":59,"column":42}},{"start":{"line":60,"column":8},"end":{"line":60,"column":39}}]},"8":{"loc":{"start":{"line":83,"column":2},"end":{"line":83,"column":68}},"type":"if","locations":[{"start":{"line":83,"column":2},"end":{"line":83,"column":68}},{"start":{"line":83,"column":2},"end":{"line":83,"column":68}}]},"9":{"loc":{"start":{"line":84,"column":2},"end":{"line":84,"column":47}},"type":"if","locations":[{"start":{"line":84,"column":2},"end":{"line":84,"column":47}},{"start":{"line":84,"column":2},"end":{"line":84,"column":47}}]},"10":{"loc":{"start":{"line":85,"column":2},"end":{"line":85,"column":49}},"type":"if","locations":[{"start":{"line":85,"column":2},"end":{"line":85,"column":49}},{"start":{"line":85,"column":2},"end":{"line":85,"column":49}}]},"11":{"loc":{"start":{"line":86,"column":2},"end":{"line":86,"column":49}},"type":"if","locations":[{"start":{"line":86,"column":2},"end":{"line":86,"column":49}},{"start":{"line":86,"column":2},"end":{"line":86,"column":49}}]},"12":{"loc":{"start":{"line":87,"column":2},"end":{"line":87,"column":50}},"type":"if","locations":[{"start":{"line":87,"column":2},"end":{"line":87,"column":50}},{"start":{"line":87,"column":2},"end":{"line":87,"column":50}}]},"13":{"loc":{"start":{"line":95,"column":2},"end":{"line":95,"column":34}},"type":"if","locations":[{"start":{"line":95,"column":2},"end":{"line":95,"column":34}},{"start":{"line":95,"column":2},"end":{"line":95,"column":34}}]},"14":{"loc":{"start":{"line":115,"column":2},"end":{"line":117,"column":null}},"type":"if","locations":[{"start":{"line":115,"column":2},"end":{"line":117,"column":null}},{"start":{"line":115,"column":2},"end":{"line":117,"column":null}}]},"15":{"loc":{"start":{"line":139,"column":2},"end":{"line":141,"column":null}},"type":"if","locations":[{"start":{"line":139,"column":2},"end":{"line":141,"column":null}},{"start":{"line":139,"column":2},"end":{"line":141,"column":null}}]},"16":{"loc":{"start":{"line":151,"column":2},"end":{"line":153,"column":null}},"type":"if","locations":[{"start":{"line":151,"column":2},"end":{"line":153,"column":null}},{"start":{"line":151,"column":2},"end":{"line":153,"column":null}}]},"17":{"loc":{"start":{"line":158,"column":2},"end":{"line":160,"column":null}},"type":"if","locations":[{"start":{"line":158,"column":2},"end":{"line":160,"column":null}},{"start":{"line":158,"column":2},"end":{"line":160,"column":null}}]}},"s":{"0":3,"1":17,"2":3,"3":920,"4":920,"5":897,"6":920,"7":3,"8":400,"9":400,"10":475,"11":425,"12":50,"13":375,"14":375,"15":0,"16":3,"17":350,"18":350,"19":350,"20":350,"21":0,"22":3,"23":325,"24":325,"25":325,"26":325,"27":0,"28":3,"29":950,"30":950,"31":3,"32":975,"33":3,"34":975,"35":25,"36":950,"37":550,"38":400,"39":50,"40":350,"41":25,"42":325,"43":325,"44":0,"45":3,"46":6940,"47":6417,"48":523,"49":3,"50":25,"51":25,"52":25,"53":25,"54":3,"55":975,"56":2,"57":975,"58":950,"59":3,"60":25,"61":25,"62":25,"63":25,"64":3,"65":975,"66":6,"67":975,"68":950,"69":3,"70":4990,"71":6,"72":4984,"73":4015,"74":3,"75":17,"76":16,"77":638,"78":1},"f":{"0":17,"1":920,"2":897,"3":400,"4":475,"5":375,"6":350,"7":350,"8":325,"9":325,"10":950,"11":975,"12":975,"13":6940,"14":25,"15":25,"16":975,"17":950,"18":25,"19":25,"20":975,"21":950,"22":4990,"23":4015,"24":17,"25":638},"b":{"0":[920,0],"1":[400,375],"2":[425,50],"3":[375,0],"4":[350,0],"5":[325,0],"6":[325,325],"7":[0,0],"8":[25,950],"9":[550,400],"10":[50,350],"11":[25,325],"12":[325,0],"13":[6417,523],"14":[2,973],"15":[6,969],"16":[6,4984],"17":[16,1]}}
,"C:\\Users\\User\\Desktop\\app\\PLCGenerator-GUI\\src\\components\\dashboard\\context\\dashboardActions.ts": {"path":"C:\\Users\\User\\Desktop\\app\\PLCGenerator-GUI\\src\\components\\dashboard\\context\\dashboardActions.ts","statementMap":{"0":{"start":{"line":12,"column":13},"end":{"line":12,"column":35}},"1":{"start":{"line":13,"column":13},"end":{"line":13,"column":53}},"2":{"start":{"line":14,"column":13},"end":{"line":14,"column":37}},"3":{"start":{"line":15,"column":13},"end":{"line":15,"column":53}},"4":{"start":{"line":16,"column":13},"end":{"line":16,"column":51}},"5":{"start":{"line":17,"column":13},"end":{"line":17,"column":59}},"6":{"start":{"line":19,"column":13},"end":{"line":24,"column":3}},"7":{"start":{"line":21,"column":29},"end":{"line":24,"column":3}},"8":{"start":{"line":26,"column":13},"end":{"line":33,"column":3}},"9":{"start":{"line":29,"column":46},"end":{"line":33,"column":3}},"10":{"start":{"line":35,"column":13},"end":{"line":40,"column":3}},"11":{"start":{"line":37,"column":29},"end":{"line":40,"column":3}},"12":{"start":{"line":42,"column":13},"end":{"line":47,"column":3}},"13":{"start":{"line":44,"column":23},"end":{"line":47,"column":3}},"14":{"start":{"line":49,"column":13},"end":{"line":51,"column":3}},"15":{"start":{"line":49,"column":61},"end":{"line":51,"column":3}}},"fnMap":{"0":{"name":"(anonymous_0)","decl":{"start":{"line":19,"column":23},"end":{"line":19,"column":null}},"loc":{"start":{"line":20,"column":28},"end":{"line":21,"column":30}}},"1":{"name":"(anonymous_1)","decl":{"start":{"line":26,"column":40},"end":{"line":26,"column":null}},"loc":{"start":{"line":28,"column":35},"end":{"line":29,"column":47}}},"2":{"name":"(anonymous_2)","decl":{"start":{"line":35,"column":23},"end":{"line":35,"column":null}},"loc":{"start":{"line":36,"column":29},"end":{"line":37,"column":30}}},"3":{"name":"(anonymous_3)","decl":{"start":{"line":42,"column":23},"end":{"line":42,"column":null}},"loc":{"start":{"line":43,"column":35},"end":{"line":44,"column":24}}},"4":{"name":"(anonymous_4)","decl":{"start":{"line":49,"column":33},"end":{"line":49,"column":61}},"loc":{"start":{"line":49,"column":33},"end":{"line":49,"column":62}}}},"branchMap":{},"s":{"0":7,"1":7,"2":7,"3":7,"4":7,"5":7,"6":7,"7":1,"8":7,"9":1,"10":7,"11":1,"12":7,"13":26,"14":7,"15":0},"f":{"0":1,"1":1,"2":1,"3":26,"4":0},"b":{}}
,"C:\\Users\\User\\Desktop\\app\\PLCGenerator-GUI\\src\\components\\dashboard\\context\\dashboardContext.tsx": {"path":"C:\\Users\\User\\Desktop\\app\\PLCGenerator-GUI\\src\\components\\dashboard\\context\\dashboardContext.tsx","statementMap":{"0":{"start":{"line":1,"column":0},"end":{"line":1,"column":26}},"1":{"start":{"line":2,"column":0},"end":{"line":2,"column":54}},"2":{"start":{"line":9,"column":30},"end":{"line":11,"column":12}},"3":{"start":{"line":12,"column":33},"end":{"line":14,"column":12}},"4":{"start":{"line":16,"column":39},"end":{"line":21,"column":2}},"5":{"start":{"line":23,"column":26},"end":{"line":39,"column":1}},"6":{"start":{"line":24,"column":10},"end":{"line":24,"column":null}},"7":{"start":{"line":25,"column":2},"end":{"line":25,"column":9}},"8":{"start":{"line":25,"column":9},"end":{"line":25,"column":null}},"9":{"start":{"line":27,"column":28},"end":{"line":29,"column":null}},"10":{"start":{"line":27,"column":14},"end":{"line":27,"column":16}},"11":{"start":{"line":27,"column":24},"end":{"line":27,"column":28}},"12":{"start":{"line":32,"column":2},"end":{"line":38,"column":4}},"13":{"start":{"line":61,"column":9},"end":{"line":61,"column":26}},"14":{"start":{"line":41,"column":26},"end":{"line":49,"column":1}},"15":{"start":{"line":42,"column":18},"end":{"line":42,"column":57}},"16":{"start":{"line":43,"column":2},"end":{"line":47,"column":null}},"17":{"start":{"line":44,"column":4},"end":{"line":46,"column":6}},"18":{"start":{"line":48,"column":2},"end":{"line":48,"column":17}},"19":{"start":{"line":61,"column":28},"end":{"line":61,"column":45}},"20":{"start":{"line":51,"column":29},"end":{"line":59,"column":1}},"21":{"start":{"line":52,"column":18},"end":{"line":52,"column":60}},"22":{"start":{"line":53,"column":2},"end":{"line":57,"column":null}},"23":{"start":{"line":54,"column":4},"end":{"line":56,"column":6}},"24":{"start":{"line":58,"column":2},"end":{"line":58,"column":17}},"25":{"start":{"line":61,"column":47},"end":{"line":61,"column":67}}},"fnMap":{"0":{"name":"(anonymous_1)","decl":{"start":{"line":23,"column":26},"end":{"line":23,"column":27}},"loc":{"start":{"line":26,"column":25},"end":{"line":39,"column":1}}},"1":{"name":"(anonymous_2)","decl":{"start":{"line":41,"column":26},"end":{"line":41,"column":null}},"loc":{"start":{"line":41,"column":26},"end":{"line":49,"column":1}}},"2":{"name":"(anonymous_3)","decl":{"start":{"line":51,"column":29},"end":{"line":51,"column":null}},"loc":{"start":{"line":51,"column":29},"end":{"line":59,"column":1}}}},"branchMap":{"0":{"loc":{"start":{"line":25,"column":12},"end":{"line":25,"column":26}},"type":"cond-expr","locations":[{"start":{"line":25,"column":12},"end":{"line":25,"column":26}},{"start":{"line":25,"column":26},"end":{"line":25,"column":null}}]},"1":{"loc":{"start":{"line":43,"column":2},"end":{"line":47,"column":null}},"type":"if","locations":[{"start":{"line":43,"column":2},"end":{"line":47,"column":null}},{"start":{"line":43,"column":2},"end":{"line":47,"column":null}}]},"2":{"loc":{"start":{"line":53,"column":2},"end":{"line":57,"column":null}},"type":"if","locations":[{"start":{"line":53,"column":2},"end":{"line":57,"column":null}},{"start":{"line":53,"column":2},"end":{"line":57,"column":null}}]}},"s":{"0":6,"1":6,"2":6,"3":6,"4":6,"5":6,"6":65,"7":65,"8":65,"9":65,"10":65,"11":65,"12":65,"13":6,"14":6,"15":118,"16":118,"17":0,"18":118,"19":6,"20":6,"21":284,"22":284,"23":0,"24":284,"25":6},"f":{"0":65,"1":118,"2":284},"b":{"0":[9,56],"1":[0,118],"2":[0,284]}}
,"C:\\Users\\User\\Desktop\\app\\PLCGenerator-GUI\\src\\components\\dashboard\\context\\dashboardReducer.ts": {"path":"C:\\Users\\User\\Desktop\\app\\PLCGenerator-GUI\\src\\components\\dashboard\\context\\dashboardReducer.ts","statementMap":{"0":{"start":{"line":1,"column":0},"end":{"line":1,"column":null}},"1":{"start":{"line":16,"column":16},"end":{"line":29,"column":1}},"2":{"start":{"line":20,"column":2},"end":{"line":22,"column":null}},"3":{"start":{"line":21,"column":4},"end":{"line":21,"column":47}},"4":{"start":{"line":24,"column":2},"end":{"line":28,"column":11}},"5":{"start":{"line":26,"column":8},"end":{"line":26,"column":null}},"6":{"start":{"line":31,"column":13},"end":{"line":72,"column":2}},"7":{"start":{"line":35,"column":2},"end":{"line":71,"column":null}},"8":{"start":{"line":37,"column":6},"end":{"line":37,"column":45}},"9":{"start":{"line":40,"column":33},"end":{"line":42,"column":null}},"10":{"start":{"line":44,"column":6},"end":{"line":44,"column":66}},"11":{"start":{"line":46,"column":6},"end":{"line":48,"column":null}},"12":{"start":{"line":52,"column":6},"end":{"line":52,"column":45}},"13":{"start":{"line":55,"column":6},"end":{"line":55,"column":61}},"14":{"start":{"line":58,"column":6},"end":{"line":58,"column":52}},"15":{"start":{"line":58,"column":39},"end":{"line":58,"column":52}},"16":{"start":{"line":60,"column":23},"end":{"line":60,"column":61}},"17":{"start":{"line":61,"column":6},"end":{"line":61,"column":44}},"18":{"start":{"line":62,"column":6},"end":{"line":62,"column":42}},"19":{"start":{"line":65,"column":6},"end":{"line":69,"column":8}}},"fnMap":{"0":{"name":"(anonymous_3)","decl":{"start":{"line":16,"column":16},"end":{"line":16,"column":null}},"loc":{"start":{"line":18,"column":28},"end":{"line":29,"column":1}}},"1":{"name":"(anonymous_4)","decl":{"start":{"line":25,"column":25},"end":{"line":25,"column":26}},"loc":{"start":{"line":25,"column":56},"end":{"line":26,"column":15}}},"2":{"name":"(anonymous_5)","decl":{"start":{"line":31,"column":32},"end":{"line":31,"column":null}},"loc":{"start":{"line":33,"column":25},"end":{"line":72,"column":1}}}},"branchMap":{"0":{"loc":{"start":{"line":20,"column":2},"end":{"line":22,"column":null}},"type":"if","locations":[{"start":{"line":20,"column":2},"end":{"line":22,"column":null}},{"start":{"line":20,"column":2},"end":{"line":22,"column":null}}]},"1":{"loc":{"start":{"line":25,"column":6},"end":{"line":26,"column":null}},"type":"cond-expr","locations":[{"start":{"line":25,"column":6},"end":{"line":26,"column":null}},{"start":{"line":28,"column":6},"end":{"line":28,"column":10}}]},"2":{"loc":{"start":{"line":36,"column":4},"end":{"line":38,"column":null}},"type":"switch","locations":[{"start":{"line":36,"column":4},"end":{"line":38,"column":null}},{"start":{"line":39,"column":4},"end":{"line":50,"column":null}},{"start":{"line":51,"column":4},"end":{"line":53,"column":null}},{"start":{"line":54,"column":4},"end":{"line":56,"column":null}},{"start":{"line":57,"column":4},"end":{"line":63,"column":null}},{"start":{"line":64,"column":4},"end":{"line":70,"column":null}}]},"3":{"loc":{"start":{"line":58,"column":6},"end":{"line":58,"column":52}},"type":"if","locations":[{"start":{"line":58,"column":6},"end":{"line":58,"column":52}},{"start":{"line":58,"column":6},"end":{"line":58,"column":52}}]}},"s":{"0":7,"1":7,"2":0,"3":0,"4":0,"5":0,"6":7,"7":29,"8":1,"9":1,"10":1,"11":1,"12":1,"13":26,"14":0,"15":0,"16":0,"17":0,"18":0,"19":0},"f":{"0":0,"1":0,"2":29},"b":{"0":[0,0],"1":[0,0],"2":[1,1,1,26,0,0],"3":[0,0]}}
,"C:\\Users\\User\\Desktop\\app\\PLCGenerator-GUI\\src\\components\\dashboard\\context\\index.ts": {"path":"C:\\Users\\User\\Desktop\\app\\PLCGenerator-GUI\\src\\components\\dashboard\\context\\index.ts","statementMap":{"0":{"start":{"line":1,"column":0},"end":{"line":1,"column":35}},"1":{"start":{"line":2,"column":0},"end":{"line":2,"column":35}},"2":{"start":{"line":3,"column":0},"end":{"line":3,"column":35}}},"fnMap":{},"branchMap":{},"s":{"0":6,"1":6,"2":6},"f":{},"b":{}}
,"C:\\Users\\User\\Desktop\\app\\PLCGenerator-GUI\\src\\components\\dashboard\\tree\\CardHeaderPanel.tsx": {"path":"C:\\Users\\User\\Desktop\\app\\PLCGenerator-GUI\\src\\components\\dashboard\\tree\\CardHeaderPanel.tsx","statementMap":{"0":{"start":{"line":1,"column":0},"end":{"line":1,"column":26}},"1":{"start":{"line":2,"column":0},"end":{"line":2,"column":54}},"2":{"start":{"line":3,"column":0},"end":{"line":3,"column":79}},"3":{"start":{"line":4,"column":0},"end":{"line":4,"column":77}},"4":{"start":{"line":5,"column":0},"end":{"line":5,"column":54}},"5":{"start":{"line":8,"column":0},"end":{"line":8,"column":36}},"6":{"start":{"line":10,"column":13},"end":{"line":59,"column":2}},"7":{"start":{"line":11,"column":46},"end":{"line":11,"column":52}},"8":{"start":{"line":12,"column":20},"end":{"line":12,"column":31}},"9":{"start":{"line":13,"column":19},"end":{"line":13,"column":49}},"10":{"start":{"line":15,"column":23},"end":{"line":23,"column":5}},"11":{"start":{"line":16,"column":8},"end":{"line":22,"column":null}},"12":{"start":{"line":17,"column":12},"end":{"line":17,"column":33}},"13":{"start":{"line":19,"column":29},"end":{"line":19,"column":38}},"14":{"start":{"line":20,"column":12},"end":{"line":20,"column":56}},"15":{"start":{"line":20,"column":35},"end":{"line":20,"column":56}},"16":{"start":{"line":21,"column":12},"end":{"line":21,"column":31}},"17":{"start":{"line":25,"column":23},"end":{"line":33,"column":5}},"18":{"start":{"line":26,"column":8},"end":{"line":32,"column":null}},"19":{"start":{"line":27,"column":12},"end":{"line":27,"column":24}},"20":{"start":{"line":29,"column":29},"end":{"line":29,"column":38}},"21":{"start":{"line":30,"column":12},"end":{"line":30,"column":47}},"22":{"start":{"line":30,"column":35},"end":{"line":30,"column":47}},"23":{"start":{"line":31,"column":12},"end":{"line":31,"column":31}},"24":{"start":{"line":35,"column":4},"end":{"line":58,"column":6}}},"fnMap":{"0":{"name":"(anonymous_1)","decl":{"start":{"line":10,"column":67},"end":{"line":10,"column":68}},"loc":{"start":{"line":10,"column":73},"end":{"line":59,"column":1}}},"1":{"name":"(anonymous_2)","decl":{"start":{"line":15,"column":23},"end":{"line":15,"column":null}},"loc":{"start":{"line":15,"column":23},"end":{"line":23,"column":5}}},"2":{"name":"(anonymous_3)","decl":{"start":{"line":25,"column":23},"end":{"line":25,"column":null}},"loc":{"start":{"line":25,"column":23},"end":{"line":33,"column":5}}}},"branchMap":{"0":{"loc":{"start":{"line":16,"column":8},"end":{"line":22,"column":null}},"type":"if","locations":[{"start":{"line":16,"column":8},"end":{"line":22,"column":null}},{"start":{"line":16,"column":8},"end":{"line":22,"column":null}}]},"1":{"loc":{"start":{"line":20,"column":12},"end":{"line":20,"column":56}},"type":"if","locations":[{"start":{"line":20,"column":12},"end":{"line":20,"column":56}},{"start":{"line":20,"column":12},"end":{"line":20,"column":56}}]},"2":{"loc":{"start":{"line":26,"column":8},"end":{"line":32,"column":null}},"type":"if","locations":[{"start":{"line":26,"column":8},"end":{"line":32,"column":null}},{"start":{"line":26,"column":8},"end":{"line":32,"column":null}}]},"3":{"loc":{"start":{"line":30,"column":12},"end":{"line":30,"column":47}},"type":"if","locations":[{"start":{"line":30,"column":12},"end":{"line":30,"column":47}},{"start":{"line":30,"column":12},"end":{"line":30,"column":47}}]},"4":{"loc":{"start":{"line":39,"column":20},"end":{"line":40,"column":null}},"type":"cond-expr","locations":[{"start":{"line":39,"column":20},"end":{"line":40,"column":null}},{"start":{"line":42,"column":20},"end":{"line":42,"column":24}}]},"5":{"loc":{"start":{"line":46,"column":20},"end":{"line":47,"column":null}},"type":"cond-expr","locations":[{"start":{"line":46,"column":20},"end":{"line":47,"column":null}},{"start":{"line":49,"column":20},"end":{"line":49,"column":24}}]}},"s":{"0":4,"1":4,"2":4,"3":4,"4":4,"5":4,"6":4,"7":96,"8":32,"9":32,"10":32,"11":3,"12":3,"13":0,"14":0,"15":0,"16":0,"17":32,"18":5,"19":2,"20":3,"21":3,"22":0,"23":3,"24":32},"f":{"0":32,"1":3,"2":5},"b":{"0":[3,0],"1":[0,0],"2":[2,3],"3":[0,3],"4":[31,1],"5":[31,1]}}
,"C:\\Users\\User\\Desktop\\app\\PLCGenerator-GUI\\src\\components\\dashboard\\tree\\CardSubmitPanel.tsx": {"path":"C:\\Users\\User\\Desktop\\app\\PLCGenerator-GUI\\src\\components\\dashboard\\tree\\CardSubmitPanel.tsx","statementMap":{"0":{"start":{"line":1,"column":0},"end":{"line":1,"column":40}},"1":{"start":{"line":2,"column":0},"end":{"line":2,"column":46}},"2":{"start":{"line":3,"column":0},"end":{"line":3,"column":56}},"3":{"start":{"line":4,"column":0},"end":{"line":4,"column":47}},"4":{"start":{"line":5,"column":0},"end":{"line":5,"column":52}},"5":{"start":{"line":6,"column":0},"end":{"line":6,"column":56}},"6":{"start":{"line":7,"column":0},"end":{"line":7,"column":36}},"7":{"start":{"line":11,"column":13},"end":{"line":51,"column":2}},"8":{"start":{"line":14,"column":21},"end":{"line":14,"column":27}},"9":{"start":{"line":15,"column":31},"end":{"line":15,"column":43}},"10":{"start":{"line":15,"column":16},"end":{"line":15,"column":18}},"11":{"start":{"line":15,"column":27},"end":{"line":15,"column":31}},"12":{"start":{"line":16,"column":28},"end":{"line":16,"column":40}},"13":{"start":{"line":16,"column":14},"end":{"line":16,"column":16}},"14":{"start":{"line":16,"column":24},"end":{"line":16,"column":28}},"15":{"start":{"line":17,"column":16},"end":{"line":17,"column":33}},"16":{"start":{"line":18,"column":18},"end":{"line":18,"column":29}},"17":{"start":{"line":20,"column":23},"end":{"line":28,"column":3}},"18":{"start":{"line":21,"column":4},"end":{"line":27,"column":62}},"19":{"start":{"line":23,"column":8},"end":{"line":25,"column":null}},"20":{"start":{"line":27,"column":24},"end":{"line":27,"column":61}},"21":{"start":{"line":30,"column":2},"end":{"line":50,"column":4}}},"fnMap":{"0":{"name":"(anonymous_7)","decl":{"start":{"line":11,"column":63},"end":{"line":11,"column":null}},"loc":{"start":{"line":12,"column":7},"end":{"line":51,"column":1}}},"1":{"name":"(anonymous_8)","decl":{"start":{"line":20,"column":23},"end":{"line":20,"column":null}},"loc":{"start":{"line":20,"column":23},"end":{"line":28,"column":3}}},"2":{"name":"(anonymous_9)","decl":{"start":{"line":22,"column":12},"end":{"line":22,"column":null}},"loc":{"start":{"line":22,"column":12},"end":{"line":23,"column":17}}},"3":{"name":"(anonymous_10)","decl":{"start":{"line":27,"column":13},"end":{"line":27,"column":14}},"loc":{"start":{"line":27,"column":19},"end":{"line":27,"column":32}}}},"branchMap":{},"s":{"0":4,"1":4,"2":4,"3":4,"4":4,"5":4,"6":4,"7":4,"8":39,"9":39,"10":39,"11":39,"12":39,"13":39,"14":39,"15":39,"16":39,"17":39,"18":3,"19":2,"20":1,"21":39},"f":{"0":39,"1":3,"2":2,"3":1},"b":{}}
,"C:\\Users\\User\\Desktop\\app\\PLCGenerator-GUI\\src\\components\\dashboard\\tree\\EmptyTreePanel.tsx": {"path":"C:\\Users\\User\\Desktop\\app\\PLCGenerator-GUI\\src\\components\\dashboard\\tree\\EmptyTreePanel.tsx","statementMap":{"0":{"start":{"line":1,"column":0},"end":{"line":1,"column":26}},"1":{"start":{"line":2,"column":0},"end":{"line":2,"column":42}},"2":{"start":{"line":3,"column":0},"end":{"line":3,"column":54}},"3":{"start":{"line":4,"column":0},"end":{"line":4,"column":47}},"4":{"start":{"line":6,"column":0},"end":{"line":6,"column":36}},"5":{"start":{"line":8,"column":13},"end":{"line":23,"column":2}},"6":{"start":{"line":9,"column":16},"end":{"line":9,"column":33}},"7":{"start":{"line":10,"column":18},"end":{"line":10,"column":29}},"8":{"start":{"line":12,"column":2},"end":{"line":22,"column":4}}},"fnMap":{"0":{"name":"(anonymous_1)","decl":{"start":{"line":8,"column":36},"end":{"line":8,"column":null}},"loc":{"start":{"line":8,"column":36},"end":{"line":23,"column":1}}}},"branchMap":{},"s":{"0":4,"1":4,"2":4,"3":4,"4":4,"5":4,"6":1,"7":1,"8":1},"f":{"0":1},"b":{}}
[...]
line":3,"column":0},"end":{"line":3,"column":46}},"3":{"start":{"line":5,"column":0},"end":{"line":5,"column":null}},"4":{"start":{"line":10,"column":0},"end":{"line":10,"column":46}},"5":{"start":{"line":11,"column":0},"end":{"line":11,"column":null}},"6":{"start":{"line":19,"column":18},"end":{"line":24,"column":3}},"7":{"start":{"line":19,"column":40},"end":{"line":24,"column":3}},"8":{"start":{"line":26,"column":13},"end":{"line":52,"column":2}},"9":{"start":{"line":27,"column":18},"end":{"line":27,"column":29}},"10":{"start":{"line":28,"column":18},"end":{"line":28,"column":30}},"11":{"start":{"line":29,"column":19},"end":{"line":29,"column":41}},"12":{"start":{"line":31,"column":23},"end":{"line":45,"column":3}},"13":{"start":{"line":35,"column":4},"end":{"line":44,"column":9}},"14":{"start":{"line":37,"column":8},"end":{"line":37,"column":null}},"15":{"start":{"line":39,"column":18},"end":{"line":39,"column":19}},"16":{"start":{"line":39,"column":24},"end":{"line":39,"column":66}},"17":{"start":{"line":40,"column":18},"end":{"line":40,"column":20}},"18":{"start":{"line":40,"column":24},"end":{"line":40,"column":25}},"19":{"start":{"line":41,"column":8},"end":{"line":41,"column":32}},"20":{"start":{"line":42,"column":8},"end":{"line":42,"column":32}},"21":{"start":{"line":43,"column":8},"end":{"line":43,"column":35}},"22":{"start":{"line":47,"column":2},"end":{"line":51,"column":4}},"23":{"start":{"line":54,"column":0},"end":{"line":54,"column":20}}},"fnMap":{"0":{"name":"(anonymous_1)","decl":{"start":{"line":19,"column":29},"end":{"line":19,"column":30}},"loc":{"start":{"line":19,"column":35},"end":{"line":19,"column":41}}},"1":{"name":"(anonymous_2)","decl":{"start":{"line":26,"column":30},"end":{"line":26,"column":null}},"loc":{"start":{"line":26,"column":30},"end":{"line":52,"column":1}}},"2":{"name":"(anonymous_3)","decl":{"start":{"line":31,"column":23},"end":{"line":31,"column":null}},"loc":{"start":{"line":33,"column":48},"end":{"line":45,"column":3}}},"3":{"name":"(anonymous_4)","decl":{"start":{"line":36,"column":12},"end":{"line":36,"column":13}},"loc":{"start":{"line":36,"column":17},"end":{"line":37,"column":15}}},"4":{"name":"(anonymous_5)","decl":{"start":{"line":39,"column":12},"end":{"line":39,"column":13}},"loc":{"start":{"line":39,"column":19},"end":{"line":39,"column":31}}},"5":{"name":"(anonymous_6)","decl":{"start":{"line":40,"column":12},"end":{"line":40,"column":13}},"loc":{"start":{"line":40,"column":25},"end":{"line":44,"column":7}}}},"branchMap":{},"s":{"0":1,"1":1,"2":1,"3":1,"4":1,"5":1,"6":1,"7":2,"8":1,"9":2,"10":2,"11":2,"12":2,"13":1,"14":1,"15":1,"16":1,"17":1,"18":1,"19":1,"20":1,"21":1,"22":2,"23":1},"f":{"0":2,"1":2,"2":1,"3":1,"4":1,"5":1},"b":{}}
,"C:\\Users\\User\\Desktop\\app\\PLCGenerator-GUI\\src\\services\\index.ts": {"path":"C:\\Users\\User\\Desktop\\app\\PLCGenerator-GUI\\src\\services\\index.ts","statementMap":{"0":{"start":{"line":1,"column":0},"end":{"line":1,"column":27}},"1":{"start":{"line":2,"column":0},"end":{"line":2,"column":32}}},"fnMap":{},"branchMap":{},"s":{"0":5,"1":5},"f":{},"b":{}}
,"C:\\Users\\User\\Desktop\\app\\PLCGenerator-GUI\\src\\services\\electron\\dashboard.ts": {"path":"C:\\Users\\User\\Desktop\\app\\PLCGenerator-GUI\\src\\services\\electron\\dashboard.ts","statementMap":{"0":{"start":{"line":1,"column":0},"end":{"line":1,"column":38}},"1":{"start":{"line":2,"column":0},"end":{"line":2,"column":32}},"2":{"start":{"line":3,"column":0},"end":{"line":3,"column":24}},"3":{"start":{"line":4,"column":0},"end":{"line":4,"column":20}},"4":{"start":{"line":8,"column":21},"end":{"line":14,"column":1}},"5":{"start":{"line":9,"column":2},"end":{"line":13,"column":68}},"6":{"start":{"line":16,"column":13},"end":{"line":27,"column":2}},"7":{"start":{"line":17,"column":2},"end":{"line":26,"column":5}},"8":{"start":{"line":18,"column":4},"end":{"line":25,"column":null}},"9":{"start":{"line":19,"column":23},"end":{"line":19,"column":45}},"10":{"start":{"line":20,"column":6},"end":{"line":20,"column":64}},"11":{"start":{"line":21,"column":6},"end":{"line":21,"column":39}},"12":{"start":{"line":23,"column":6},"end":{"line":23,"column":23}},"13":{"start":{"line":24,"column":6},"end":{"line":24,"column":31}},"14":{"start":{"line":29,"column":13},"end":{"line":39,"column":2}},"15":{"start":{"line":30,"column":2},"end":{"line":38,"column":5}},"16":{"start":{"line":31,"column":4},"end":{"line":37,"column":null}},"17":{"start":{"line":32,"column":19},"end":{"line":32,"column":53}},"18":{"start":{"line":33,"column":6},"end":{"line":33,"column":47}},"19":{"start":{"line":35,"column":6},"end":{"line":35,"column":23}},"20":{"start":{"line":36,"column":6},"end":{"line":36,"column":31}},"21":{"start":{"line":41,"column":17},"end":{"line":45,"column":1}},"22":{"start":{"line":42,"column":2},"end":{"line":44,"column":35}},"23":{"start":{"line":44,"column":18},"end":{"line":44,"column":34}},"24":{"start":{"line":47,"column":13},"end":{"line":53,"column":2}},"25":{"start":{"line":48,"column":2},"end":{"line":52,"column":35}},"26":{"start":{"line":52,"column":18},"end":{"line":52,"column":34}},"27":{"start":{"line":55,"column":13},"end":{"line":57,"column":2}},"28":{"start":{"line":56,"column":2},"end":{"line":56,"column":34}},"29":{"start":{"line":59,"column":30},"end":{"line":84,"column":1}},"30":{"start":{"line":60,"column":15},"end":{"line":60,"column":27}},"31":{"start":{"line":61,"column":2},"end":{"line":63,"column":null}},"32":{"start":{"line":62,"column":4},"end":{"line":62,"column":11}},"33":{"start":{"line":64,"column":15},"end":{"line":66,"column":4}},"34":{"start":{"line":68,"column":2},"end":{"line":70,"column":5}},"35":{"start":{"line":69,"column":4},"end":{"line":69,"column":35}},"36":{"start":{"line":72,"column":2},"end":{"line":74,"column":5}},"37":{"start":{"line":73,"column":4},"end":{"line":73,"column":35}},"38":{"start":{"line":76,"column":2},"end":{"line":78,"column":5}},"39":{"start":{"line":77,"column":4},"end":{"line":77,"column":43}},"40":{"start":{"line":80,"column":2},"end":{"line":83,"column":5}},"41":{"start":{"line":81,"column":4},"end":{"line":81,"column":58}},"42":{"start":{"line":82,"column":4},"end":{"line":82,"column":44}}},"fnMap":{"0":{"name":"(anonymous_1)","decl":{"start":{"line":8,"column":21},"end":{"line":8,"column":22}},"loc":{"start":{"line":8,"column":38},"end":{"line":14,"column":1}}},"1":{"name":"(anonymous_2)","decl":{"start":{"line":16,"column":25},"end":{"line":16,"column":26}},"loc":{"start":{"line":16,"column":52},"end":{"line":27,"column":1}}},"2":{"name":"(anonymous_3)","decl":{"start":{"line":17,"column":27},"end":{"line":17,"column":28}},"loc":{"start":{"line":17,"column":36},"end":{"line":26,"column":3}}},"3":{"name":"(anonymous_4)","decl":{"start":{"line":29,"column":29},"end":{"line":29,"column":null}},"loc":{"start":{"line":29,"column":29},"end":{"line":39,"column":1}}},"4":{"name":"(anonymous_5)","decl":{"start":{"line":30,"column":25},"end":{"line":30,"column":26}},"loc":{"start":{"line":30,"column":34},"end":{"line":38,"column":3}}},"5":{"name":"(anonymous_6)","decl":{"start":{"line":41,"column":17},"end":{"line":41,"column":null}},"loc":{"start":{"line":41,"column":17},"end":{"line":45,"column":1}}},"6":{"name":"(anonymous_7)","decl":{"start":{"line":44,"column":10},"end":{"line":44,"column":11}},"loc":{"start":{"line":44,"column":13},"end":{"line":44,"column":20}}},"7":{"name":"(anonymous_8)","decl":{"start":{"line":47,"column":26},"end":{"line":47,"column":null}},"loc":{"start":{"line":47,"column":26},"end":{"line":53,"column":1}}},"8":{"name":"(anonymous_9)","decl":{"start":{"line":52,"column":10},"end":{"line":52,"column":11}},"loc":{"start":{"line":52,"column":13},"end":{"line":52,"column":20}}},"9":{"name":"(anonymous_10)","decl":{"start":{"line":55,"column":41},"end":{"line":55,"column":42}},"loc":{"start":{"line":55,"column":57},"end":{"line":57,"column":1}}},"10":{"name":"(anonymous_11)","decl":{"start":{"line":59,"column":30},"end":{"line":59,"column":31}},"loc":{"start":{"line":59,"column":61},"end":{"line":84,"column":1}}},"11":{"name":"(anonymous_12)","decl":{"start":{"line":68,"column":27},"end":{"line":68,"column":28}},"loc":{"start":{"line":68,"column":32},"end":{"line":70,"column":3}}},"12":{"name":"(anonymous_13)","decl":{"start":{"line":72,"column":27},"end":{"line":72,"column":28}},"loc":{"start":{"line":72,"column":32},"end":{"line":74,"column":3}}},"13":{"name":"(anonymous_14)","decl":{"start":{"line":76,"column":21},"end":{"line":76,"column":22}},"loc":{"start":{"line":76,"column":27},"end":{"line":78,"column":3}}},"14":{"name":"(anonymous_15)","decl":{"start":{"line":80,"column":21},"end":{"line":80,"column":22}},"loc":{"start":{"line":80,"column":26},"end":{"line":83,"column":3}}}},"branchMap":{"0":{"loc":{"start":{"line":61,"column":2},"end":{"line":63,"column":null}},"type":"if","locations":[{"start":{"line":61,"column":2},"end":{"line":63,"column":null}},{"start":{"line":61,"column":2},"end":{"line":63,"column":null}}]}},"s":{"0":5,"1":5,"2":5,"3":5,"4":5,"5":1,"6":5,"7":1,"8":1,"9":1,"10":1,"11":1,"12":0,"13":0,"14":5,"15":0,"16":0,"17":0,"18":0,"19":0,"20":0,"21":5,"22":0,"23":0,"24":5,"25":0,"26":0,"27":5,"28":0,"29":5,"30":0,"31":0,"32":0,"33":0,"34":0,"35":0,"36":0,"37":0,"38":0,"39":0,"40":0,"41":0,"42":0},"f":{"0":1,"1":1,"2":1,"3":0,"4":0,"5":0,"6":0,"7":0,"8":0,"9":0,"10":0,"11":0,"12":0,"13":0,"14":0},"b":{"0":[0,0]}}
,"C:\\Users\\User\\Desktop\\app\\PLCGenerator-GUI\\src\\services\\electron\\index.ts": {"path":"C:\\Users\\User\\Desktop\\app\\PLCGenerator-GUI\\src\\services\\electron\\index.ts","statementMap":{"0":{"start":{"line":1,"column":0},"end":{"line":1,"column":28}},"1":{"start":{"line":2,"column":0},"end":{"line":2,"column":26}}},"fnMap":{},"branchMap":{},"s":{"0":4,"1":4},"f":{},"b":{}}
,"C:\\Users\\User\\Desktop\\app\\PLCGenerator-GUI\\src\\services\\electron\\initial.ts": {"path":"C:\\Users\\User\\Desktop\\app\\PLCGenerator-GUI\\src\\services\\electron\\initial.ts","statementMap":{"0":{"start":{"line":1,"column":0},"end":{"line":1,"column":38}},"1":{"start":{"line":3,"column":13},"end":{"line":19,"column":2}},"2":{"start":{"line":4,"column":17},"end":{"line":7,"column":null}},"3":{"start":{"line":10,"column":2},"end":{"line":12,"column":5}},"4":{"start":{"line":11,"column":4},"end":{"line":11,"column":35}},"5":{"start":{"line":14,"column":2},"end":{"line":16,"column":5}},"6":{"start":{"line":15,"column":4},"end":{"line":15,"column":35}},"7":{"start":{"line":18,"column":2},"end":{"line":18,"column":16}}},"fnMap":{"0":{"name":"(anonymous_0)","decl":{"start":{"line":3,"column":25},"end":{"line":3,"column":null}},"loc":{"start":{"line":3,"column":25},"end":{"line":19,"column":1}}},"1":{"name":"(anonymous_1)","decl":{"start":{"line":10,"column":27},"end":{"line":10,"column":28}},"loc":{"start":{"line":10,"column":32},"end":{"line":12,"column":3}}},"2":{"name":"(anonymous_2)","decl":{"start":{"line":14,"column":27},"end":{"line":14,"column":28}},"loc":{"start":{"line":14,"column":32},"end":{"line":16,"column":3}}}},"branchMap":{},"s":{"0":4,"1":4,"2":0,"3":0,"4":0,"5":0,"6":0,"7":0},"f":{"0":0,"1":0,"2":0},"b":{}}
,"C:\\Users\\User\\Desktop\\app\\PLCGenerator-GUI\\src\\services\\errorHandling\\index.ts": {"path":"C:\\Users\\User\\Desktop\\app\\PLCGenerator-GUI\\src\\services\\errorHandling\\index.ts","statementMap":{"0":{"start":{"line":1,"column":0},"end":{"line":1,"column":26}}},"fnMap":{},"branchMap":{},"s":{"0":5},"f":{},"b":{}}
,"C:\\Users\\User\\Desktop\\app\\PLCGenerator-GUI\\src\\services\\errorHandling\\request.ts": {"path":"C:\\Users\\User\\Desktop\\app\\PLCGenerator-GUI\\src\\services\\errorHandling\\request.ts","statementMap":{"0":{"start":{"line":3,"column":13},"end":{"line":5,"column":2}},"1":{"start":{"line":4,"column":2},"end":{"line":4,"column":61}},"2":{"start":{"line":7,"column":13},"end":{"line":14,"column":2}},"3":{"start":{"line":8,"column":8},"end":{"line":8,"column":null}},"4":{"start":{"line":10,"column":2},"end":{"line":13,"column":9}},"5":{"start":{"line":11,"column":26},"end":{"line":11,"column":67}},"6":{"start":{"line":11,"column":47},"end":{"line":11,"column":67}},"7":{"start":{"line":12,"column":4},"end":{"line":12,"column":37}},"8":{"start":{"line":16,"column":24},"end":{"line":21,"column":1}},"9":{"start":{"line":17,"column":15},"end":{"line":17,"column":37}},"10":{"start":{"line":18,"column":2},"end":{"line":20,"column":21}},"11":{"start":{"line":19,"column":4},"end":{"line":19,"column":49}}},"fnMap":{"0":{"name":"(anonymous_0)","decl":{"start":{"line":3,"column":35},"end":{"line":3,"column":36}},"loc":{"start":{"line":3,"column":46},"end":{"line":5,"column":1}}},"1":{"name":"(anonymous_1)","decl":{"start":{"line":7,"column":35},"end":{"line":7,"column":36}},"loc":{"start":{"line":9,"column":23},"end":{"line":14,"column":1}}},"2":{"name":"(anonymous_2)","decl":{"start":{"line":10,"column":23},"end":{"line":10,"column":24}},"loc":{"start":{"line":10,"column":41},"end":{"line":13,"column":3}}},"3":{"name":"(anonymous_3)","decl":{"start":{"line":11,"column":39},"end":{"line":11,"column":40}},"loc":{"start":{"line":11,"column":42},"end":{"line":11,"column":62}}},"4":{"name":"(anonymous_4)","decl":{"start":{"line":16,"column":24},"end":{"line":16,"column":25}},"loc":{"start":{"line":16,"column":40},"end":{"line":21,"column":1}}},"5":{"name":"(anonymous_5)","decl":{"start":{"line":18,"column":21},"end":{"line":18,"column":22}},"loc":{"start":{"line":18,"column":29},"end":{"line":20,"column":3}}}},"branchMap":{},"s":{"0":6,"1":1,"2":6,"3":3,"4":3,"5":5,"6":5,"7":5,"8":6,"9":5,"10":5,"11":12},"f":{"0":1,"1":3,"2":5,"3":5,"4":5,"5":12},"b":{}}
,"C:\\Users\\User\\Desktop\\app\\PLCGenerator-GUI\\tests\\handlers.ts": {"path":"C:\\Users\\User\\Desktop\\app\\PLCGenerator-GUI\\tests\\handlers.ts","statementMap":{"0":{"start":{"line":1,"column":0},"end":{"line":1,"column":27}},"1":{"start":{"line":2,"column":0},"end":{"line":2,"column":null}},"2":{"start":{"line":8,"column":13},"end":{"line":31,"column":2}},"3":{"start":{"line":10,"column":4},"end":{"line":10,"column":58}},"4":{"start":{"line":13,"column":4},"end":{"line":13,"column":62}},"5":{"start":{"line":16,"column":4},"end":{"line":16,"column":46}},"6":{"start":{"line":19,"column":4},"end":{"line":19,"column":46}},"7":{"start":{"line":22,"column":4},"end":{"line":22,"column":46}},"8":{"start":{"line":25,"column":4},"end":{"line":29,"column":6}}},"fnMap":{"0":{"name":"(anonymous_0)","decl":{"start":{"line":9,"column":46},"end":{"line":9,"column":47}},"loc":{"start":{"line":9,"column":60},"end":{"line":11,"column":3}}},"1":{"name":"(anonymous_1)","decl":{"start":{"line":12,"column":29},"end":{"line":12,"column":30}},"loc":{"start":{"line":12,"column":43},"end":{"line":14,"column":3}}},"2":{"name":"(anonymous_2)","decl":{"start":{"line":15,"column":36},"end":{"line":15,"column":37}},"loc":{"start":{"line":15,"column":50},"end":{"line":17,"column":3}}},"3":{"name":"(anonymous_3)","decl":{"start":{"line":18,"column":38},"end":{"line":18,"column":39}},"loc":{"start":{"line":18,"column":52},"end":{"line":20,"column":3}}},"4":{"name":"(anonymous_4)","decl":{"start":{"line":21,"column":41},"end":{"line":21,"column":42}},"loc":{"start":{"line":21,"column":55},"end":{"line":23,"column":3}}},"5":{"name":"(anonymous_5)","decl":{"start":{"line":24,"column":47},"end":{"line":24,"column":48}},"loc":{"start":{"line":24,"column":61},"end":{"line":30,"column":3}}}},"branchMap":{},"s":{"0":11,"1":11,"2":11,"3":1,"4":1,"5":2,"6":2,"7":1,"8":1},"f":{"0":1,"1":1,"2":2,"3":2,"4":1,"5":1},"b":{}}
,"C:\\Users\\User\\Desktop\\app\\PLCGenerator-GUI\\tests\\server.ts": {"path":"C:\\Users\\User\\Desktop\\app\\PLCGenerator-GUI\\tests\\server.ts","statementMap":{"0":{"start":{"line":1,"column":0},"end":{"line":1,"column":39}},"1":{"start":{"line":2,"column":0},"end":{"line":2,"column":38}},"2":{"start":{"line":4,"column":13},"end":{"line":4,"column":47}}},"fnMap":{},"branchMap":{},"s":{"0":11,"1":11,"2":11},"f":{},"b":{}}
,"C:\\Users\\User\\Desktop\\app\\PLCGenerator-GUI\\tests\\responses\\index.ts": {"path":"C:\\Users\\User\\Desktop\\app\\PLCGenerator-GUI\\tests\\responses\\index.ts","statementMap":{"0":{"start":{"line":1,"column":0},"end":{"line":1,"column":23}},"1":{"start":{"line":2,"column":0},"end":{"line":2,"column":25}},"2":{"start":{"line":3,"column":0},"end":{"line":3,"column":25}}},"fnMap":{},"branchMap":{},"s":{"0":11,"1":11,"2":11},"f":{},"b":{}}
,"C:\\Users\\User\\Desktop\\app\\PLCGenerator-GUI\\tests\\responses\\Errors\\acceptParameter.ts": {"path":"C:\\Users\\User\\Desktop\\app\\PLCGenerator-GUI\\tests\\responses\\Errors\\acceptParameter.ts","statementMap":{"0":{"start":{"line":3,"column":13},"end":{"line":15,"column":2}},"1":{"start":{"line":17,"column":13},"end":{"line":44,"column":2}}},"fnMap":{},"branchMap":{},"s":{"0":11,"1":11},"f":{},"b":{}}
,"C:\\Users\\User\\Desktop\\app\\PLCGenerator-GUI\\tests\\responses\\Errors\\index.ts": {"path":"C:\\Users\\User\\Desktop\\app\\PLCGenerator-GUI\\tests\\responses\\Errors\\index.ts","statementMap":{"0":{"start":{"line":1,"column":0},"end":{"line":1,"column":34}}},"fnMap":{},"branchMap":{},"s":{"0":11},"f":{},"b":{}}
,"C:\\Users\\User\\Desktop\\app\\PLCGenerator-GUI\\tests\\responses\\Export\\generateAndExport.ts": {"path":"C:\\Users\\User\\Desktop\\app\\PLCGenerator-GUI\\tests\\responses\\Export\\generateAndExport.ts","statementMap":{"0":{"start":{"line":1,"column":13},"end":{"line":3,"column":2}}},"fnMap":{},"branchMap":{},"s":{"0":11},"f":{},"b":{}}
,"C:\\Users\\User\\Desktop\\app\\PLCGenerator-GUI\\tests\\responses\\Export\\index.ts": {"path":"C:\\Users\\User\\Desktop\\app\\PLCGenerator-GUI\\tests\\responses\\Export\\index.ts","statementMap":{"0":{"start":{"line":1,"column":0},"end":{"line":1,"column":36}}},"fnMap":{},"branchMap":{},"s":{"0":11},"f":{},"b":{}}
,"C:\\Users\\User\\Desktop\\app\\PLCGenerator-GUI\\tests\\responses\\Home\\homeFormSubmit.ts": {"path":"C:\\Users\\User\\Desktop\\app\\PLCGenerator-GUI\\tests\\responses\\Home\\homeFormSubmit.ts","statementMap":{"0":{"start":{"line":6,"column":13},"end":{"line":1646,"column":2}},"1":{"start":{"line":1647,"column":13},"end":{"line":2284,"column":2}},"2":{"start":{"line":2286,"column":13},"end":{"line":3287,"column":2}},"3":{"start":{"line":3289,"column":13},"end":{"line":3294,"column":2}},"4":{"start":{"line":3290,"column":14},"end":{"line":3293,"column":null}}},"fnMap":{"0":{"name":"(anonymous_2)","decl":{"start":{"line":3290,"column":2},"end":{"line":3290,"column":3}},"loc":{"start":{"line":3290,"column":9},"end":{"line":3290,"column":null}}}},"branchMap":{},"s":{"0":11,"1":11,"2":11,"3":11,"4":1100},"f":{"0":1100},"b":{}}
,"C:\\Users\\User\\Desktop\\app\\PLCGenerator-GUI\\tests\\responses\\Home\\index.ts": {"path":"C:\\Users\\User\\Desktop\\app\\PLCGenerator-GUI\\tests\\responses\\Home\\index.ts","statementMap":{"0":{"start":{"line":1,"column":0},"end":{"line":1,"column":null}},"1":{"start":{"line":2,"column":2},"end":{"line":2,"column":null}},"2":{"start":{"line":3,"column":2},"end":{"line":3,"column":null}},"3":{"start":{"line":4,"column":2},"end":{"line":4,"column":null}},"4":{"start":{"line":5,"column":2},"end":{"line":5,"column":null}}},"fnMap":{"0":{"name":"(anonymous_0)","decl":{"start":{"line":2,"column":2},"end":{"line":2,"column":16}},"loc":{"start":{"line":2,"column":2},"end":{"line":2,"column":null}}},"1":{"name":"(anonymous_1)","decl":{"start":{"line":3,"column":2},"end":{"line":3,"column":23}},"loc":{"start":{"line":3,"column":2},"end":{"line":3,"column":null}}},"2":{"name":"(anonymous_2)","decl":{"start":{"line":4,"column":2},"end":{"line":4,"column":20}},"loc":{"start":{"line":4,"column":2},"end":{"line":4,"column":null}}},"3":{"name":"(anonymous_3)","decl":{"start":{"line":5,"column":2},"end":{"line":5,"column":28}},"loc":{"start":{"line":5,"column":2},"end":{"line":5,"column":null}}}},"branchMap":{},"s":{"0":11,"1":12,"2":13,"3":12,"4":38},"f":{"0":1,"1":2,"2":1,"3":27},"b":{}}
}
