TN:
SF:src\api\config.ts
FNF:0
FNH:0
DA:2,5
LF:1
LH:1
BRDA:2,0,0,5
BRDA:2,0,1,5
BRF:2
BRH:2
end_of_record
TN:
SF:src\api\index.ts
FNF:0
FNH:0
DA:1,3
DA:2,3
DA:3,3
LF:3
LH:3
BRF:0
BRH:0
end_of_record
TN:
SF:src\api\dashboard\acceptParameter.ts
FN:5,(anonymous_1)
FN:12,(anonymous_2)
FN:13,(anonymous_3)
FN:26,(anonymous_4)
FN:34,(anonymous_5)
FN:39,(anonymous_6)
FN:50,(anonymous_7)
FN:66,(anonymous_8)
FNF:8
FNH:7
FNDA:4,(anonymous_1)
FNDA:4,(anonymous_2)
FNDA:16,(anonymous_3)
FNDA:28,(anonymous_4)
FNDA:2,(anonymous_5)
FNDA:2,(anonymous_6)
FNDA:2,(anonymous_7)
FNDA:0,(anonymous_8)
DA:1,5
DA:2,5
DA:5,5
DA:6,4
DA:7,2
DA:9,2
DA:12,5
DA:13,4
DA:14,16
DA:15,16
DA:17,8
DA:18,8
DA:21,8
DA:22,8
DA:26,5
DA:27,28
DA:29,28
DA:34,5
DA:37,2
DA:39,2
DA:50,5
DA:54,2
DA:66,0
LF:23
LH:22
BRDA:6,0,0,2
BRDA:6,0,1,2
BRDA:15,1,0,8
BRDA:15,1,1,8
BRDA:27,2,0,0
BRDA:27,2,1,28
BRDA:30,3,0,16
BRDA:30,3,1,12
BRDA:29,4,0,28
BRDA:29,4,1,28
BRF:10
BRH:9
end_of_record
TN:
SF:src\api\dashboard\index.ts
FNF:0
FNH:0
DA:1,4
DA:2,4
LF:2
LH:2
BRF:0
BRH:0
end_of_record
TN:
SF:src\api\dashboard\menu.ts
FN:6,(anonymous_1)
FN:15,(anonymous_2)
FN:18,(anonymous_3)
FNF:3
FNH:3
FNDA:1,(anonymous_1)
FNDA:1,(anonymous_2)
FNDA:1,(anonymous_3)
DA:1,4
DA:2,4
DA:6,4
DA:7,1
DA:15,1
DA:18,4
DA:19,1
LF:7
LH:7
BRF:0
BRH:0
end_of_record
TN:
SF:src\api\home\homeForm.ts
FN:10,(anonymous_3)
FN:18,(anonymous_4)
FN:24,(anonymous_5)
FN:25,(anonymous_6)
FN:32,(anonymous_7)
FN:38,(anonymous_8)
FN:46,(anonymous_9)
FN:49,(anonymous_10)
FNF:8
FNH:7
FNDA:1,(anonymous_3)
FNDA:1,(anonymous_4)
FNDA:1,(anonymous_5)
FNDA:100,(anonymous_6)
FNDA:1,(anonymous_7)
FNDA:0,(anonymous_8)
FNDA:1,(anonymous_9)
FNDA:1,(anonymous_10)
DA:1,4
DA:2,4
DA:10,4
DA:13,1
DA:18,1
DA:25,100
DA:32,4
DA:35,1
DA:38,0
DA:46,4
DA:49,1
LF:11
LH:10
BRF:0
BRH:0
end_of_record
TN:
SF:src\api\home\index.ts
FNF:0
FNH:0
DA:1,4
LF:1
LH:1
BRF:0
BRH:0
end_of_record
TN:
SF:src\components\index.tsx
FNF:0
FNH:0
DA:1,1
DA:2,1
DA:3,1
LF:3
LH:3
BRF:0
BRH:0
end_of_record
TN:
SF:src\components\common\Notification.tsx
FN:8,(anonymous_3)
FN:12,(anonymous_4)
FN:23,(anonymous_5)
FN:29,(anonymous_6)
FNF:4
FNH:3
FNDA:11,(anonymous_3)
FNDA:23,(anonymous_4)
FNDA:49,(anonymous_5)
FNDA:0,(anonymous_6)
DA:1,5
DA:2,5
DA:3,5
DA:6,5
DA:8,5
DA:9,11
DA:12,23
DA:23,5
DA:26,196
DA:27,49
DA:29,49
DA:33,0
DA:34,0
DA:37,0
DA:38,0
DA:41,49
LF:16
LH:12
BRDA:33,0,0,0
BRDA:33,0,1,0
BRF:2
BRH:0
end_of_record
TN:
SF:src\components\common\index.ts
FNF:0
FNH:0
DA:1,5
LF:1
LH:1
BRF:0
BRH:0
end_of_record
TN:
SF:src\components\dashboard\DashboardMenu.tsx
FN:19,(anonymous_1)
FN:34,(anonymous_2)
FN:50,(anonymous_3)
FN:64,(anonymous_4)
FN:68,(anonymous_5)
FN:72,(anonymous_6)
FN:76,(anonymous_7)
FN:127,(anonymous_8)
FN:130,(anonymous_9)
FNF:9
FNH:7
FNDA:31,(anonymous_1)
FNDA:31,(anonymous_2)
FNDA:7,(anonymous_3)
FNDA:8,(anonymous_4)
FNDA:0,(anonymous_5)
FNDA:0,(anonymous_6)
FNDA:1,(anonymous_7)
FNDA:124,(anonymous_8)
FNDA:7,(anonymous_9)
DA:1,3
DA:2,3
DA:3,3
DA:4,3
DA:5,3
DA:6,3
DA:7,3
DA:8,3
DA:9,3
DA:10,3
DA:11,3
DA:12,3
DA:15,3
DA:19,31
DA:32,3
DA:34,3
DA:42,124
DA:43,31
DA:44,31
DA:45,31
DA:46,31
DA:50,31
DA:51,7
DA:52,7
DA:53,2
DA:54,1
DA:56,1
DA:59,7
DA:60,7
DA:61,7
DA:64,31
DA:65,8
DA:68,31
DA:69,0
DA:72,31
DA:73,0
DA:76,31
DA:77,1
DA:78,1
DA:81,31
DA:127,124
DA:130,7
LF:42
LH:40
BRDA:51,0,0,2
BRDA:51,0,1,5
BRDA:52,1,0,2
BRDA:52,1,1,5
BRDA:53,2,0,1
BRDA:53,2,1,1
BRDA:59,3,0,2
BRDA:59,3,1,5
BRDA:60,4,0,1
BRDA:60,4,1,6
BRF:10
BRH:10
end_of_record
TN:
SF:src\components\dashboard\DashboardNavigation.tsx
FN:34,(anonymous_7)
FN:50,(anonymous_8)
FN:62,(anonymous_9)
FN:69,(anonymous_10)
FN:71,(anonymous_11)
FN:75,(anonymous_12)
FN:81,(anonymous_13)
FN:82,(anonymous_14)
FN:85,(anonymous_15)
FN:87,(anonymous_16)
FN:90,(anonymous_17)
FN:93,(anonymous_18)
FN:97,(anonymous_19)
FN:101,(anonymous_20)
FN:106,(anonymous_21)
FN:109,(anonymous_22)
FNF:16
FNH:10
FNDA:6,(anonymous_7)
FNDA:10,(anonymous_8)
FNDA:2,(anonymous_9)
FNDA:1,(anonymous_10)
FNDA:1,(anonymous_11)
FNDA:1,(anonymous_12)
FNDA:0,(anonymous_13)
FNDA:1,(anonymous_14)
FNDA:1,(anonymous_15)
FNDA:1,(anonymous_16)
FNDA:0,(anonymous_17)
FNDA:1,(anonymous_18)
FNDA:0,(anonymous_19)
FNDA:0,(anonymous_20)
FNDA:0,(anonymous_21)
FNDA:0,(anonymous_22)
DA:1,3
DA:2,3
DA:3,3
DA:4,3
DA:5,3
DA:6,3
DA:7,3
DA:8,3
DA:9,3
DA:11,3
DA:12,3
DA:17,3
DA:19,3
DA:24,3
DA:34,6
DA:50,3
DA:53,20
DA:54,10
DA:55,10
DA:56,10
DA:57,10
DA:58,10
DA:59,10
DA:60,10
DA:62,10
DA:66,2
DA:69,10
DA:70,1
DA:72,1
DA:73,1
DA:76,1
DA:77,1
DA:81,0
DA:82,1
DA:85,10
DA:86,1
DA:88,1
DA:90,0
DA:93,10
DA:94,1
DA:98,0
DA:99,0
DA:102,0
DA:106,0
DA:109,10
DA:111,10
LF:46
LH:40
BRF:0
BRH:0
end_of_record
TN:
SF:src\components\dashboard\DashboardTable.tsx
FN:13,(anonymous_1)
FN:67,(anonymous_2)
FN:75,(anonymous_3)
FNF:3
FNH:3
FNDA:1,(anonymous_1)
FNDA:1,(anonymous_2)
FNDA:1,(anonymous_3)
DA:1,3
DA:2,3
DA:3,3
DA:5,3
DA:7,3
DA:9,3
DA:10,3
DA:11,3
DA:13,3
DA:67,3
DA:75,3
DA:76,1
DA:77,1
DA:78,1
DA:80,1
DA:87,3
LF:16
LH:16
BRF:0
BRH:0
end_of_record
TN:
SF:src\components\dashboard\DashboardTree.tsx
FN:46,(anonymous_7)
FN:58,(anonymous_8)
FN:62,(anonymous_9)
FN:66,(anonymous_10)
FN:72,(anonymous_11)
FN:74,(anonymous_12)
FN:76,(anonymous_13)
FN:80,(anonymous_14)
FN:90,(anonymous_15)
FN:94,(anonymous_16)
FN:102,(anonymous_17)
FN:115,(anonymous_18)
FN:131,(anonymous_19)
FN:139,(anonymous_20)
FN:144,(anonymous_21)
FNF:15
FNH:14
FNDA:76,(anonymous_7)
FNDA:23,(anonymous_8)
FNDA:25,(anonymous_9)
FNDA:2,(anonymous_10)
FNDA:17,(anonymous_11)
FNDA:17,(anonymous_12)
FNDA:0,(anonymous_13)
FNDA:25,(anonymous_14)
FNDA:1,(anonymous_15)
FNDA:25,(anonymous_16)
FNDA:975,(anonymous_17)
FNDA:17,(anonymous_18)
FNDA:950,(anonymous_19)
FNDA:25,(anonymous_20)
FNDA:25,(anonymous_21)
DA:1,3
DA:2,3
DA:3,3
DA:4,3
DA:5,3
DA:6,3
DA:8,3
DA:9,3
DA:15,3
DA:16,3
DA:31,3
DA:46,3
DA:48,76
DA:49,76
DA:50,76
DA:51,76
DA:52,76
DA:53,76
DA:54,76
DA:55,76
DA:56,76
DA:58,76
DA:59,23
DA:62,76
DA:63,25
DA:66,76
DA:69,2
DA:72,76
DA:73,17
DA:74,17
DA:76,0
DA:80,76
DA:84,25
DA:90,1
DA:95,25
DA:102,76
DA:106,975
DA:107,975
DA:109,975
DA:116,17
DA:119,17
DA:132,950
DA:139,76
DA:144,76
DA:149,76
DA:173,3
LF:46
LH:45
BRDA:73,0,0,17
BRDA:73,0,1,0
BRDA:94,1,0,25
BRDA:94,1,1,0
BRDA:125,2,0,425
BRDA:125,2,1,550
BRDA:127,3,0,2
BRDA:127,3,1,973
BRDA:131,4,0,975
BRDA:131,4,1,0
BRDA:160,5,0,72
BRDA:160,5,1,4
BRDA:166,6,0,76
BRDA:166,6,1,51
BRDA:166,7,0,51
BRDA:166,7,1,25
BRDA:166,8,0,76
BRDA:166,8,1,25
BRF:18
BRH:15
end_of_record
TN:
SF:src\components\dashboard\DashboardTreePanel.tsx
FN:29,(anonymous_7)
FN:37,(anonymous_8)
FN:52,(anonymous_9)
FN:66,(anonymous_10)
FN:70,(anonymous_11)
FN:72,(anonymous_12)
FN:74,(anonymous_13)
FN:84,(anonymous_14)
FN:101,(anonymous_15)
FNF:9
FNH:5
FNDA:23,(anonymous_7)
FNDA:32,(anonymous_8)
FNDA:84,(anonymous_9)
FNDA:32,(anonymous_10)
FNDA:0,(anonymous_11)
FNDA:0,(anonymous_12)
FNDA:0,(anonymous_13)
FNDA:0,(anonymous_14)
FNDA:53,(anonymous_15)
DA:1,3
DA:2,3
DA:3,3
DA:4,3
DA:5,3
DA:6,3
DA:7,3
DA:9,3
DA:14,3
DA:29,23
DA:37,3
DA:43,32
DA:44,32
DA:46,0
DA:47,0
DA:49,32
DA:52,3
DA:55,84
DA:56,84
DA:57,84
DA:58,84
DA:60,84
DA:62,33
DA:63,1
DA:65,32
DA:66,32
DA:70,32
DA:71,0
DA:73,0
DA:74,0
DA:76,0
DA:82,0
DA:85,0
DA:86,0
DA:90,32
DA:101,53
DA:138,3
LF:37
LH:28
BRDA:60,0,0,51
BRDA:60,0,1,33
BRDA:62,1,0,1
BRDA:62,1,1,32
BRDA:100,2,0,26
BRDA:100,2,1,6
BRDA:119,3,0,26
BRDA:119,3,1,6
BRF:8
BRH:8
end_of_record
TN:
SF:src\components\dashboard\index.tsx
FNF:0
FNH:0
DA:1,2
DA:2,2
DA:3,2
DA:4,2
DA:5,2
DA:6,2
LF:6
LH:6
BRF:0
BRH:0
end_of_record
TN:
SF:src\components\dashboard\utils.ts
FN:6,(anonymous_1)
FN:11,(anonymous_2)
FN:17,(anonymous_3)
FN:24,(anonymous_4)
FN:26,(anonymous_5)
FN:33,(anonymous_6)
FN:43,(anonymous_7)
FN:44,(anonymous_8)
FN:53,(anonymous_9)
FN:54,(anonymous_10)
FN:66,(anonymous_11)
FN:70,(anonymous_12)
FN:77,(anonymous_13)
FN:91,(anonymous_14)
FN:99,(anonymous_15)
FN:104,(anonymous_16)
FN:110,(anonymous_17)
FN:118,(anonymous_18)
FN:123,(anonymous_19)
FN:128,(anonymous_20)
FN:134,(anonymous_21)
FN:142,(anonymous_22)
FN:147,(anonymous_23)
FN:154,(anonymous_24)
FN:157,(anonymous_25)
FN:159,(anonymous_26)
FNF:26
FNH:26
FNDA:17,(anonymous_1)
FNDA:920,(anonymous_2)
FNDA:897,(anonymous_3)
FNDA:400,(anonymous_4)
FNDA:475,(anonymous_5)
FNDA:375,(anonymous_6)
FNDA:350,(anonymous_7)
FNDA:350,(anonymous_8)
FNDA:325,(anonymous_9)
FNDA:325,(anonymous_10)
FNDA:950,(anonymous_11)
FNDA:975,(anonymous_12)
FNDA:975,(anonymous_13)
FNDA:6940,(anonymous_14)
FNDA:25,(anonymous_15)
FNDA:25,(anonymous_16)
FNDA:975,(anonymous_17)
FNDA:950,(anonymous_18)
FNDA:25,(anonymous_19)
FNDA:25,(anonymous_20)
FNDA:975,(anonymous_21)
FNDA:950,(anonymous_22)
FNDA:4990,(anonymous_23)
FNDA:4015,(anonymous_24)
FNDA:17,(anonymous_25)
FNDA:638,(anonymous_26)
DA:6,17
DA:11,3
DA:15,920
DA:16,920
DA:18,897
DA:21,920
DA:24,400
DA:25,400
DA:27,475
DA:28,425
DA:30,50
DA:34,375
DA:35,375
DA:37,0
DA:43,350
DA:44,350
DA:45,350
DA:46,350
DA:48,0
DA:53,325
DA:54,325
DA:55,325
DA:56,325
DA:58,0
DA:66,950
DA:67,950
DA:70,3
DA:74,975
DA:77,3
DA:83,975
DA:84,950
DA:85,400
DA:86,350
DA:87,325
DA:88,0
DA:91,3
DA:95,6940
DA:96,523
DA:99,3
DA:103,25
DA:104,25
DA:105,25
DA:107,25
DA:110,3
DA:115,975
DA:116,2
DA:118,975
DA:119,950
DA:123,3
DA:127,25
DA:128,25
DA:129,25
DA:131,25
DA:134,3
DA:139,975
DA:140,6
DA:142,975
DA:143,950
DA:147,3
DA:151,4990
DA:152,6
DA:154,4984
DA:157,3
DA:158,17
DA:159,638
DA:161,1
LF:66
LH:62
BRDA:17,0,0,920
BRDA:17,0,1,0
BRDA:26,1,0,400
BRDA:26,1,1,375
BRDA:27,2,0,425
BRDA:27,2,1,50
BRDA:34,3,0,375
BRDA:34,3,1,0
BRDA:45,4,0,350
BRDA:45,4,1,0
BRDA:55,5,0,325
BRDA:55,5,1,0
BRDA:56,6,0,325
BRDA:56,6,1,325
BRDA:59,7,0,0
BRDA:59,7,1,0
BRDA:83,8,0,25
BRDA:83,8,1,950
BRDA:84,9,0,550
BRDA:84,9,1,400
BRDA:85,10,0,50
BRDA:85,10,1,350
BRDA:86,11,0,25
BRDA:86,11,1,325
BRDA:87,12,0,325
BRDA:87,12,1,0
BRDA:95,13,0,6417
BRDA:95,13,1,523
BRDA:115,14,0,2
BRDA:115,14,1,973
BRDA:139,15,0,6
BRDA:139,15,1,969
BRDA:151,16,0,6
BRDA:151,16,1,4984
BRDA:158,17,0,16
BRDA:158,17,1,1
BRF:36
BRH:29
end_of_record
TN:
SF:src\components\dashboard\context\dashboardActions.ts
FN:19,(anonymous_0)
FN:26,(anonymous_1)
FN:35,(anonymous_2)
FN:42,(anonymous_3)
FN:49,(anonymous_4)
FNF:5
FNH:4
FNDA:1,(anonymous_0)
FNDA:1,(anonymous_1)
FNDA:1,(anonymous_2)
FNDA:26,(anonymous_3)
FNDA:0,(anonymous_4)
DA:12,7
DA:13,7
DA:14,7
DA:15,7
DA:16,7
DA:17,7
DA:19,7
DA:21,1
DA:26,7
DA:29,1
DA:35,7
DA:37,1
DA:42,7
DA:44,26
DA:49,7
LF:15
LH:15
BRF:0
BRH:0
end_of_record
TN:
SF:src\components\dashboard\context\dashboardContext.tsx
FN:23,(anonymous_1)
FN:41,(anonymous_2)
FN:51,(anonymous_3)
FNF:3
FNH:3
FNDA:65,(anonymous_1)
FNDA:118,(anonymous_2)
FNDA:284,(anonymous_3)
DA:1,6
DA:2,6
DA:9,6
DA:12,6
DA:16,6
DA:23,6
DA:24,65
DA:25,65
DA:27,65
DA:32,65
DA:41,6
DA:42,118
DA:43,118
DA:44,0
DA:48,118
DA:51,6
DA:52,284
DA:53,284
DA:54,0
DA:58,284
DA:61,6
LF:21
LH:19
BRDA:25,0,0,9
BRDA:25,0,1,56
BRDA:43,1,0,0
BRDA:43,1,1,118
BRDA:53,2,0,0
BRDA:53,2,1,284
BRF:6
BRH:4
end_of_record
TN:
SF:src\components\dashboard\context\dashboardReducer.ts
FN:16,(anonymous_3)
FN:25,(anonymous_4)
FN:31,(anonymous_5)
FNF:3
FNH:1
FNDA:0,(anonymous_3)
FNDA:0,(anonymous_4)
FNDA:29,(anonymous_5)
DA:1,7
DA:16,7
DA:20,0
DA:21,0
DA:24,0
DA:26,0
DA:31,7
DA:35,29
DA:37,1
DA:40,1
DA:44,1
DA:46,1
DA:52,1
DA:55,26
DA:58,0
DA:60,0
DA:61,0
DA:62,0
DA:65,0
LF:19
LH:10
BRDA:20,0,0,0
BRDA:20,0,1,0
BRDA:25,1,0,0
BRDA:25,1,1,0
BRDA:36,2,0,1
BRDA:36,2,1,1
BRDA:36,2,2,1
BRDA:36,2,3,26
BRDA:36,2,4,0
BRDA:36,2,5,0
BRDA:58,3,0,0
BRDA:58,3,1,0
BRF:12
BRH:4
end_of_record
TN:
SF:src\components\dashboard\context\index.ts
FNF:0
FNH:0
DA:1,6
DA:2,6
DA:3,6
LF:3
LH:3
BRF:0
BRH:0
end_of_record
TN:
SF:src\components\dashboard\tree\CardHeaderPanel.tsx
FN:10,(anonymous_1)
FN:15,(anonymous_2)
FN:25,(anonymous_3)
FNF:3
FNH:3
FNDA:32,(anonymous_1)
FNDA:3,(anonymous_2)
FNDA:5,(anonymous_3)
DA:1,4
DA:2,4
DA:3,4
DA:4,4
DA:5,4
DA:8,4
DA:10,4
DA:11,96
DA:12,32
DA:13,32
DA:15,32
DA:16,3
DA:17,3
DA:19,0
DA:20,0
DA:21,0
DA:25,32
DA:26,5
DA:27,2
DA:29,3
DA:30,3
DA:31,3
DA:35,32
LF:23
LH:20
BRDA:16,0,0,3
BRDA:16,0,1,0
BRDA:20,1,0,0
BRDA:20,1,1,0
BRDA:26,2,0,2
BRDA:26,2,1,3
BRDA:30,3,0,0
BRDA:30,3,1,3
BRDA:39,4,0,31
BRDA:39,4,1,1
BRDA:46,5,0,31
BRDA:46,5,1,1
BRF:12
BRH:8
end_of_record
TN:
SF:src\components\dashboard\tree\CardSubmitPanel.tsx
FN:11,(anonymous_7)
FN:20,(anonymous_8)
FN:22,(anonymous_9)
FN:27,(anonymous_10)
FNF:4
FNH:4
FNDA:39,(anonymous_7)
FNDA:3,(anonymous_8)
FNDA:2,(anonymous_9)
FNDA:1,(anonymous_10)
DA:1,4
DA:2,4
DA:3,4
DA:4,4
DA:5,4
DA:6,4
DA:7,4
DA:11,4
DA:14,39
DA:15,39
DA:16,39
DA:17,39
DA:18,39
DA:20,39
DA:21,3
DA:23,2
DA:27,1
DA:30,39
LF:18
LH:18
BRF:0
BRH:0
end_of_record
TN:
SF:src\components\dashboard\tree\EmptyTreePanel.tsx
FN:8,(anonymous_1)
FNF:1
FNH:1
FNDA:1,(anonymous_1)
DA:1,4
DA:2,4
DA:3,4
DA:4,4
DA:6,4
DA:8,4
DA:9,1
DA:10,1
DA:12,1
LF:9
LH:9
BRF:0
BRH:0
end_of_record
TN:
SF:src\components\dashboard\tree\ParameterArrayTableBody.tsx
FN:29,(anonymous_7)
FN:42,(anonymous_8)
FN:48,(anonymous_9)
FN:52,(anonymous_10)
FN:67,(anonymous_11)
FN:67,(anonymous_12)
FN:78,(anonymous_13)
FN:78,(anonymous_14)
FN:84,(anonymous_15)
FN:93,(anonymous_16)
FN:139,(anonymous_17)
FNF:11
FNH:10
FNDA:80,(anonymous_7)
FNDA:50,(anonymous_8)
FNDA:62,(anonymous_9)
FNDA:35,(anonymous_10)
FNDA:126,(anonymous_11)
FNDA:0,(anonymous_12)
FNDA:34,(anonymous_13)
FNDA:27,(anonymous_14)
FNDA:1,(anonymous_15)
FNDA:4,(anonymous_16)
FNDA:160,(anonymous_17)
DA:1,4
DA:2,4
DA:3,4
DA:4,4
DA:5,4
DA:6,4
DA:7,4
DA:8,4
DA:9,4
DA:10,4
DA:12,4
DA:14,4
DA:15,4
DA:16,4
DA:17,4
DA:29,4
DA:32,320
DA:33,80
DA:34,80
DA:35,80
DA:36,80
DA:37,80
DA:42,80
DA:43,50
DA:44,0
DA:48,80
DA:49,62
DA:52,62
DA:53,35
DA:58,1
DA:61,1
DA:62,1
DA:67,126
DA:71,0
DA:72,0
DA:74,0
DA:78,80
DA:81,27
DA:84,80
DA:85,1
DA:86,1
DA:90,1
DA:94,4
DA:96,1
DA:100,80
DA:140,160
LF:46
LH:42
BRDA:43,0,0,0
BRDA:43,0,1,50
BRDA:49,1,0,27
BRDA:49,1,1,35
BRDA:53,2,0,1
BRDA:53,2,1,34
BRDA:71,3,0,0
BRDA:71,3,1,0
BRDA:85,4,0,1
BRDA:85,4,1,0
BRDA:158,5,0,126
BRDA:158,5,1,34
BRF:12
BRH:8
end_of_record
TN:
SF:src\components\dashboard\tree\ParameterCreate.tsx
FN:11,(anonymous_7)
FN:18,(anonymous_8)
FN:23,(anonymous_9)
FNF:3
FNH:3
FNDA:26,(anonymous_7)
FNDA:26,(anonymous_8)
FNDA:6,(anonymous_9)
DA:1,4
DA:3,4
DA:4,4
DA:6,4
DA:7,4
DA:11,4
DA:14,52
DA:15,26
DA:16,26
DA:17,26
DA:19,26
DA:23,26
DA:24,6
DA:27,6
DA:30,6
DA:32,6
DA:35,26
LF:17
LH:17
BRDA:27,0,0,6
BRDA:27,0,1,0
BRF:2
BRH:1
end_of_record
TN:
SF:src\components\dashboard\tree\ParameterSingleTableBody.tsx
FN:22,(anonymous_7)
FN:34,(anonymous_8)
FN:47,(anonymous_9)
FN:47,(anonymous_10)
FN:58,(anonymous_11)
FN:58,(anonymous_12)
FNF:6
FNH:3
FNDA:6,(anonymous_7)
FNDA:6,(anonymous_8)
FNDA:6,(anonymous_9)
FNDA:0,(anonymous_10)
FNDA:0,(anonymous_11)
FNDA:0,(anonymous_12)
DA:1,4
DA:2,4
DA:3,4
DA:4,4
DA:5,4
DA:6,4
DA:7,4
DA:8,4
DA:9,4
DA:12,4
DA:13,4
DA:14,4
DA:15,4
DA:22,4
DA:25,18
DA:26,6
DA:27,6
DA:28,6
DA:29,6
DA:34,6
DA:35,6
DA:39,0
DA:42,0
DA:43,0
DA:47,6
DA:51,0
DA:52,0
DA:54,0
DA:58,6
DA:61,0
DA:65,6
DA:67,6
LF:32
LH:25
BRDA:35,0,0,0
BRDA:35,0,1,6
BRDA:51,1,0,0
BRDA:51,1,1,0
BRDA:106,2,0,6
BRDA:106,2,1,0
BRF:6
BRH:2
end_of_record
TN:
SF:src\components\dashboard\tree\RootTreePanel.tsx
FN:8,(anonymous_1)
FNF:1
FNH:1
FNDA:51,(anonymous_1)
DA:1,4
DA:2,4
DA:3,4
DA:4,4
DA:6,4
DA:8,4
DA:9,51
DA:10,51
DA:12,51
LF:9
LH:9
BRF:0
BRH:0
end_of_record
TN:
SF:src\components\dashboard\tree\index.ts
FNF:0
FNH:0
DA:1,4
DA:2,4
DA:3,4
DA:4,4
DA:5,4
DA:6,4
DA:7,4
DA:8,4
DA:9,4
DA:10,4
DA:11,4
LF:11
LH:11
BRF:0
BRH:0
end_of_record
TN:
SF:src\components\dashboard\tree\utils.ts
FN:9,(anonymous_2)
FN:60,(anonymous_3)
FN:64,(anonymous_4)
FN:73,(anonymous_5)
FN:79,(anonymous_6)
FN:84,(anonymous_7)
FN:97,(anonymous_8)
FNF:7
FNH:5
FNDA:27,(anonymous_2)
FNDA:26,(anonymous_3)
FNDA:52,(anonymous_4)
FNDA:27,(anonymous_5)
FNDA:0,(anonymous_6)
FNDA:27,(anonymous_7)
FNDA:0,(anonymous_8)
DA:2,4
DA:5,4
DA:6,4
DA:7,4
DA:9,27
DA:60,4
DA:63,26
DA:66,52
DA:67,52
DA:73,27
DA:79,4
DA:84,4
DA:85,27
DA:87,0
DA:89,0
DA:92,54
DA:94,27
DA:97,0
DA:99,0
DA:100,0
DA:105,0
LF:21
LH:15
BRDA:66,0,0,1
BRDA:66,0,1,51
BRDA:86,1,0,0
BRDA:86,1,1,27
BRDA:86,1,2,0
BRDA:86,1,3,0
BRDA:99,2,0,0
BRDA:99,2,1,0
BRF:8
BRH:3
end_of_record
TN:
SF:src\components\dashboard\tree\Inputs\DashboardInput.tsx
FN:9,(anonymous_1)
FN:13,(anonymous_2)
FNF:2
FNH:2
FNDA:4,(anonymous_1)
FNDA:34,(anonymous_2)
DA:1,4
DA:2,4
DA:3,4
DA:4,4
DA:6,4
DA:9,4
DA:13,4
DA:20,34
DA:21,136
DA:22,34
DA:23,34
DA:24,34
DA:26,34
LF:13
LH:13
BRDA:20,0,0,34
BRDA:20,0,1,0
BRF:2
BRH:1
end_of_record
TN:
SF:src\components\dashboard\tree\Inputs\DashboardSelect.tsx
FN:9,(anonymous_3)
FN:21,(anonymous_4)
FN:25,(anonymous_5)
FN:39,(anonymous_6)
FN:40,(anonymous_7)
FNF:5
FNH:4
FNDA:132,(anonymous_3)
FNDA:1504,(anonymous_4)
FNDA:0,(anonymous_5)
FNDA:269,(anonymous_6)
FNDA:229,(anonymous_7)
DA:1,4
DA:2,4
DA:3,4
DA:4,4
DA:6,4
DA:9,4
DA:16,132
DA:17,528
DA:18,132
DA:20,132
DA:21,1504
DA:23,132
DA:25,0
DA:29,132
DA:31,132
DA:39,269
DA:40,229
LF:17
LH:16
BRDA:16,0,0,132
BRDA:16,0,1,0
BRDA:24,1,0,0
BRDA:24,1,1,132
BRDA:37,2,0,109
BRDA:37,2,1,23
BRDA:37,3,0,132
BRDA:37,3,1,112
BRF:8
BRH:6
end_of_record
TN:
SF:src\components\dashboard\tree\Inputs\TreeSearch.tsx
FN:10,(anonymous_10)
FN:18,(anonymous_11)
FN:27,(anonymous_12)
FN:33,(anonymous_13)
FN:42,(anonymous_14)
FNF:5
FNH:5
FNDA:23,(anonymous_10)
FNDA:110,(anonymous_11)
FNDA:110,(anonymous_12)
FNDA:34,(anonymous_13)
FNDA:2,(anonymous_14)
DA:1,4
DA:2,4
DA:5,4
DA:6,4
DA:7,4
DA:8,4
DA:10,23
DA:18,4
DA:19,110
DA:20,2
DA:21,2
DA:22,0
DA:25,4
DA:27,110
DA:28,110
DA:29,110
DA:30,110
DA:31,110
DA:33,110
DA:36,34
DA:38,34
DA:39,34
DA:42,34
DA:43,2
DA:44,2
DA:49,110
LF:26
LH:25
BRDA:19,0,0,108
BRDA:19,0,1,2
BRDA:20,1,0,0
BRDA:20,1,1,2
BRDA:21,2,0,2
BRDA:21,2,1,0
BRDA:21,3,0,2
BRDA:21,3,1,2
BRDA:36,4,0,32
BRDA:36,4,1,2
BRDA:43,5,0,2
BRDA:43,5,1,0
BRDA:67,6,0,72
BRDA:67,6,1,38
BRF:14
BRH:11
end_of_record
TN:
SF:src\components\home\HomeForm.tsx
FN:19,(anonymous_1)
FN:47,(anonymous_2)
FN:51,(anonymous_3)
FN:56,(anonymous_4)
FN:56,(anonymous_5)
FN:74,(anonymous_6)
FN:90,(anonymous_7)
FN:113,(anonymous_8)
FN:121,(anonymous_9)
FN:134,(anonymous_10)
FN:159,(anonymous_11)
FN:167,(anonymous_12)
FNF:12
FNH:12
FNDA:6,(anonymous_1)
FNDA:78,(anonymous_2)
FNDA:6,(anonymous_3)
FNDA:156,(anonymous_4)
FNDA:4,(anonymous_5)
FNDA:78,(anonymous_6)
FNDA:78,(anonymous_7)
FNDA:49,(anonymous_8)
FNDA:1,(anonymous_9)
FNDA:78,(anonymous_10)
FNDA:2,(anonymous_11)
FNDA:1,(anonymous_12)
DA:1,2
DA:2,2
DA:3,2
DA:4,2
DA:5,2
DA:6,2
DA:7,2
DA:8,2
DA:9,2
DA:10,2
DA:11,2
DA:12,2
DA:13,2
DA:14,2
DA:17,2
DA:19,6
DA:41,2
DA:47,2
DA:48,78
DA:51,2
DA:52,6
DA:53,6
DA:54,6
DA:56,156
DA:59,4
DA:61,4
DA:62,4
DA:63,4
DA:64,4
DA:68,6
DA:74,78
DA:90,78
DA:113,49
DA:121,1
DA:134,78
DA:159,2
DA:167,1
LF:37
LH:37
BRDA:48,0,0,78
BRDA:48,0,1,49
BRDA:61,1,0,4
BRDA:61,1,1,4
BRDA:61,1,2,0
BRDA:62,2,0,4
BRDA:62,2,1,0
BRF:7
BRH:5
end_of_record
TN:
SF:src\components\home\index.tsx
FN:3,(anonymous_0)
FNF:1
FNH:1
FNDA:2,(anonymous_0)
DA:1,1
DA:3,3
LF:2
LH:2
BRF:0
BRH:0
end_of_record
TN:
SF:src\i18n\i18n.ts
FNF:0
FNH:0
DA:1,11
DA:2,11
DA:4,11
DA:6,11
DA:18,11
LF:5
LH:5
BRF:0
BRH:0
end_of_record
TN:
SF:src\i18n\resources\index.ts
FNF:0
FNH:0
DA:1,11
DA:2,11
DA:4,11
DA:9,11
DA:10,11
LF:5
LH:5
BRF:0
BRH:0
end_of_record
TN:
SF:src\i18n\resources\en\index.ts
FNF:0
FNH:0
DA:1,11
DA:3,11
LF:2
LH:2
BRF:0
BRH:0
end_of_record
TN:
SF:src\i18n\resources\en\components\index.ts
FNF:0
FNH:0
DA:1,11
DA:2,11
DA:3,11
DA:5,11
LF:4
LH:4
BRF:0
BRH:0
end_of_record
TN:
SF:src\i18n\resources\en\components\dashboard\dashboardMenu.ts
FNF:0
FNH:0
DA:1,11
LF:1
LH:1
BRF:0
BRH:0
end_of_record
TN:
SF:src\i18n\resources\en\components\dashboard\dashboardNavigation.ts
FNF:0
FNH:0
DA:1,11
LF:1
LH:1
BRF:0
BRH:0
end_of_record
TN:
SF:src\i18n\resources\en\components\dashboard\dashboardSelect.ts
FNF:0
FNH:0
DA:1,11
LF:1
LH:1
BRF:0
BRH:0
end_of_record
TN:
SF:src\i18n\resources\en\components\dashboard\dashboardTable.ts
FNF:0
FNH:0
DA:1,11
LF:1
LH:1
BRF:0
BRH:0
end_of_record
TN:
SF:src\i18n\resources\en\components\dashboard\dashboardTree.ts
FNF:0
FNH:0
DA:1,11
LF:1
LH:1
BRF:0
BRH:0
end_of_record
TN:
SF:src\i18n\resources\en\components\dashboard\index.ts
FNF:0
FNH:0
DA:1,11
DA:2,11
DA:3,11
DA:4,11
DA:5,11
DA:7,11
LF:6
LH:6
BRF:0
BRH:0
end_of_record
TN:
SF:src\i18n\resources\en\components\home\homeForm.ts
FNF:0
FNH:0
DA:1,11
LF:1
LH:1
BRF:0
BRH:0
end_of_record
TN:
SF:src\i18n\resources\en\components\home\index.ts
FNF:0
FNH:0
DA:1,11
DA:3,11
LF:2
LH:2
BRF:0
BRH:0
end_of_record
TN:
SF:src\i18n\resources\en\components\notification\dashboard.ts
FNF:0
FNH:0
DA:1,11
LF:1
LH:1
BRF:0
BRH:0
end_of_record
TN:
SF:src\i18n\resources\en\components\notification\index.ts
FNF:0
FNH:0
DA:1,11
DA:3,11
LF:2
LH:2
BRF:0
BRH:0
end_of_record
TN:
SF:src\i18n\resources\pl\index.ts
FNF:0
FNH:0
DA:1,11
DA:3,11
LF:2
LH:2
BRF:0
BRH:0
end_of_record
TN:
SF:src\i18n\resources\pl\components\index.ts
FNF:0
FNH:0
DA:1,11
DA:2,11
DA:3,11
DA:5,11
LF:4
LH:4
BRF:0
BRH:0
end_of_record
TN:
SF:src\i18n\resources\pl\components\dashboard\dashboardMenu.ts
FNF:0
FNH:0
DA:1,11
LF:1
LH:1
BRF:0
BRH:0
end_of_record
TN:
SF:src\i18n\resources\pl\components\dashboard\dashboardNavigation.ts
FNF:0
FNH:0
DA:1,11
LF:1
LH:1
BRF:0
BRH:0
end_of_record
TN:
SF:src\i18n\resources\pl\components\dashboard\dashboardSelect.ts
FNF:0
FNH:0
DA:1,11
LF:1
LH:1
BRF:0
BRH:0
end_of_record
TN:
SF:src\i18n\resources\pl\components\dashboard\dashboardTable.ts
FNF:0
FNH:0
DA:1,11
LF:1
LH:1
BRF:0
BRH:0
end_of_record
TN:
SF:src\i18n\resources\pl\components\dashboard\dashboardTree.ts
FNF:0
FNH:0
DA:1,11
LF:1
LH:1
BRF:0
BRH:0
end_of_record
TN:
SF:src\i18n\resources\pl\components\dashboard\index.ts
FNF:0
FNH:0
DA:1,11
DA:2,11
DA:3,11
DA:4,11
DA:5,11
DA:7,11
LF:6
LH:6
BRF:0
BRH:0
end_of_record
TN:
SF:src\i18n\resources\pl\components\home\homeForm.ts
FNF:0
FNH:0
DA:1,11
LF:1
LH:1
BRF:0
BRH:0
end_of_record
TN:
SF:src\i18n\resources\pl\components\home\index.ts
FNF:0
FNH:0
DA:1,11
DA:3,11
LF:2
LH:2
BRF:0
BRH:0
end_of_record
TN:
SF:src\i18n\resources\pl\components\notification\dashboard.ts
FNF:0
FNH:0
DA:1,11
LF:1
LH:1
BRF:0
BRH:0
end_of_record
TN:
SF:src\i18n\resources\pl\components\notification\index.ts
FNF:0
FNH:0
DA:1,11
DA:3,11
LF:2
LH:2
BRF:0
BRH:0
end_of_record
TN:
SF:src\pages\Home.tsx
FN:19,(anonymous_1)
FN:26,(anonymous_2)
FN:31,(anonymous_3)
FN:36,(anonymous_4)
FN:39,(anonymous_5)
FN:40,(anonymous_6)
FNF:6
FNH:6
FNDA:2,(anonymous_1)
FNDA:2,(anonymous_2)
FNDA:1,(anonymous_3)
FNDA:1,(anonymous_4)
FNDA:1,(anonymous_5)
FNDA:1,(anonymous_6)
DA:1,1
DA:2,1
DA:3,1
DA:5,1
DA:10,1
DA:11,1
DA:19,2
DA:26,1
DA:27,2
DA:28,2
DA:29,2
DA:31,2
DA:35,1
DA:37,1
DA:39,1
DA:40,1
DA:41,1
DA:42,1
DA:43,1
DA:47,2
DA:54,1
LF:21
LH:21
BRF:0
BRH:0
end_of_record
TN:
SF:src\services\index.ts
FNF:0
FNH:0
DA:1,5
DA:2,5
LF:2
LH:2
BRF:0
BRH:0
end_of_record
TN:
SF:src\services\electron\dashboard.ts
FN:8,(anonymous_1)
FN:16,(anonymous_2)
FN:17,(anonymous_3)
FN:29,(anonymous_4)
FN:30,(anonymous_5)
FN:41,(anonymous_6)
FN:44,(anonymous_7)
FN:47,(anonymous_8)
FN:52,(anonymous_9)
FN:55,(anonymous_10)
FN:59,(anonymous_11)
FN:68,(anonymous_12)
FN:72,(anonymous_13)
FN:76,(anonymous_14)
FN:80,(anonymous_15)
FNF:15
FNH:3
FNDA:1,(anonymous_1)
FNDA:1,(anonymous_2)
FNDA:1,(anonymous_3)
FNDA:0,(anonymous_4)
FNDA:0,(anonymous_5)
FNDA:0,(anonymous_6)
FNDA:0,(anonymous_7)
FNDA:0,(anonymous_8)
FNDA:0,(anonymous_9)
FNDA:0,(anonymous_10)
FNDA:0,(anonymous_11)
FNDA:0,(anonymous_12)
FNDA:0,(anonymous_13)
FNDA:0,(anonymous_14)
FNDA:0,(anonymous_15)
DA:1,5
DA:2,5
DA:3,5
DA:4,5
DA:8,5
DA:9,1
DA:16,5
DA:17,1
DA:18,1
DA:19,1
DA:20,1
DA:21,1
DA:23,0
DA:24,0
DA:29,5
DA:30,0
DA:31,0
DA:32,0
DA:33,0
DA:35,0
DA:36,0
DA:41,5
DA:42,0
DA:44,0
DA:47,5
DA:48,0
DA:52,0
DA:55,5
DA:56,0
DA:59,5
DA:60,0
DA:61,0
DA:62,0
DA:64,0
DA:68,0
DA:69,0
DA:72,0
DA:73,0
DA:76,0
DA:77,0
DA:80,0
DA:81,0
DA:82,0
LF:43
LH:17
BRDA:61,0,0,0
BRDA:61,0,1,0
BRF:2
BRH:0
end_of_record
TN:
SF:src\services\electron\index.ts
FNF:0
FNH:0
DA:1,4
DA:2,4
LF:2
LH:2
BRF:0
BRH:0
end_of_record
TN:
SF:src\services\electron\initial.ts
FN:3,(anonymous_0)
FN:10,(anonymous_1)
FN:14,(anonymous_2)
FNF:3
FNH:0
FNDA:0,(anonymous_0)
FNDA:0,(anonymous_1)
FNDA:0,(anonymous_2)
DA:1,4
DA:3,4
DA:4,0
DA:10,0
DA:11,0
DA:14,0
DA:15,0
DA:18,0
LF:8
LH:2
BRF:0
BRH:0
end_of_record
TN:
SF:src\services\errorHandling\index.ts
FNF:0
FNH:0
DA:1,5
LF:1
LH:1
BRF:0
BRH:0
end_of_record
TN:
SF:src\services\errorHandling\request.ts
FN:3,(anonymous_0)
FN:7,(anonymous_1)
FN:10,(anonymous_2)
FN:11,(anonymous_3)
FN:16,(anonymous_4)
FN:18,(anonymous_5)
FNF:6
FNH:6
FNDA:1,(anonymous_0)
FNDA:3,(anonymous_1)
FNDA:5,(anonymous_2)
FNDA:5,(anonymous_3)
FNDA:5,(anonymous_4)
FNDA:12,(anonymous_5)
DA:3,6
DA:4,1
DA:7,6
DA:8,3
DA:10,3
DA:11,5
DA:12,5
DA:16,6
DA:17,5
DA:18,5
DA:19,12
LF:11
LH:11
BRF:0
BRH:0
end_of_record
TN:
SF:tests\handlers.ts
FN:9,(anonymous_0)
FN:12,(anonymous_1)
FN:15,(anonymous_2)
FN:18,(anonymous_3)
FN:21,(anonymous_4)
FN:24,(anonymous_5)
FNF:6
FNH:6
FNDA:1,(anonymous_0)
FNDA:1,(anonymous_1)
FNDA:2,(anonymous_2)
FNDA:2,(anonymous_3)
FNDA:1,(anonymous_4)
FNDA:1,(anonymous_5)
DA:1,11
DA:2,11
DA:8,11
DA:10,1
DA:13,1
DA:16,2
DA:19,2
DA:22,1
DA:25,1
LF:9
LH:9
BRF:0
BRH:0
end_of_record
TN:
SF:tests\server.ts
FNF:0
FNH:0
DA:1,11
DA:2,11
DA:4,11
LF:3
LH:3
BRF:0
BRH:0
end_of_record
TN:
SF:tests\responses\index.ts
FNF:0
FNH:0
DA:1,11
DA:2,11
DA:3,11
LF:3
LH:3
BRF:0
BRH:0
end_of_record
TN:
SF:tests\responses\Errors\acceptParameter.ts
FNF:0
FNH:0
DA:3,11
DA:17,11
LF:2
LH:2
BRF:0
BRH:0
end_of_record
TN:
SF:tests\responses\Errors\index.ts
FNF:0
FNH:0
DA:1,11
LF:1
LH:1
BRF:0
BRH:0
end_of_record
TN:
SF:tests\responses\Export\generateAndExport.ts
FNF:0
FNH:0
DA:1,11
LF:1
LH:1
BRF:0
BRH:0
end_of_record
TN:
SF:tests\responses\Export\index.ts
FNF:0
FNH:0
DA:1,11
LF:1
LH:1
BRF:0
BRH:0
end_of_record
TN:
SF:tests\responses\Home\homeFormSubmit.ts
FN:3290,(anonymous_2)
FNF:1
FNH:1
FNDA:1100,(anonymous_2)
DA:6,11
DA:1647,11
DA:2286,11
DA:3289,11
DA:3290,1100
LF:5
LH:5
BRF:0
BRH:0
end_of_record
TN:
SF:tests\responses\Home\index.ts
FN:2,(anonymous_0)
FN:3,(anonymous_1)
FN:4,(anonymous_2)
FN:5,(anonymous_3)
FNF:4
FNH:4
FNDA:1,(anonymous_0)
FNDA:2,(anonymous_1)
FNDA:1,(anonymous_2)
FNDA:27,(anonymous_3)
DA:1,11
DA:2,12
DA:3,13
DA:4,12
DA:5,38
LF:5
LH:5
BRF:0
BRH:0
end_of_record
